[0.010s] Invoking command in '/home/rohit/slam2/build/hello': CMAKE_PREFIX_PATH=${CMAKE_PREFIX_PATH}:/home/rohit/install/py_pubsub:/home/rohit/install/package1:/home/rohit/install/pack1:/home/rohit/install/my_package:/home/rohit/install/launch_testing_examples:/home/rohit/install/examples_rclpy_pointcloud_publisher:/home/rohit/install/examples_rclpy_minimal_subscriber:/home/rohit/install/examples_rclpy_minimal_service:/home/rohit/install/examples_rclpy_minimal_publisher:/home/rohit/install/examples_rclpy_minimal_client:/home/rohit/install/examples_rclpy_minimal_action_server:/home/rohit/install/examples_rclpy_minimal_action_client:/home/rohit/install/examples_rclpy_guard_conditions:/home/rohit/install/examples_rclpy_executors:/home/rohit/install/eufs_launcher:/home/rohit/install/eufs_tracks:/home/rohit/install/eufs_rqt:/home/rohit/install/eufs_racecar:/home/rohit/module2.1/install/service_package:/home/rohit/module2.1/install/my_client_pkg:/home/rohit/2dof/install/pos:/home/rohit/assigndirectory/install/pack1:/home/rohit/mynode/install/package1:/opt/ros/humble /usr/bin/cmake --build /home/rohit/slam2/build/hello -- -j20 -l20
[0.057s] [35m[1mConsolidate compiler generated dependencies of target node1[0m
[0.058s] [35m[1mConsolidate compiler generated dependencies of target node[0m
[0.068s] [ 25%] Built target v
[0.069s] [ 50%] Built target node2
[0.070s] [ 75%] Built target node1
[0.074s] [ 87%] [32mBuilding CXX object CMakeFiles/node.dir/src/node.cpp.o[0m
[5.638s] [100%] [32m[1mLinking CXX executable node[0m
[5.943s] [100%] Built target node
[5.954s] Invoked command in '/home/rohit/slam2/build/hello' returned '0': CMAKE_PREFIX_PATH=${CMAKE_PREFIX_PATH}:/home/rohit/install/py_pubsub:/home/rohit/install/package1:/home/rohit/install/pack1:/home/rohit/install/my_package:/home/rohit/install/launch_testing_examples:/home/rohit/install/examples_rclpy_pointcloud_publisher:/home/rohit/install/examples_rclpy_minimal_subscriber:/home/rohit/install/examples_rclpy_minimal_service:/home/rohit/install/examples_rclpy_minimal_publisher:/home/rohit/install/examples_rclpy_minimal_client:/home/rohit/install/examples_rclpy_minimal_action_server:/home/rohit/install/examples_rclpy_minimal_action_client:/home/rohit/install/examples_rclpy_guard_conditions:/home/rohit/install/examples_rclpy_executors:/home/rohit/install/eufs_launcher:/home/rohit/install/eufs_tracks:/home/rohit/install/eufs_rqt:/home/rohit/install/eufs_racecar:/home/rohit/module2.1/install/service_package:/home/rohit/module2.1/install/my_client_pkg:/home/rohit/2dof/install/pos:/home/rohit/assigndirectory/install/pack1:/home/rohit/mynode/install/package1:/opt/ros/humble /usr/bin/cmake --build /home/rohit/slam2/build/hello -- -j20 -l20
[5.963s] Invoking command in '/home/rohit/slam2/build/hello': CMAKE_PREFIX_PATH=${CMAKE_PREFIX_PATH}:/home/rohit/install/py_pubsub:/home/rohit/install/package1:/home/rohit/install/pack1:/home/rohit/install/my_package:/home/rohit/install/launch_testing_examples:/home/rohit/install/examples_rclpy_pointcloud_publisher:/home/rohit/install/examples_rclpy_minimal_subscriber:/home/rohit/install/examples_rclpy_minimal_service:/home/rohit/install/examples_rclpy_minimal_publisher:/home/rohit/install/examples_rclpy_minimal_client:/home/rohit/install/examples_rclpy_minimal_action_server:/home/rohit/install/examples_rclpy_minimal_action_client:/home/rohit/install/examples_rclpy_guard_conditions:/home/rohit/install/examples_rclpy_executors:/home/rohit/install/eufs_launcher:/home/rohit/install/eufs_tracks:/home/rohit/install/eufs_rqt:/home/rohit/install/eufs_racecar:/home/rohit/module2.1/install/service_package:/home/rohit/module2.1/install/my_client_pkg:/home/rohit/2dof/install/pos:/home/rohit/assigndirectory/install/pack1:/home/rohit/mynode/install/package1:/opt/ros/humble /usr/bin/cmake --install /home/rohit/slam2/build/hello
[5.974s] -- Install configuration: ""
[5.974s] -- Up-to-date: /home/rohit/slam2/install/hello/lib/hello/node1
[5.974s] -- Up-to-date: /home/rohit/slam2/install/hello/lib/hello/node2
[5.974s] -- Up-to-date: /home/rohit/slam2/install/hello/lib/hello/v
[5.975s] -- Installing: /home/rohit/slam2/install/hello/lib/hello/node
[5.977s] -- Set runtime path of "/home/rohit/slam2/install/hello/lib/hello/node" to ""
[5.977s] -- Up-to-date: /home/rohit/slam2/install/hello/share/ament_index/resource_index/package_run_dependencies/hello
[5.977s] -- Up-to-date: /home/rohit/slam2/install/hello/share/ament_index/resource_index/parent_prefix_path/hello
[5.977s] -- Up-to-date: /home/rohit/slam2/install/hello/share/hello/environment/ament_prefix_path.sh
[5.977s] -- Up-to-date: /home/rohit/slam2/install/hello/share/hello/environment/ament_prefix_path.dsv
[5.977s] -- Up-to-date: /home/rohit/slam2/install/hello/share/hello/environment/path.sh
[5.978s] -- Up-to-date: /home/rohit/slam2/install/hello/share/hello/environment/path.dsv
[5.978s] -- Up-to-date: /home/rohit/slam2/install/hello/share/hello/local_setup.bash
[5.978s] -- Up-to-date: /home/rohit/slam2/install/hello/share/hello/local_setup.sh
[5.978s] -- Up-to-date: /home/rohit/slam2/install/hello/share/hello/local_setup.zsh
[5.978s] -- Up-to-date: /home/rohit/slam2/install/hello/share/hello/local_setup.dsv
[5.978s] -- Installing: /home/rohit/slam2/install/hello/share/hello/package.dsv
[5.978s] -- Up-to-date: /home/rohit/slam2/install/hello/share/ament_index/resource_index/packages/hello
[5.978s] -- Up-to-date: /home/rohit/slam2/install/hello/share/hello/cmake/helloConfig.cmake
[5.978s] -- Up-to-date: /home/rohit/slam2/install/hello/share/hello/cmake/helloConfig-version.cmake
[5.978s] -- Up-to-date: /home/rohit/slam2/install/hello/share/hello/package.xml
[5.979s] Invoked command in '/home/rohit/slam2/build/hello' returned '0': CMAKE_PREFIX_PATH=${CMAKE_PREFIX_PATH}:/home/rohit/install/py_pubsub:/home/rohit/install/package1:/home/rohit/install/pack1:/home/rohit/install/my_package:/home/rohit/install/launch_testing_examples:/home/rohit/install/examples_rclpy_pointcloud_publisher:/home/rohit/install/examples_rclpy_minimal_subscriber:/home/rohit/install/examples_rclpy_minimal_service:/home/rohit/install/examples_rclpy_minimal_publisher:/home/rohit/install/examples_rclpy_minimal_client:/home/rohit/install/examples_rclpy_minimal_action_server:/home/rohit/install/examples_rclpy_minimal_action_client:/home/rohit/install/examples_rclpy_guard_conditions:/home/rohit/install/examples_rclpy_executors:/home/rohit/install/eufs_launcher:/home/rohit/install/eufs_tracks:/home/rohit/install/eufs_rqt:/home/rohit/install/eufs_racecar:/home/rohit/module2.1/install/service_package:/home/rohit/module2.1/install/my_client_pkg:/home/rohit/2dof/install/pos:/home/rohit/assigndirectory/install/pack1:/home/rohit/mynode/install/package1:/opt/ros/humble /usr/bin/cmake --install /home/rohit/slam2/build/hello
