[0.020s] Invoking command in '/home/rohit/slam2/build/hello': CMAKE_PREFIX_PATH=${CMAKE_PREFIX_PATH}:/home/rohit/iitb-racecar/install/racecar:/home/rohit/iitb-racecar/install/point_mass_pkg:/home/rohit/iitb-racecar/install/odom_cmd_pkg:/home/rohit/iitb-racecar/install/dynamic_bicycle_pkg:/home/rohit/install/py_pubsub:/home/rohit/install/package1:/home/rohit/install/pack1:/home/rohit/install/my_package:/home/rohit/install/launch_testing_examples:/home/rohit/install/examples_rclpy_pointcloud_publisher:/home/rohit/install/examples_rclpy_minimal_subscriber:/home/rohit/install/examples_rclpy_minimal_service:/home/rohit/install/examples_rclpy_minimal_publisher:/home/rohit/install/examples_rclpy_minimal_client:/home/rohit/install/examples_rclpy_minimal_action_server:/home/rohit/install/examples_rclpy_minimal_action_client:/home/rohit/install/examples_rclpy_guard_conditions:/home/rohit/install/examples_rclpy_executors:/home/rohit/install/eufs_launcher:/home/rohit/install/eufs_tracks:/home/rohit/install/eufs_rqt:/home/rohit/install/eufs_racecar:/home/rohit/ros2_ws/install/launch_testing_examples:/home/rohit/ros2_ws/install/examples_rclpy_pointcloud_publisher:/home/rohit/ros2_ws/install/examples_rclpy_minimal_subscriber:/home/rohit/ros2_ws/install/examples_rclpy_minimal_service:/home/rohit/ros2_ws/install/examples_rclpy_minimal_publisher:/home/rohit/ros2_ws/install/examples_rclpy_minimal_client:/home/rohit/ros2_ws/install/examples_rclpy_minimal_action_server:/home/rohit/ros2_ws/install/examples_rclpy_minimal_action_client:/home/rohit/ros2_ws/install/examples_rclpy_guard_conditions:/home/rohit/ros2_ws/install/examples_rclpy_executors:/home/rohit/module2.1/install/service_package:/home/rohit/module2.1/install/my_client_pkg:/home/rohit/2dof/install/pos:/home/rohit/assigndirectory/install/pack1:/home/rohit/mynode/install/package1:/opt/ros/humble /usr/bin/cmake --build /home/rohit/slam2/build/hello -- -j20 -l20
[0.056s] -- Found ament_cmake: 1.3.11 (/opt/ros/humble/share/ament_cmake/cmake)
[0.257s] -- Override CMake install command with custom implementation using symlinks instead of copying resources
[0.264s] -- Found rclcpp: 16.0.11 (/opt/ros/humble/share/rclcpp/cmake)
[0.297s] -- Found rosidl_generator_c: 3.1.6 (/opt/ros/humble/share/rosidl_generator_c/cmake)
[0.300s] -- Found rosidl_adapter: 3.1.6 (/opt/ros/humble/share/rosidl_adapter/cmake)
[0.306s] -- Found rosidl_generator_cpp: 3.1.6 (/opt/ros/humble/share/rosidl_generator_cpp/cmake)
[0.319s] -- Using all available rosidl_typesupport_c: rosidl_typesupport_fastrtps_c;rosidl_typesupport_introspection_c
[0.335s] -- Using all available rosidl_typesupport_cpp: rosidl_typesupport_fastrtps_cpp;rosidl_typesupport_introspection_cpp
[0.373s] -- Found rmw_implementation_cmake: 6.1.2 (/opt/ros/humble/share/rmw_implementation_cmake/cmake)
[0.378s] -- Found rmw_fastrtps_cpp: 6.2.7 (/opt/ros/humble/share/rmw_fastrtps_cpp/cmake)
[0.516s] -- Using RMW implementation 'rmw_fastrtps_cpp' as default
[0.569s] -- Found visualization_msgs: 4.2.4 (/opt/ros/humble/share/visualization_msgs/cmake)
[0.620s] -- Found eufs_msgs: 2.0.0 (/home/rohit/install/eufs_msgs/share/eufs_msgs/cmake)
[0.663s] -- Found tf2: 0.25.12 (/opt/ros/humble/share/tf2/cmake)
[0.667s] -- Found tf2_geometry_msgs: 0.25.12 (/opt/ros/humble/share/tf2_geometry_msgs/cmake)
[0.670s] -- Found eigen3_cmake_module: 0.1.1 (/opt/ros/humble/share/eigen3_cmake_module/cmake)
[0.672s] -- Ensuring Eigen3 include directory is part of orocos-kdl CMake target
[0.800s] -- Found ament_lint_auto: 0.12.11 (/opt/ros/humble/share/ament_lint_auto/cmake)
[0.899s] -- Added test 'cppcheck' to perform static code analysis on C / C++ code
[0.899s] -- Configured cppcheck include dirs: 
[0.899s] -- Configured cppcheck exclude dirs and/or files: 
[0.900s] -- Added test 'lint_cmake' to check CMake code style
[0.900s] -- Added test 'uncrustify' to check C / C++ code style
[0.901s] -- Configured uncrustify additional arguments: 
[0.901s] -- Added test 'xmllint' to check XML markup files
[0.902s] -- Configuring done
[0.936s] -- Generating done
[0.951s] -- Build files have been written to: /home/rohit/slam2/build/hello
[0.992s] [35m[1mConsolidate compiler generated dependencies of target ground_truth[0m
[0.992s] [35m[1mConsolidate compiler generated dependencies of target node2[0m
[0.992s] [35m[1mConsolidate compiler generated dependencies of target v[0m
[0.992s] [35m[1mConsolidate compiler generated dependencies of target actual[0m
[0.992s] [35m[1mConsolidate compiler generated dependencies of target calculation[0m
[0.993s] [35m[1mConsolidate compiler generated dependencies of target node[0m
[0.993s] [35m[1mConsolidate compiler generated dependencies of target node1[0m
[1.018s] [ 14%] [32mBuilding CXX object CMakeFiles/ground_truth.dir/src/ground_truth.cpp.o[0m
[1.018s] [ 21%] Built target node2
[1.020s] [ 35%] Built target v
[1.022s] [ 50%] Built target calculation
[1.023s] [ 64%] Built target actual
[1.024s] [ 78%] Built target node1
[1.026s] [ 92%] Built target node
[10.048s] [100%] [32m[1mLinking CXX executable ground_truth[0m
[10.567s] [100%] Built target ground_truth
[10.584s] Invoked command in '/home/rohit/slam2/build/hello' returned '0': CMAKE_PREFIX_PATH=${CMAKE_PREFIX_PATH}:/home/rohit/iitb-racecar/install/racecar:/home/rohit/iitb-racecar/install/point_mass_pkg:/home/rohit/iitb-racecar/install/odom_cmd_pkg:/home/rohit/iitb-racecar/install/dynamic_bicycle_pkg:/home/rohit/install/py_pubsub:/home/rohit/install/package1:/home/rohit/install/pack1:/home/rohit/install/my_package:/home/rohit/install/launch_testing_examples:/home/rohit/install/examples_rclpy_pointcloud_publisher:/home/rohit/install/examples_rclpy_minimal_subscriber:/home/rohit/install/examples_rclpy_minimal_service:/home/rohit/install/examples_rclpy_minimal_publisher:/home/rohit/install/examples_rclpy_minimal_client:/home/rohit/install/examples_rclpy_minimal_action_server:/home/rohit/install/examples_rclpy_minimal_action_client:/home/rohit/install/examples_rclpy_guard_conditions:/home/rohit/install/examples_rclpy_executors:/home/rohit/install/eufs_launcher:/home/rohit/install/eufs_tracks:/home/rohit/install/eufs_rqt:/home/rohit/install/eufs_racecar:/home/rohit/ros2_ws/install/launch_testing_examples:/home/rohit/ros2_ws/install/examples_rclpy_pointcloud_publisher:/home/rohit/ros2_ws/install/examples_rclpy_minimal_subscriber:/home/rohit/ros2_ws/install/examples_rclpy_minimal_service:/home/rohit/ros2_ws/install/examples_rclpy_minimal_publisher:/home/rohit/ros2_ws/install/examples_rclpy_minimal_client:/home/rohit/ros2_ws/install/examples_rclpy_minimal_action_server:/home/rohit/ros2_ws/install/examples_rclpy_minimal_action_client:/home/rohit/ros2_ws/install/examples_rclpy_guard_conditions:/home/rohit/ros2_ws/install/examples_rclpy_executors:/home/rohit/module2.1/install/service_package:/home/rohit/module2.1/install/my_client_pkg:/home/rohit/2dof/install/pos:/home/rohit/assigndirectory/install/pack1:/home/rohit/mynode/install/package1:/opt/ros/humble /usr/bin/cmake --build /home/rohit/slam2/build/hello -- -j20 -l20
[10.598s] Invoking command in '/home/rohit/slam2/build/hello': CMAKE_PREFIX_PATH=${CMAKE_PREFIX_PATH}:/home/rohit/iitb-racecar/install/racecar:/home/rohit/iitb-racecar/install/point_mass_pkg:/home/rohit/iitb-racecar/install/odom_cmd_pkg:/home/rohit/iitb-racecar/install/dynamic_bicycle_pkg:/home/rohit/install/py_pubsub:/home/rohit/install/package1:/home/rohit/install/pack1:/home/rohit/install/my_package:/home/rohit/install/launch_testing_examples:/home/rohit/install/examples_rclpy_pointcloud_publisher:/home/rohit/install/examples_rclpy_minimal_subscriber:/home/rohit/install/examples_rclpy_minimal_service:/home/rohit/install/examples_rclpy_minimal_publisher:/home/rohit/install/examples_rclpy_minimal_client:/home/rohit/install/examples_rclpy_minimal_action_server:/home/rohit/install/examples_rclpy_minimal_action_client:/home/rohit/install/examples_rclpy_guard_conditions:/home/rohit/install/examples_rclpy_executors:/home/rohit/install/eufs_launcher:/home/rohit/install/eufs_tracks:/home/rohit/install/eufs_rqt:/home/rohit/install/eufs_racecar:/home/rohit/ros2_ws/install/launch_testing_examples:/home/rohit/ros2_ws/install/examples_rclpy_pointcloud_publisher:/home/rohit/ros2_ws/install/examples_rclpy_minimal_subscriber:/home/rohit/ros2_ws/install/examples_rclpy_minimal_service:/home/rohit/ros2_ws/install/examples_rclpy_minimal_publisher:/home/rohit/ros2_ws/install/examples_rclpy_minimal_client:/home/rohit/ros2_ws/install/examples_rclpy_minimal_action_server:/home/rohit/ros2_ws/install/examples_rclpy_minimal_action_client:/home/rohit/ros2_ws/install/examples_rclpy_guard_conditions:/home/rohit/ros2_ws/install/examples_rclpy_executors:/home/rohit/module2.1/install/service_package:/home/rohit/module2.1/install/my_client_pkg:/home/rohit/2dof/install/pos:/home/rohit/assigndirectory/install/pack1:/home/rohit/mynode/install/package1:/opt/ros/humble /usr/bin/cmake --install /home/rohit/slam2/build/hello
[10.608s] -- Install configuration: ""
[10.608s] -- Execute custom install script
[10.609s] -- Up-to-date symlink: /home/rohit/slam2/install/hello/lib/hello/node1
[10.609s] -- Up-to-date symlink: /home/rohit/slam2/install/hello/lib/hello/node2
[10.609s] -- Up-to-date symlink: /home/rohit/slam2/install/hello/lib/hello/calculation
[10.609s] -- Up-to-date symlink: /home/rohit/slam2/install/hello/lib/hello/ground_truth
[10.609s] -- Up-to-date symlink: /home/rohit/slam2/install/hello/lib/hello/v
[10.610s] -- Up-to-date symlink: /home/rohit/slam2/install/hello/lib/hello/actual
[10.610s] -- Up-to-date symlink: /home/rohit/slam2/install/hello/lib/hello/node
[10.610s] -- Up-to-date symlink: /home/rohit/slam2/install/hello/share/ament_index/resource_index/package_run_dependencies/hello
[10.610s] -- Up-to-date symlink: /home/rohit/slam2/install/hello/share/ament_index/resource_index/parent_prefix_path/hello
[10.610s] -- Up-to-date symlink: /home/rohit/slam2/install/hello/share/hello/environment/ament_prefix_path.sh
[10.610s] -- Up-to-date symlink: /home/rohit/slam2/install/hello/share/hello/environment/ament_prefix_path.dsv
[10.611s] -- Up-to-date symlink: /home/rohit/slam2/install/hello/share/hello/environment/path.sh
[10.611s] -- Up-to-date symlink: /home/rohit/slam2/install/hello/share/hello/environment/path.dsv
[10.611s] -- Up-to-date symlink: /home/rohit/slam2/install/hello/share/hello/local_setup.bash
[10.611s] -- Up-to-date symlink: /home/rohit/slam2/install/hello/share/hello/local_setup.sh
[10.611s] -- Up-to-date symlink: /home/rohit/slam2/install/hello/share/hello/local_setup.zsh
[10.611s] -- Up-to-date symlink: /home/rohit/slam2/install/hello/share/hello/local_setup.dsv
[10.611s] -- Symlinking: /home/rohit/slam2/install/hello/share/hello/package.dsv
[10.624s] -- Up-to-date symlink: /home/rohit/slam2/install/hello/share/ament_index/resource_index/packages/hello
[10.624s] -- Up-to-date symlink: /home/rohit/slam2/install/hello/share/hello/cmake/helloConfig.cmake
[10.624s] -- Up-to-date symlink: /home/rohit/slam2/install/hello/share/hello/cmake/helloConfig-version.cmake
[10.625s] -- Up-to-date symlink: /home/rohit/slam2/install/hello/share/hello/package.xml
[10.626s] Invoked command in '/home/rohit/slam2/build/hello' returned '0': CMAKE_PREFIX_PATH=${CMAKE_PREFIX_PATH}:/home/rohit/iitb-racecar/install/racecar:/home/rohit/iitb-racecar/install/point_mass_pkg:/home/rohit/iitb-racecar/install/odom_cmd_pkg:/home/rohit/iitb-racecar/install/dynamic_bicycle_pkg:/home/rohit/install/py_pubsub:/home/rohit/install/package1:/home/rohit/install/pack1:/home/rohit/install/my_package:/home/rohit/install/launch_testing_examples:/home/rohit/install/examples_rclpy_pointcloud_publisher:/home/rohit/install/examples_rclpy_minimal_subscriber:/home/rohit/install/examples_rclpy_minimal_service:/home/rohit/install/examples_rclpy_minimal_publisher:/home/rohit/install/examples_rclpy_minimal_client:/home/rohit/install/examples_rclpy_minimal_action_server:/home/rohit/install/examples_rclpy_minimal_action_client:/home/rohit/install/examples_rclpy_guard_conditions:/home/rohit/install/examples_rclpy_executors:/home/rohit/install/eufs_launcher:/home/rohit/install/eufs_tracks:/home/rohit/install/eufs_rqt:/home/rohit/install/eufs_racecar:/home/rohit/ros2_ws/install/launch_testing_examples:/home/rohit/ros2_ws/install/examples_rclpy_pointcloud_publisher:/home/rohit/ros2_ws/install/examples_rclpy_minimal_subscriber:/home/rohit/ros2_ws/install/examples_rclpy_minimal_service:/home/rohit/ros2_ws/install/examples_rclpy_minimal_publisher:/home/rohit/ros2_ws/install/examples_rclpy_minimal_client:/home/rohit/ros2_ws/install/examples_rclpy_minimal_action_server:/home/rohit/ros2_ws/install/examples_rclpy_minimal_action_client:/home/rohit/ros2_ws/install/examples_rclpy_guard_conditions:/home/rohit/ros2_ws/install/examples_rclpy_executors:/home/rohit/module2.1/install/service_package:/home/rohit/module2.1/install/my_client_pkg:/home/rohit/2dof/install/pos:/home/rohit/assigndirectory/install/pack1:/home/rohit/mynode/install/package1:/opt/ros/humble /usr/bin/cmake --install /home/rohit/slam2/build/hello
