[0.009s] Invoking command in '/home/rohit/slam2/build/hello': CMAKE_PREFIX_PATH=${CMAKE_PREFIX_PATH}:/home/rohit/module2.1/install/service_package:/home/rohit/module2.1/install/my_client_pkg:/home/rohit/2dof/install/pos:/home/rohit/assigndirectory/install/pack1:/home/rohit/mynode/install/package1:/opt/ros/humble /usr/bin/cmake --build /home/rohit/slam2/build/hello -- -j20 -l20
[0.034s] -- Found ament_cmake: 1.3.11 (/opt/ros/humble/share/ament_cmake/cmake)
[0.133s] -- Found rclcpp: 16.0.11 (/opt/ros/humble/share/rclcpp/cmake)
[0.152s] -- Found rosidl_generator_c: 3.1.6 (/opt/ros/humble/share/rosidl_generator_c/cmake)
[0.153s] -- Found rosidl_adapter: 3.1.6 (/opt/ros/humble/share/rosidl_adapter/cmake)
[0.157s] -- Found rosidl_generator_cpp: 3.1.6 (/opt/ros/humble/share/rosidl_generator_cpp/cmake)
[0.163s] -- Using all available rosidl_typesupport_c: rosidl_typesupport_fastrtps_c;rosidl_typesupport_introspection_c
[0.171s] -- Using all available rosidl_typesupport_cpp: rosidl_typesupport_fastrtps_cpp;rosidl_typesupport_introspection_cpp
[0.191s] -- Found rmw_implementation_cmake: 6.1.2 (/opt/ros/humble/share/rmw_implementation_cmake/cmake)
[0.192s] -- Found rmw_fastrtps_cpp: 6.2.7 (/opt/ros/humble/share/rmw_fastrtps_cpp/cmake)
[0.279s] -- Using RMW implementation 'rmw_fastrtps_cpp' as default
[0.320s] -- Found visualization_msgs: 4.2.4 (/opt/ros/humble/share/visualization_msgs/cmake)
[0.351s] -- Found eufs_msgs: 2.0.0 (/home/rohit/install/eufs_msgs/share/eufs_msgs/cmake)
[0.378s] -- Found ament_lint_auto: 0.12.11 (/opt/ros/humble/share/ament_lint_auto/cmake)
[0.435s] -- Added test 'cppcheck' to perform static code analysis on C / C++ code
[0.435s] -- Configured cppcheck include dirs: 
[0.435s] -- Configured cppcheck exclude dirs and/or files: 
[0.436s] -- Added test 'lint_cmake' to check CMake code style
[0.436s] -- Added test 'uncrustify' to check C / C++ code style
[0.436s] -- Configured uncrustify additional arguments: 
[0.436s] -- Added test 'xmllint' to check XML markup files
[0.437s] -- Configuring done
[0.447s] -- Generating done
[0.451s] -- Build files have been written to: /home/rohit/slam2/build/hello
[0.473s] [35m[1mConsolidate compiler generated dependencies of target node2[0m
[0.473s] [35m[1mConsolidate compiler generated dependencies of target node[0m
[0.473s] [35m[1mConsolidate compiler generated dependencies of target node1[0m
[0.488s] [ 83%] [32mBuilding CXX object CMakeFiles/node2.dir/src/node2.cpp.o[0m
[0.488s] [ 83%] Built target node1
[0.488s] [ 83%] Built target node
[5.679s] [100%] [32m[1mLinking CXX executable node2[0m
[5.939s] [100%] Built target node2
[5.951s] Invoked command in '/home/rohit/slam2/build/hello' returned '0': CMAKE_PREFIX_PATH=${CMAKE_PREFIX_PATH}:/home/rohit/module2.1/install/service_package:/home/rohit/module2.1/install/my_client_pkg:/home/rohit/2dof/install/pos:/home/rohit/assigndirectory/install/pack1:/home/rohit/mynode/install/package1:/opt/ros/humble /usr/bin/cmake --build /home/rohit/slam2/build/hello -- -j20 -l20
[5.958s] Invoking command in '/home/rohit/slam2/build/hello': CMAKE_PREFIX_PATH=${CMAKE_PREFIX_PATH}:/home/rohit/module2.1/install/service_package:/home/rohit/module2.1/install/my_client_pkg:/home/rohit/2dof/install/pos:/home/rohit/assigndirectory/install/pack1:/home/rohit/mynode/install/package1:/opt/ros/humble /usr/bin/cmake --install /home/rohit/slam2/build/hello
[5.965s] -- Install configuration: ""
[5.966s] -- Up-to-date: /home/rohit/slam2/install/hello/lib/hello/node1
[5.966s] -- Installing: /home/rohit/slam2/install/hello/lib/hello/node2
[5.970s] -- Set runtime path of "/home/rohit/slam2/install/hello/lib/hello/node2" to ""
[5.970s] -- Up-to-date: /home/rohit/slam2/install/hello/lib/hello/node
[5.970s] -- Installing: /home/rohit/slam2/install/hello/share/ament_index/resource_index/package_run_dependencies/hello
[5.970s] -- Up-to-date: /home/rohit/slam2/install/hello/share/ament_index/resource_index/parent_prefix_path/hello
[5.970s] -- Up-to-date: /home/rohit/slam2/install/hello/share/hello/environment/ament_prefix_path.sh
[5.970s] -- Installing: /home/rohit/slam2/install/hello/share/hello/environment/ament_prefix_path.dsv
[5.970s] -- Up-to-date: /home/rohit/slam2/install/hello/share/hello/environment/path.sh
[5.971s] -- Installing: /home/rohit/slam2/install/hello/share/hello/environment/path.dsv
[5.971s] -- Up-to-date: /home/rohit/slam2/install/hello/share/hello/local_setup.bash
[5.971s] -- Up-to-date: /home/rohit/slam2/install/hello/share/hello/local_setup.sh
[5.971s] -- Up-to-date: /home/rohit/slam2/install/hello/share/hello/local_setup.zsh
[5.971s] -- Installing: /home/rohit/slam2/install/hello/share/hello/local_setup.dsv
[5.971s] -- Installing: /home/rohit/slam2/install/hello/share/hello/package.dsv
[5.971s] -- Up-to-date: /home/rohit/slam2/install/hello/share/ament_index/resource_index/packages/hello
[5.971s] -- Up-to-date: /home/rohit/slam2/install/hello/share/hello/cmake/helloConfig.cmake
[5.971s] -- Up-to-date: /home/rohit/slam2/install/hello/share/hello/cmake/helloConfig-version.cmake
[5.971s] -- Installing: /home/rohit/slam2/install/hello/share/hello/package.xml
[5.973s] Invoked command in '/home/rohit/slam2/build/hello' returned '0': CMAKE_PREFIX_PATH=${CMAKE_PREFIX_PATH}:/home/rohit/module2.1/install/service_package:/home/rohit/module2.1/install/my_client_pkg:/home/rohit/2dof/install/pos:/home/rohit/assigndirectory/install/pack1:/home/rohit/mynode/install/package1:/opt/ros/humble /usr/bin/cmake --install /home/rohit/slam2/build/hello
