[0.008s] Invoking command in '/home/rohit/slam2/build/hello': CMAKE_PREFIX_PATH=${CMAKE_PREFIX_PATH}:/home/rohit/module2.1/install/service_package:/home/rohit/module2.1/install/my_client_pkg:/home/rohit/2dof/install/pos:/home/rohit/assigndirectory/install/pack1:/home/rohit/mynode/install/package1:/opt/ros/humble /usr/bin/cmake --build /home/rohit/slam2/build/hello -- -j20 -l20
[0.026s] -- Found ament_cmake: 1.3.11 (/opt/ros/humble/share/ament_cmake/cmake)
[0.143s] -- Found rclcpp: 16.0.11 (/opt/ros/humble/share/rclcpp/cmake)
[0.161s] -- Found rosidl_generator_c: 3.1.6 (/opt/ros/humble/share/rosidl_generator_c/cmake)
[0.163s] -- Found rosidl_adapter: 3.1.6 (/opt/ros/humble/share/rosidl_adapter/cmake)
[0.167s] -- Found rosidl_generator_cpp: 3.1.6 (/opt/ros/humble/share/rosidl_generator_cpp/cmake)
[0.173s] -- Using all available rosidl_typesupport_c: rosidl_typesupport_fastrtps_c;rosidl_typesupport_introspection_c
[0.181s] -- Using all available rosidl_typesupport_cpp: rosidl_typesupport_fastrtps_cpp;rosidl_typesupport_introspection_cpp
[0.201s] -- Found rmw_implementation_cmake: 6.1.2 (/opt/ros/humble/share/rmw_implementation_cmake/cmake)
[0.202s] -- Found rmw_fastrtps_cpp: 6.2.7 (/opt/ros/humble/share/rmw_fastrtps_cpp/cmake)
[0.289s] -- Using RMW implementation 'rmw_fastrtps_cpp' as default
[0.329s] -- Found visualization_msgs: 4.2.4 (/opt/ros/humble/share/visualization_msgs/cmake)
[0.360s] -- Found eufs_msgs: 2.0.0 (/home/rohit/install/eufs_msgs/share/eufs_msgs/cmake)
[0.387s] -- Found ament_lint_auto: 0.12.11 (/opt/ros/humble/share/ament_lint_auto/cmake)
[0.434s] -- Added test 'cppcheck' to perform static code analysis on C / C++ code
[0.434s] -- Configured cppcheck include dirs: 
[0.434s] -- Configured cppcheck exclude dirs and/or files: 
[0.435s] -- Added test 'lint_cmake' to check CMake code style
[0.435s] -- Added test 'uncrustify' to check C / C++ code style
[0.435s] -- Configured uncrustify additional arguments: 
[0.435s] -- Added test 'xmllint' to check XML markup files
[0.435s] -- Configuring done
[0.446s] -- Generating done
[0.450s] -- Build files have been written to: /home/rohit/slam2/build/hello
[0.476s] [35m[1mConsolidate compiler generated dependencies of target node1[0m
[0.477s] [35m[1mConsolidate compiler generated dependencies of target node[0m
[0.483s] [ 16%] [32mBuilding CXX object CMakeFiles/node2.dir/src/node2.cpp.o[0m
[0.492s] [ 66%] Built target node
[0.492s] [ 66%] [32mBuilding CXX object CMakeFiles/node1.dir/src/node1.cpp.o[0m
[5.466s] [ 83%] [32m[1mLinking CXX executable node2[0m
[5.721s] [ 83%] Built target node2
[5.734s] [100%] [32m[1mLinking CXX executable node1[0m
[6.010s] [100%] Built target node1
[6.022s] Invoked command in '/home/rohit/slam2/build/hello' returned '0': CMAKE_PREFIX_PATH=${CMAKE_PREFIX_PATH}:/home/rohit/module2.1/install/service_package:/home/rohit/module2.1/install/my_client_pkg:/home/rohit/2dof/install/pos:/home/rohit/assigndirectory/install/pack1:/home/rohit/mynode/install/package1:/opt/ros/humble /usr/bin/cmake --build /home/rohit/slam2/build/hello -- -j20 -l20
[6.033s] Invoking command in '/home/rohit/slam2/build/hello': CMAKE_PREFIX_PATH=${CMAKE_PREFIX_PATH}:/home/rohit/module2.1/install/service_package:/home/rohit/module2.1/install/my_client_pkg:/home/rohit/2dof/install/pos:/home/rohit/assigndirectory/install/pack1:/home/rohit/mynode/install/package1:/opt/ros/humble /usr/bin/cmake --install /home/rohit/slam2/build/hello
[6.044s] -- Install configuration: ""
[6.044s] -- Installing: /home/rohit/slam2/install/hello/lib/hello/node1
[6.047s] -- Set runtime path of "/home/rohit/slam2/install/hello/lib/hello/node1" to ""
[6.047s] -- Installing: /home/rohit/slam2/install/hello/lib/hello/node2
[6.050s] -- Set runtime path of "/home/rohit/slam2/install/hello/lib/hello/node2" to ""
[6.050s] -- Up-to-date: /home/rohit/slam2/install/hello/lib/hello/node
[6.050s] -- Installing: /home/rohit/slam2/install/hello/share/ament_index/resource_index/package_run_dependencies/hello
[6.050s] -- Installing: /home/rohit/slam2/install/hello/share/ament_index/resource_index/parent_prefix_path/hello
[6.050s] -- Up-to-date: /home/rohit/slam2/install/hello/share/hello/environment/ament_prefix_path.sh
[6.051s] -- Installing: /home/rohit/slam2/install/hello/share/hello/environment/ament_prefix_path.dsv
[6.051s] -- Up-to-date: /home/rohit/slam2/install/hello/share/hello/environment/path.sh
[6.051s] -- Installing: /home/rohit/slam2/install/hello/share/hello/environment/path.dsv
[6.051s] -- Up-to-date: /home/rohit/slam2/install/hello/share/hello/local_setup.bash
[6.051s] -- Up-to-date: /home/rohit/slam2/install/hello/share/hello/local_setup.sh
[6.051s] -- Up-to-date: /home/rohit/slam2/install/hello/share/hello/local_setup.zsh
[6.051s] -- Installing: /home/rohit/slam2/install/hello/share/hello/local_setup.dsv
[6.051s] -- Installing: /home/rohit/slam2/install/hello/share/hello/package.dsv
[6.051s] -- Up-to-date: /home/rohit/slam2/install/hello/share/ament_index/resource_index/packages/hello
[6.051s] -- Up-to-date: /home/rohit/slam2/install/hello/share/hello/cmake/helloConfig.cmake
[6.051s] -- Up-to-date: /home/rohit/slam2/install/hello/share/hello/cmake/helloConfig-version.cmake
[6.051s] -- Installing: /home/rohit/slam2/install/hello/share/hello/package.xml
[6.053s] Invoked command in '/home/rohit/slam2/build/hello' returned '0': CMAKE_PREFIX_PATH=${CMAKE_PREFIX_PATH}:/home/rohit/module2.1/install/service_package:/home/rohit/module2.1/install/my_client_pkg:/home/rohit/2dof/install/pos:/home/rohit/assigndirectory/install/pack1:/home/rohit/mynode/install/package1:/opt/ros/humble /usr/bin/cmake --install /home/rohit/slam2/build/hello
