[0.011s] Invoking command in '/home/rohit/slam2/build/hello': CMAKE_PREFIX_PATH=${CMAKE_PREFIX_PATH}:/home/rohit/iitb-racecar/install/racecar:/home/rohit/iitb-racecar/install/point_mass_pkg:/home/rohit/iitb-racecar/install/odom_cmd_pkg:/home/rohit/iitb-racecar/install/dynamic_bicycle_pkg:/home/rohit/ros2_ws/install/launch_testing_examples:/home/rohit/ros2_ws/install/examples_rclpy_pointcloud_publisher:/home/rohit/ros2_ws/install/examples_rclpy_minimal_subscriber:/home/rohit/ros2_ws/install/examples_rclpy_minimal_service:/home/rohit/ros2_ws/install/examples_rclpy_minimal_publisher:/home/rohit/ros2_ws/install/examples_rclpy_minimal_client:/home/rohit/ros2_ws/install/examples_rclpy_minimal_action_server:/home/rohit/ros2_ws/install/examples_rclpy_minimal_action_client:/home/rohit/ros2_ws/install/examples_rclpy_guard_conditions:/home/rohit/ros2_ws/install/examples_rclpy_executors:/home/rohit/install/py_pubsub:/home/rohit/install/package1:/home/rohit/install/pack1:/home/rohit/install/my_package:/home/rohit/install/launch_testing_examples:/home/rohit/install/examples_rclpy_pointcloud_publisher:/home/rohit/install/examples_rclpy_minimal_subscriber:/home/rohit/install/examples_rclpy_minimal_service:/home/rohit/install/examples_rclpy_minimal_publisher:/home/rohit/install/examples_rclpy_minimal_client:/home/rohit/install/examples_rclpy_minimal_action_server:/home/rohit/install/examples_rclpy_minimal_action_client:/home/rohit/install/examples_rclpy_guard_conditions:/home/rohit/install/examples_rclpy_executors:/home/rohit/install/eufs_launcher:/home/rohit/install/eufs_tracks:/home/rohit/install/eufs_rqt:/home/rohit/install/eufs_racecar:/home/rohit/module2.1/install/service_package:/home/rohit/module2.1/install/my_client_pkg:/home/rohit/2dof/install/pos:/home/rohit/assigndirectory/install/pack1:/home/rohit/mynode/install/package1:/opt/ros/humble /usr/bin/cmake --build /home/rohit/slam2/build/hello -- -j20 -l20
[0.086s] -- Found ament_cmake: 1.3.11 (/opt/ros/humble/share/ament_cmake/cmake)
[0.223s] -- Override CMake install command with custom implementation using symlinks instead of copying resources
[0.237s] -- Found rclcpp: 16.0.11 (/opt/ros/humble/share/rclcpp/cmake)
[0.270s] -- Found rosidl_generator_c: 3.1.6 (/opt/ros/humble/share/rosidl_generator_c/cmake)
[0.274s] -- Found rosidl_adapter: 3.1.6 (/opt/ros/humble/share/rosidl_adapter/cmake)
[0.278s] -- Found rosidl_generator_cpp: 3.1.6 (/opt/ros/humble/share/rosidl_generator_cpp/cmake)
[0.288s] -- Using all available rosidl_typesupport_c: rosidl_typesupport_fastrtps_c;rosidl_typesupport_introspection_c
[0.300s] -- Using all available rosidl_typesupport_cpp: rosidl_typesupport_fastrtps_cpp;rosidl_typesupport_introspection_cpp
[0.330s] -- Found rmw_implementation_cmake: 6.1.2 (/opt/ros/humble/share/rmw_implementation_cmake/cmake)
[0.333s] -- Found rmw_fastrtps_cpp: 6.2.7 (/opt/ros/humble/share/rmw_fastrtps_cpp/cmake)
[0.433s] -- Using RMW implementation 'rmw_fastrtps_cpp' as default
[0.471s] -- Found visualization_msgs: 4.2.4 (/opt/ros/humble/share/visualization_msgs/cmake)
[0.507s] -- Found eufs_msgs: 2.0.0 (/home/rohit/install/eufs_msgs/share/eufs_msgs/cmake)
[0.542s] -- Found tf2: 0.25.12 (/opt/ros/humble/share/tf2/cmake)
[0.547s] -- Found tf2_geometry_msgs: 0.25.12 (/opt/ros/humble/share/tf2_geometry_msgs/cmake)
[0.550s] -- Found eigen3_cmake_module: 0.1.1 (/opt/ros/humble/share/eigen3_cmake_module/cmake)
[0.551s] -- Ensuring Eigen3 include directory is part of orocos-kdl CMake target
[0.641s] -- Found ament_lint_auto: 0.12.11 (/opt/ros/humble/share/ament_lint_auto/cmake)
[0.712s] -- Added test 'cppcheck' to perform static code analysis on C / C++ code
[0.713s] -- Configured cppcheck include dirs: 
[0.713s] -- Configured cppcheck exclude dirs and/or files: 
[0.713s] -- Added test 'lint_cmake' to check CMake code style
[0.714s] -- Added test 'uncrustify' to check C / C++ code style
[0.714s] -- Configured uncrustify additional arguments: 
[0.714s] -- Added test 'xmllint' to check XML markup files
[0.715s] -- Configuring done
[0.718s] [31mCMake Error at CMakeLists.txt:24 (add_executable):
[0.718s]   Cannot find source file:
[0.718s] 
[0.719s]     src/yaw_from_quaternion.cpp
[0.719s] 
[0.719s]   Tried extensions .c .C .c++ .cc .cpp .cxx .cu .mpp .m .M .mm .ixx .cppm .h
[0.719s]   .hh .h++ .hm .hpp .hxx .in .txx .f .F .for .f77 .f90 .f95 .f03 .hip .ispc
[0.719s] 
[0.719s] [0m
[0.720s] [31mCMake Error at CMakeLists.txt:24 (add_executable):
[0.720s]   No SOURCES given to target: node2
[0.720s] 
[0.720s] [0m
[0.720s] [0mCMake Generate step failed.  Build files cannot be regenerated correctly.[0m
[0.725s] gmake: *** [Makefile:513: cmake_check_build_system] Error 1
[0.728s] Invoked command in '/home/rohit/slam2/build/hello' returned '2': CMAKE_PREFIX_PATH=${CMAKE_PREFIX_PATH}:/home/rohit/iitb-racecar/install/racecar:/home/rohit/iitb-racecar/install/point_mass_pkg:/home/rohit/iitb-racecar/install/odom_cmd_pkg:/home/rohit/iitb-racecar/install/dynamic_bicycle_pkg:/home/rohit/ros2_ws/install/launch_testing_examples:/home/rohit/ros2_ws/install/examples_rclpy_pointcloud_publisher:/home/rohit/ros2_ws/install/examples_rclpy_minimal_subscriber:/home/rohit/ros2_ws/install/examples_rclpy_minimal_service:/home/rohit/ros2_ws/install/examples_rclpy_minimal_publisher:/home/rohit/ros2_ws/install/examples_rclpy_minimal_client:/home/rohit/ros2_ws/install/examples_rclpy_minimal_action_server:/home/rohit/ros2_ws/install/examples_rclpy_minimal_action_client:/home/rohit/ros2_ws/install/examples_rclpy_guard_conditions:/home/rohit/ros2_ws/install/examples_rclpy_executors:/home/rohit/install/py_pubsub:/home/rohit/install/package1:/home/rohit/install/pack1:/home/rohit/install/my_package:/home/rohit/install/launch_testing_examples:/home/rohit/install/examples_rclpy_pointcloud_publisher:/home/rohit/install/examples_rclpy_minimal_subscriber:/home/rohit/install/examples_rclpy_minimal_service:/home/rohit/install/examples_rclpy_minimal_publisher:/home/rohit/install/examples_rclpy_minimal_client:/home/rohit/install/examples_rclpy_minimal_action_server:/home/rohit/install/examples_rclpy_minimal_action_client:/home/rohit/install/examples_rclpy_guard_conditions:/home/rohit/install/examples_rclpy_executors:/home/rohit/install/eufs_launcher:/home/rohit/install/eufs_tracks:/home/rohit/install/eufs_rqt:/home/rohit/install/eufs_racecar:/home/rohit/module2.1/install/service_package:/home/rohit/module2.1/install/my_client_pkg:/home/rohit/2dof/install/pos:/home/rohit/assigndirectory/install/pack1:/home/rohit/mynode/install/package1:/opt/ros/humble /usr/bin/cmake --build /home/rohit/slam2/build/hello -- -j20 -l20
