-- Found ament_cmake: 1.3.11 (/opt/ros/humble/share/ament_cmake/cmake)
-- Override CMake install command with custom implementation using symlinks instead of copying resources
-- Found rclcpp: 16.0.11 (/opt/ros/humble/share/rclcpp/cmake)
-- Found rosidl_generator_c: 3.1.6 (/opt/ros/humble/share/rosidl_generator_c/cmake)
-- Found rosidl_adapter: 3.1.6 (/opt/ros/humble/share/rosidl_adapter/cmake)
-- Found rosidl_generator_cpp: 3.1.6 (/opt/ros/humble/share/rosidl_generator_cpp/cmake)
-- Using all available rosidl_typesupport_c: rosidl_typesupport_fastrtps_c;rosidl_typesupport_introspection_c
-- Using all available rosidl_typesupport_cpp: rosidl_typesupport_fastrtps_cpp;rosidl_typesupport_introspection_cpp
-- Found rmw_implementation_cmake: 6.1.2 (/opt/ros/humble/share/rmw_implementation_cmake/cmake)
-- Found rmw_fastrtps_cpp: 6.2.7 (/opt/ros/humble/share/rmw_fastrtps_cpp/cmake)
-- Using RMW implementation 'rmw_fastrtps_cpp' as default
-- Found nav_msgs: 4.2.4 (/opt/ros/humble/share/nav_msgs/cmake)
-- Found visualization_msgs: 4.2.4 (/opt/ros/humble/share/visualization_msgs/cmake)
-- Found eufs_msgs: 2.0.0 (/home/rohit/install/eufs_msgs/share/eufs_msgs/cmake)
-- Found tf2: 0.25.12 (/opt/ros/humble/share/tf2/cmake)
-- Found tf2_geometry_msgs: 0.25.12 (/opt/ros/humble/share/tf2_geometry_msgs/cmake)
-- Found eigen3_cmake_module: 0.1.1 (/opt/ros/humble/share/eigen3_cmake_module/cmake)
-- Ensuring Eigen3 include directory is part of orocos-kdl CMake target
-- Found ament_lint_auto: 0.12.11 (/opt/ros/humble/share/ament_lint_auto/cmake)
-- Added test 'cppcheck' to perform static code analysis on C / C++ code
-- Configured cppcheck include dirs: 
-- Configured cppcheck exclude dirs and/or files: 
-- Added test 'lint_cmake' to check CMake code style
-- Added test 'uncrustify' to check C / C++ code style
-- Configured uncrustify additional arguments: 
-- Added test 'xmllint' to check XML markup files
-- Configuring done
-- Generating done
-- Build files have been written to: /home/rohit/slam2/build/hello
[35m[1mConsolidate compiler generated dependencies of target node1[0m
[35m[1mConsolidate compiler generated dependencies of target actual[0m
[35m[1mConsolidate compiler generated dependencies of target v[0m
[35m[1mConsolidate compiler generated dependencies of target ekf[0m
[35m[1mConsolidate compiler generated dependencies of target node[0m
[35m[1mConsolidate compiler generated dependencies of target node2[0m
[35m[1mConsolidate compiler generated dependencies of target ground_truth[0m
[35m[1mConsolidate compiler generated dependencies of target calculation[0m
[  5%] [32mBuilding CXX object CMakeFiles/update_ekf.dir/src/update_ekf.cpp.o[0m
[ 16%] Built target actual
[ 27%] Built target v
[ 38%] Built target node
[ 50%] Built target ekf
[ 61%] Built target node1
[ 72%] Built target node2
[ 83%] Built target ground_truth
[ 94%] Built target calculation
[01m[K/home/rohit/slam2/src/hello/src/update_ekf.cpp:56:27:[m[K [01;31m[Kerror: [m[Kcould not convert ‘[01m[K{((EKFLocalizer*)this)}[m[K’ from ‘[01m[K<brace-enclosed initializer list>[m[K’ to ‘[01m[KEKFLocalizer::Pose2DSub[m[K’ {aka ‘[01m[Kmessage_filters::Subscriber<geometry_msgs::msg::Pose2D_<std::allocator<void> > >[m[K’}
   56 |   Pose2DSub pose_sub_{this[01;31m[K}[m[K;
      |                           [01;31m[K^[m[K
      |                           [01;31m[K|[m[K
      |                           [01;31m[K<brace-enclosed initializer list>[m[K
[01m[K/home/rohit/slam2/src/hello/src/update_ekf.cpp:57:26:[m[K [01;31m[Kerror: [m[Kcould not convert ‘[01m[K{((EKFLocalizer*)this)}[m[K’ from ‘[01m[K<brace-enclosed initializer list>[m[K’ to ‘[01m[KEKFLocalizer::ConeSub[m[K’ {aka ‘[01m[Kmessage_filters::Subscriber<visualization_msgs::msg::Marker_<std::allocator<void> > >[m[K’}
   57 |   ConeSub cones_sub_{this[01;31m[K}[m[K;
      |                          [01;31m[K^[m[K
      |                          [01;31m[K|[m[K
      |                          [01;31m[K<brace-enclosed initializer list>[m[K
[01m[K/home/rohit/slam2/src/hello/src/update_ekf.cpp:[m[K In constructor ‘[01m[KEKFLocalizer::EKFLocalizer()[m[K’:
[01m[K/home/rohit/slam2/src/hello/src/update_ekf.cpp:32:65:[m[K [01;31m[Kerror: [m[Kno matching function for call to ‘[01m[Kmessage_filters::TimeSynchronizer<geometry_msgs::msg::Pose2D_<std::allocator<void> >, visualization_msgs::msg::Marker_<std::allocator<void> > >::TimeSynchronizer(EKFLocalizer::MySyncPolicy, EKFLocalizer::Pose2DSub&, EKFLocalizer::ConeSub&)[m[K’
   32 |     sync_.reset(new Sync(MySyncPolicy(10), pose_sub_, cones_sub_[01;31m[K)[m[K);
      |                                                                 [01;31m[K^[m[K
In file included from [01m[K/home/rohit/slam2/src/hello/src/update_ekf.cpp:13[m[K:
[01m[K/opt/ros/humble/include/message_filters/message_filters/time_synchronizer.h:164:3:[m[K [01;36m[Knote: [m[Kcandidate: ‘[01m[Ktemplate<class F0, class F1, class F2, class F3, class F4, class F5, class F6, class F7, class F8> message_filters::TimeSynchronizer<M0, M1, M2, M3, M4, M5, M6, M7, M8>::TimeSynchronizer(F0&, F1&, F2&, F3&, F4&, F5&, F6&, F7&, F8&, uint32_t) [with F0 = F0; F1 = F1; F2 = F2; F3 = F3; F4 = F4; F5 = F5; F6 = F6; F7 = F7; F8 = F8; M0 = geometry_msgs::msg::Pose2D_<std::allocator<void> >; M1 = visualization_msgs::msg::Marker_<std::allocator<void> >; M2 = message_filters::NullType; M3 = message_filters::NullType; M4 = message_filters::NullType; M5 = message_filters::NullType; M6 = message_filters::NullType; M7 = message_filters::NullType; M8 = message_filters::NullType][m[K’
  164 |   [01;36m[KTimeSynchronizer[m[K(F0& f0, F1& f1, F2& f2, F3& f3, F4& f4, F5& f5, F6& f6, F7& f7, F8& f8, uint32_t queue_size)
      |   [01;36m[K^~~~~~~~~~~~~~~~[m[K
[01m[K/opt/ros/humble/include/message_filters/message_filters/time_synchronizer.h:164:3:[m[K [01;36m[Knote: [m[K  template argument deduction/substitution failed:
[01m[K/home/rohit/slam2/src/hello/src/update_ekf.cpp:32:65:[m[K [01;36m[Knote: [m[K  candidate expects 10 arguments, 3 provided
   32 |     sync_.reset(new Sync(MySyncPolicy(10), pose_sub_, cones_sub_[01;36m[K)[m[K);
      |                                                                 [01;36m[K^[m[K
In file included from [01m[K/home/rohit/slam2/src/hello/src/update_ekf.cpp:13[m[K:
[01m[K/opt/ros/humble/include/message_filters/message_filters/time_synchronizer.h:157:3:[m[K [01;36m[Knote: [m[Kcandidate: ‘[01m[Ktemplate<class F0, class F1, class F2, class F3, class F4, class F5, class F6, class F7> message_filters::TimeSynchronizer<M0, M1, M2, M3, M4, M5, M6, M7, M8>::TimeSynchronizer(F0&, F1&, F2&, F3&, F4&, F5&, F6&, F7&, uint32_t) [with F0 = F0; F1 = F1; F2 = F2; F3 = F3; F4 = F4; F5 = F5; F6 = F6; F7 = F7; M0 = geometry_msgs::msg::Pose2D_<std::allocator<void> >; M1 = visualization_msgs::msg::Marker_<std::allocator<void> >; M2 = message_filters::NullType; M3 = message_filters::NullType; M4 = message_filters::NullType; M5 = message_filters::NullType; M6 = message_filters::NullType; M7 = message_filters::NullType; M8 = message_filters::NullType][m[K’
  157 |   [01;36m[KTimeSynchronizer[m[K(F0& f0, F1& f1, F2& f2, F3& f3, F4& f4, F5& f5, F6& f6, F7& f7, uint32_t queue_size)
      |   [01;36m[K^~~~~~~~~~~~~~~~[m[K
[01m[K/opt/ros/humble/include/message_filters/message_filters/time_synchronizer.h:157:3:[m[K [01;36m[Knote: [m[K  template argument deduction/substitution failed:
[01m[K/home/rohit/slam2/src/hello/src/update_ekf.cpp:32:65:[m[K [01;36m[Knote: [m[K  candidate expects 9 arguments, 3 provided
   32 |     sync_.reset(new Sync(MySyncPolicy(10), pose_sub_, cones_sub_[01;36m[K)[m[K);
      |                                                                 [01;36m[K^[m[K
In file included from [01m[K/home/rohit/slam2/src/hello/src/update_ekf.cpp:13[m[K:
[01m[K/opt/ros/humble/include/message_filters/message_filters/time_synchronizer.h:150:3:[m[K [01;36m[Knote: [m[Kcandidate: ‘[01m[Ktemplate<class F0, class F1, class F2, class F3, class F4, class F5, class F6> message_filters::TimeSynchronizer<M0, M1, M2, M3, M4, M5, M6, M7, M8>::TimeSynchronizer(F0&, F1&, F2&, F3&, F4&, F5&, F6&, uint32_t) [with F0 = F0; F1 = F1; F2 = F2; F3 = F3; F4 = F4; F5 = F5; F6 = F6; M0 = geometry_msgs::msg::Pose2D_<std::allocator<void> >; M1 = visualization_msgs::msg::Marker_<std::allocator<void> >; M2 = message_filters::NullType; M3 = message_filters::NullType; M4 = message_filters::NullType; M5 = message_filters::NullType; M6 = message_filters::NullType; M7 = message_filters::NullType; M8 = message_filters::NullType][m[K’
  150 |   [01;36m[KTimeSynchronizer[m[K(F0& f0, F1& f1, F2& f2, F3& f3, F4& f4, F5& f5, F6& f6, uint32_t queue_size)
      |   [01;36m[K^~~~~~~~~~~~~~~~[m[K
[01m[K/opt/ros/humble/include/message_filters/message_filters/time_synchronizer.h:150:3:[m[K [01;36m[Knote: [m[K  template argument deduction/substitution failed:
[01m[K/home/rohit/slam2/src/hello/src/update_ekf.cpp:32:65:[m[K [01;36m[Knote: [m[K  candidate expects 8 arguments, 3 provided
   32 |     sync_.reset(new Sync(MySyncPolicy(10), pose_sub_, cones_sub_[01;36m[K)[m[K);
      |                                                                 [01;36m[K^[m[K
In file included from [01m[K/home/rohit/slam2/src/hello/src/update_ekf.cpp:13[m[K:
[01m[K/opt/ros/humble/include/message_filters/message_filters/time_synchronizer.h:143:3:[m[K [01;36m[Knote: [m[Kcandidate: ‘[01m[Ktemplate<class F0, class F1, class F2, class F3, class F4, class F5> message_filters::TimeSynchronizer<M0, M1, M2, M3, M4, M5, M6, M7, M8>::TimeSynchronizer(F0&, F1&, F2&, F3&, F4&, F5&, uint32_t) [with F0 = F0; F1 = F1; F2 = F2; F3 = F3; F4 = F4; F5 = F5; M0 = geometry_msgs::msg::Pose2D_<std::allocator<void> >; M1 = visualization_msgs::msg::Marker_<std::allocator<void> >; M2 = message_filters::NullType; M3 = message_filters::NullType; M4 = message_filters::NullType; M5 = message_filters::NullType; M6 = message_filters::NullType; M7 = message_filters::NullType; M8 = message_filters::NullType][m[K’
  143 |   [01;36m[KTimeSynchronizer[m[K(F0& f0, F1& f1, F2& f2, F3& f3, F4& f4, F5& f5, uint32_t queue_size)
      |   [01;36m[K^~~~~~~~~~~~~~~~[m[K
[01m[K/opt/ros/humble/include/message_filters/message_filters/time_synchronizer.h:143:3:[m[K [01;36m[Knote: [m[K  template argument deduction/substitution failed:
[01m[K/home/rohit/slam2/src/hello/src/update_ekf.cpp:32:65:[m[K [01;36m[Knote: [m[K  candidate expects 7 arguments, 3 provided
   32 |     sync_.reset(new Sync(MySyncPolicy(10), pose_sub_, cones_sub_[01;36m[K)[m[K);
      |                                                                 [01;36m[K^[m[K
In file included from [01m[K/home/rohit/slam2/src/hello/src/update_ekf.cpp:13[m[K:
[01m[K/opt/ros/humble/include/message_filters/message_filters/time_synchronizer.h:136:3:[m[K [01;36m[Knote: [m[Kcandidate: ‘[01m[Ktemplate<class F0, class F1, class F2, class F3, class F4> message_filters::TimeSynchronizer<M0, M1, M2, M3, M4, M5, M6, M7, M8>::TimeSynchronizer(F0&, F1&, F2&, F3&, F4&, uint32_t) [with F0 = F0; F1 = F1; F2 = F2; F3 = F3; F4 = F4; M0 = geometry_msgs::msg::Pose2D_<std::allocator<void> >; M1 = visualization_msgs::msg::Marker_<std::allocator<void> >; M2 = message_filters::NullType; M3 = message_filters::NullType; M4 = message_filters::NullType; M5 = message_filters::NullType; M6 = message_filters::NullType; M7 = message_filters::NullType; M8 = message_filters::NullType][m[K’
  136 |   [01;36m[KTimeSynchronizer[m[K(F0& f0, F1& f1, F2& f2, F3& f3, F4& f4, uint32_t queue_size)
      |   [01;36m[K^~~~~~~~~~~~~~~~[m[K
[01m[K/opt/ros/humble/include/message_filters/message_filters/time_synchronizer.h:136:3:[m[K [01;36m[Knote: [m[K  template argument deduction/substitution failed:
[01m[K/home/rohit/slam2/src/hello/src/update_ekf.cpp:32:65:[m[K [01;36m[Knote: [m[K  candidate expects 6 arguments, 3 provided
   32 |     sync_.reset(new Sync(MySyncPolicy(10), pose_sub_, cones_sub_[01;36m[K)[m[K);
      |                                                                 [01;36m[K^[m[K
In file included from [01m[K/home/rohit/slam2/src/hello/src/update_ekf.cpp:13[m[K:
[01m[K/opt/ros/humble/include/message_filters/message_filters/time_synchronizer.h:129:3:[m[K [01;36m[Knote: [m[Kcandidate: ‘[01m[Ktemplate<class F0, class F1, class F2, class F3> message_filters::TimeSynchronizer<M0, M1, M2, M3, M4, M5, M6, M7, M8>::TimeSynchronizer(F0&, F1&, F2&, F3&, uint32_t) [with F0 = F0; F1 = F1; F2 = F2; F3 = F3; M0 = geometry_msgs::msg::Pose2D_<std::allocator<void> >; M1 = visualization_msgs::msg::Marker_<std::allocator<void> >; M2 = message_filters::NullType; M3 = message_filters::NullType; M4 = message_filters::NullType; M5 = message_filters::NullType; M6 = message_filters::NullType; M7 = message_filters::NullType; M8 = message_filters::NullType][m[K’
  129 |   [01;36m[KTimeSynchronizer[m[K(F0& f0, F1& f1, F2& f2, F3& f3, uint32_t queue_size)
      |   [01;36m[K^~~~~~~~~~~~~~~~[m[K
[01m[K/opt/ros/humble/include/message_filters/message_filters/time_synchronizer.h:129:3:[m[K [01;36m[Knote: [m[K  template argument deduction/substitution failed:
[01m[K/home/rohit/slam2/src/hello/src/update_ekf.cpp:32:65:[m[K [01;36m[Knote: [m[K  candidate expects 5 arguments, 3 provided
   32 |     sync_.reset(new Sync(MySyncPolicy(10), pose_sub_, cones_sub_[01;36m[K)[m[K);
      |                                                                 [01;36m[K^[m[K
In file included from [01m[K/home/rohit/slam2/src/hello/src/update_ekf.cpp:13[m[K:
[01m[K/opt/ros/humble/include/message_filters/message_filters/time_synchronizer.h:122:3:[m[K [01;36m[Knote: [m[Kcandidate: ‘[01m[Ktemplate<class F0, class F1, class F2> message_filters::TimeSynchronizer<M0, M1, M2, M3, M4, M5, M6, M7, M8>::TimeSynchronizer(F0&, F1&, F2&, uint32_t) [with F0 = F0; F1 = F1; F2 = F2; M0 = geometry_msgs::msg::Pose2D_<std::allocator<void> >; M1 = visualization_msgs::msg::Marker_<std::allocator<void> >; M2 = message_filters::NullType; M3 = message_filters::NullType; M4 = message_filters::NullType; M5 = message_filters::NullType; M6 = message_filters::NullType; M7 = message_filters::NullType; M8 = message_filters::NullType][m[K’
  122 |   [01;36m[KTimeSynchronizer[m[K(F0& f0, F1& f1, F2& f2, uint32_t queue_size)
      |   [01;36m[K^~~~~~~~~~~~~~~~[m[K
[01m[K/opt/ros/humble/include/message_filters/message_filters/time_synchronizer.h:122:3:[m[K [01;36m[Knote: [m[K  template argument deduction/substitution failed:
[01m[K/home/rohit/slam2/src/hello/src/update_ekf.cpp:32:65:[m[K [01;36m[Knote: [m[K  candidate expects 4 arguments, 3 provided
   32 |     sync_.reset(new Sync(MySyncPolicy(10), pose_sub_, cones_sub_[01;36m[K)[m[K);
      |                                                                 [01;36m[K^[m[K
In file included from [01m[K/home/rohit/slam2/src/hello/src/update_ekf.cpp:13[m[K:
[01m[K/opt/ros/humble/include/message_filters/message_filters/time_synchronizer.h:115:3:[m[K [01;36m[Knote: [m[Kcandidate: ‘[01m[Ktemplate<class F0, class F1> message_filters::TimeSynchronizer<M0, M1, M2, M3, M4, M5, M6, M7, M8>::TimeSynchronizer(F0&, F1&, uint32_t) [with F0 = F0; F1 = F1; M0 = geometry_msgs::msg::Pose2D_<std::allocator<void> >; M1 = visualization_msgs::msg::Marker_<std::allocator<void> >; M2 = message_filters::NullType; M3 = message_filters::NullType; M4 = message_filters::NullType; M5 = message_filters::NullType; M6 = message_filters::NullType; M7 = message_filters::NullType; M8 = message_filters::NullType][m[K’
  115 |   [01;36m[KTimeSynchronizer[m[K(F0& f0, F1& f1, uint32_t queue_size)
      |   [01;36m[K^~~~~~~~~~~~~~~~[m[K
[01m[K/opt/ros/humble/include/message_filters/message_filters/time_synchronizer.h:115:3:[m[K [01;36m[Knote: [m[K  template argument deduction/substitution failed:
[01m[K/home/rohit/slam2/src/hello/src/update_ekf.cpp:32:55:[m[K [01;36m[Knote: [m[K  cannot convert ‘[01m[K((EKFLocalizer*)this)->EKFLocalizer::cones_sub_[m[K’ (type ‘[01m[KEKFLocalizer::ConeSub[m[K’ {aka ‘[01m[Kmessage_filters::Subscriber<visualization_msgs::msg::Marker_<std::allocator<void> > >[m[K’}) to type ‘[01m[Kuint32_t[m[K’ {aka ‘[01m[Kunsigned int[m[K’}
   32 |     sync_.reset(new Sync(MySyncPolicy(10), pose_sub_, [01;36m[Kcones_sub_[m[K));
      |                                                       [01;36m[K^~~~~~~~~~[m[K
In file included from [01m[K/home/rohit/slam2/src/hello/src/update_ekf.cpp:13[m[K:
[01m[K/opt/ros/humble/include/message_filters/message_filters/time_synchronizer.h:170:3:[m[K [01;36m[Knote: [m[Kcandidate: ‘[01m[Kmessage_filters::TimeSynchronizer<M0, M1, M2, M3, M4, M5, M6, M7, M8>::TimeSynchronizer(uint32_t) [with M0 = geometry_msgs::msg::Pose2D_<std::allocator<void> >; M1 = visualization_msgs::msg::Marker_<std::allocator<void> >; M2 = message_filters::NullType; M3 = message_filters::NullType; M4 = message_filters::NullType; M5 = message_filters::NullType; M6 = message_filters::NullType; M7 = message_filters::NullType; M8 = message_filters::NullType; uint32_t = unsigned int][m[K’
  170 |   [01;36m[KTimeSynchronizer[m[K(uint32_t queue_size)
      |   [01;36m[K^~~~~~~~~~~~~~~~[m[K
[01m[K/opt/ros/humble/include/message_filters/message_filters/time_synchronizer.h:170:3:[m[K [01;36m[Knote: [m[K  candidate expects 1 argument, 3 provided
gmake[2]: *** [CMakeFiles/update_ekf.dir/build.make:76: CMakeFiles/update_ekf.dir/src/update_ekf.cpp.o] Error 1
gmake[1]: *** [CMakeFiles/Makefile2:205: CMakeFiles/update_ekf.dir/all] Error 2
gmake: *** [Makefile:146: all] Error 2
