-- Found ament_cmake: 1.3.11 (/opt/ros/humble/share/ament_cmake/cmake)
-- Override CMake install command with custom implementation using symlinks instead of copying resources
-- Found rclcpp: 16.0.11 (/opt/ros/humble/share/rclcpp/cmake)
-- Found rosidl_generator_c: 3.1.6 (/opt/ros/humble/share/rosidl_generator_c/cmake)
-- Found rosidl_adapter: 3.1.6 (/opt/ros/humble/share/rosidl_adapter/cmake)
-- Found rosidl_generator_cpp: 3.1.6 (/opt/ros/humble/share/rosidl_generator_cpp/cmake)
-- Using all available rosidl_typesupport_c: rosidl_typesupport_fastrtps_c;rosidl_typesupport_introspection_c
-- Using all available rosidl_typesupport_cpp: rosidl_typesupport_fastrtps_cpp;rosidl_typesupport_introspection_cpp
-- Found rmw_implementation_cmake: 6.1.2 (/opt/ros/humble/share/rmw_implementation_cmake/cmake)
-- Found rmw_fastrtps_cpp: 6.2.7 (/opt/ros/humble/share/rmw_fastrtps_cpp/cmake)
-- Using RMW implementation 'rmw_fastrtps_cpp' as default
-- Found visualization_msgs: 4.2.4 (/opt/ros/humble/share/visualization_msgs/cmake)
-- Found eufs_msgs: 2.0.0 (/home/rohit/install/eufs_msgs/share/eufs_msgs/cmake)
-- Found tf2: 0.25.12 (/opt/ros/humble/share/tf2/cmake)
-- Found tf2_geometry_msgs: 0.25.12 (/opt/ros/humble/share/tf2_geometry_msgs/cmake)
-- Found eigen3_cmake_module: 0.1.1 (/opt/ros/humble/share/eigen3_cmake_module/cmake)
-- Ensuring Eigen3 include directory is part of orocos-kdl CMake target
-- Found ament_lint_auto: 0.12.11 (/opt/ros/humble/share/ament_lint_auto/cmake)
-- Added test 'cppcheck' to perform static code analysis on C / C++ code
-- Configured cppcheck include dirs: 
-- Configured cppcheck exclude dirs and/or files: 
-- Added test 'lint_cmake' to check CMake code style
-- Added test 'uncrustify' to check C / C++ code style
-- Configured uncrustify additional arguments: 
-- Added test 'xmllint' to check XML markup files
-- Configuring done
-- Generating done
-- Build files have been written to: /home/rohit/slam2/build/hello
[35m[1mConsolidate compiler generated dependencies of target node[0m
[35m[1mConsolidate compiler generated dependencies of target v[0m
[35m[1mConsolidate compiler generated dependencies of target node1[0m
[35m[1mConsolidate compiler generated dependencies of target node2[0m
[35m[1mConsolidate compiler generated dependencies of target actual[0m
[ 20%] [32m[1mLinking CXX executable node1[0m
[ 20%] [32m[1mLinking CXX executable v[0m
[ 30%] [32m[1mLinking CXX executable node[0m
[ 40%] [32m[1mLinking CXX executable actual[0m
[ 50%] [32m[1mLinking CXX executable node2[0m
[ 60%] Built target actual
[ 70%] Built target node2
[ 80%] Built target node1
[ 90%] Built target node
[100%] Built target v
-- Install configuration: ""
-- Execute custom install script
-- Symlinking: /home/rohit/slam2/install/hello/lib/hello/node1
-- Symlinking: /home/rohit/slam2/install/hello/lib/hello/node2
-- Symlinking: /home/rohit/slam2/install/hello/lib/hello/v
-- Symlinking: /home/rohit/slam2/install/hello/lib/hello/actual
-- Symlinking: /home/rohit/slam2/install/hello/lib/hello/node
-- Symlinking: /home/rohit/slam2/install/hello/share/ament_index/resource_index/package_run_dependencies/hello
-- Symlinking: /home/rohit/slam2/install/hello/share/ament_index/resource_index/parent_prefix_path/hello
-- Symlinking: /home/rohit/slam2/install/hello/share/hello/environment/ament_prefix_path.sh
-- Symlinking: /home/rohit/slam2/install/hello/share/hello/environment/ament_prefix_path.dsv
-- Symlinking: /home/rohit/slam2/install/hello/share/hello/environment/path.sh
-- Symlinking: /home/rohit/slam2/install/hello/share/hello/environment/path.dsv
-- Symlinking: /home/rohit/slam2/install/hello/share/hello/local_setup.bash
-- Symlinking: /home/rohit/slam2/install/hello/share/hello/local_setup.sh
-- Symlinking: /home/rohit/slam2/install/hello/share/hello/local_setup.zsh
-- Symlinking: /home/rohit/slam2/install/hello/share/hello/local_setup.dsv
-- Symlinking: /home/rohit/slam2/install/hello/share/hello/package.dsv
-- Symlinking: /home/rohit/slam2/install/hello/share/ament_index/resource_index/packages/hello
-- Symlinking: /home/rohit/slam2/install/hello/share/hello/cmake/helloConfig.cmake
-- Symlinking: /home/rohit/slam2/install/hello/share/hello/cmake/helloConfig-version.cmake
-- Symlinking: /home/rohit/slam2/install/hello/share/hello/package.xml
