[35m[1mConsolidate compiler generated dependencies of target ekf[0m
[35m[1mConsolidate compiler generated dependencies of target update_ekf[0m
[ 11%] Built target node2
[ 22%] Built target actual
[ 33%] Built target node1
[ 44%] Built target v
[ 66%] Built target calculation
[ 66%] Built target node
[ 77%] Built target ekf
[ 83%] [32mBuilding CXX object CMakeFiles/update_ekf.dir/src/update_ekf.cpp.o[0m
[ 94%] Built target ground_truth
[01m[K/home/rohit/slam2/src/hello/src/update_ekf.cpp:281:20:[m[K [01;31m[Kerror: [m[Kredeclaration of ‘[01m[Kdouble EKFLocalizer::x_[m[K’
  281 |     double x_ = 0.0[01;31m[K,[m[K y_ = 0.0, theta_ = 0.0;
      |                    [01;31m[K^[m[K
[01m[K/home/rohit/slam2/src/hello/src/update_ekf.cpp:78:21:[m[K [01;36m[Knote: [m[Kprevious declaration ‘[01m[KEigen::Vector3d EKFLocalizer::x_[m[K’
   78 |     Eigen::Vector3d [01;36m[Kx_[m[K; // State vector: [x, y, theta]
      |                     [01;36m[K^~[m[K
gmake[2]: *** [CMakeFiles/update_ekf.dir/build.make:76: CMakeFiles/update_ekf.dir/src/update_ekf.cpp.o] Error 1
gmake[1]: *** [CMakeFiles/Makefile2:205: CMakeFiles/update_ekf.dir/all] Error 2
gmake: *** [Makefile:146: all] Error 2
