[0.009s] Invoking command in '/home/rohit/slam2/build/hello': CMAKE_PREFIX_PATH=${CMAKE_PREFIX_PATH}:/home/rohit/module2.1/install/service_package:/home/rohit/module2.1/install/my_client_pkg:/home/rohit/2dof/install/pos:/home/rohit/assigndirectory/install/pack1:/home/rohit/mynode/install/package1:/opt/ros/humble /usr/bin/cmake --build /home/rohit/slam2/build/hello -- -j20 -l20
[0.029s] -- Found ament_cmake: 1.3.11 (/opt/ros/humble/share/ament_cmake/cmake)
[0.126s] -- Found rclcpp: 16.0.11 (/opt/ros/humble/share/rclcpp/cmake)
[0.145s] -- Found rosidl_generator_c: 3.1.6 (/opt/ros/humble/share/rosidl_generator_c/cmake)
[0.146s] -- Found rosidl_adapter: 3.1.6 (/opt/ros/humble/share/rosidl_adapter/cmake)
[0.150s] -- Found rosidl_generator_cpp: 3.1.6 (/opt/ros/humble/share/rosidl_generator_cpp/cmake)
[0.156s] -- Using all available rosidl_typesupport_c: rosidl_typesupport_fastrtps_c;rosidl_typesupport_introspection_c
[0.164s] -- Using all available rosidl_typesupport_cpp: rosidl_typesupport_fastrtps_cpp;rosidl_typesupport_introspection_cpp
[0.195s] -- Found rmw_implementation_cmake: 6.1.2 (/opt/ros/humble/share/rmw_implementation_cmake/cmake)
[0.196s] -- Found rmw_fastrtps_cpp: 6.2.7 (/opt/ros/humble/share/rmw_fastrtps_cpp/cmake)
[0.271s] -- Using RMW implementation 'rmw_fastrtps_cpp' as default
[0.303s] -- Found visualization_msgs: 4.2.4 (/opt/ros/humble/share/visualization_msgs/cmake)
[0.334s] -- Found eufs_msgs: 2.0.0 (/home/rohit/install/eufs_msgs/share/eufs_msgs/cmake)
[0.362s] -- Found ament_lint_auto: 0.12.11 (/opt/ros/humble/share/ament_lint_auto/cmake)
[0.409s] -- Added test 'cppcheck' to perform static code analysis on C / C++ code
[0.409s] -- Configured cppcheck include dirs: 
[0.409s] -- Configured cppcheck exclude dirs and/or files: 
[0.409s] -- Added test 'lint_cmake' to check CMake code style
[0.410s] -- Added test 'uncrustify' to check C / C++ code style
[0.410s] -- Configured uncrustify additional arguments: 
[0.410s] -- Added test 'xmllint' to check XML markup files
[0.410s] -- Configuring done
[0.422s] -- Generating done
[0.427s] -- Build files have been written to: /home/rohit/slam2/build/hello
[0.446s] [35m[1mConsolidate compiler generated dependencies of target node1[0m
[0.448s] [35m[1mConsolidate compiler generated dependencies of target node2[0m
[0.448s] [35m[1mConsolidate compiler generated dependencies of target node[0m
[0.454s] [ 12%] [32mBuilding CXX object CMakeFiles/v.dir/src/v.cpp.o[0m
[0.460s] [ 37%] Built target node
[0.461s] [ 62%] Built target node1
[0.463s] [ 87%] Built target node2
[6.839s] [100%] [32m[1mLinking CXX executable v[0m
[7.176s] [100%] Built target v
[7.188s] Invoked command in '/home/rohit/slam2/build/hello' returned '0': CMAKE_PREFIX_PATH=${CMAKE_PREFIX_PATH}:/home/rohit/module2.1/install/service_package:/home/rohit/module2.1/install/my_client_pkg:/home/rohit/2dof/install/pos:/home/rohit/assigndirectory/install/pack1:/home/rohit/mynode/install/package1:/opt/ros/humble /usr/bin/cmake --build /home/rohit/slam2/build/hello -- -j20 -l20
[7.200s] Invoking command in '/home/rohit/slam2/build/hello': CMAKE_PREFIX_PATH=${CMAKE_PREFIX_PATH}:/home/rohit/module2.1/install/service_package:/home/rohit/module2.1/install/my_client_pkg:/home/rohit/2dof/install/pos:/home/rohit/assigndirectory/install/pack1:/home/rohit/mynode/install/package1:/opt/ros/humble /usr/bin/cmake --install /home/rohit/slam2/build/hello
[7.211s] -- Install configuration: ""
[7.212s] -- Up-to-date: /home/rohit/slam2/install/hello/lib/hello/node1
[7.212s] -- Up-to-date: /home/rohit/slam2/install/hello/lib/hello/node2
[7.212s] -- Installing: /home/rohit/slam2/install/hello/lib/hello/v
[7.214s] -- Set runtime path of "/home/rohit/slam2/install/hello/lib/hello/v" to ""
[7.215s] -- Up-to-date: /home/rohit/slam2/install/hello/lib/hello/node
[7.215s] -- Up-to-date: /home/rohit/slam2/install/hello/share/ament_index/resource_index/package_run_dependencies/hello
[7.215s] -- Up-to-date: /home/rohit/slam2/install/hello/share/ament_index/resource_index/parent_prefix_path/hello
[7.215s] -- Up-to-date: /home/rohit/slam2/install/hello/share/hello/environment/ament_prefix_path.sh
[7.215s] -- Installing: /home/rohit/slam2/install/hello/share/hello/environment/ament_prefix_path.dsv
[7.215s] -- Up-to-date: /home/rohit/slam2/install/hello/share/hello/environment/path.sh
[7.215s] -- Installing: /home/rohit/slam2/install/hello/share/hello/environment/path.dsv
[7.215s] -- Up-to-date: /home/rohit/slam2/install/hello/share/hello/local_setup.bash
[7.215s] -- Up-to-date: /home/rohit/slam2/install/hello/share/hello/local_setup.sh
[7.215s] -- Up-to-date: /home/rohit/slam2/install/hello/share/hello/local_setup.zsh
[7.215s] -- Installing: /home/rohit/slam2/install/hello/share/hello/local_setup.dsv
[7.215s] -- Installing: /home/rohit/slam2/install/hello/share/hello/package.dsv
[7.215s] -- Up-to-date: /home/rohit/slam2/install/hello/share/ament_index/resource_index/packages/hello
[7.215s] -- Up-to-date: /home/rohit/slam2/install/hello/share/hello/cmake/helloConfig.cmake
[7.215s] -- Up-to-date: /home/rohit/slam2/install/hello/share/hello/cmake/helloConfig-version.cmake
[7.215s] -- Up-to-date: /home/rohit/slam2/install/hello/share/hello/package.xml
[7.216s] Invoked command in '/home/rohit/slam2/build/hello' returned '0': CMAKE_PREFIX_PATH=${CMAKE_PREFIX_PATH}:/home/rohit/module2.1/install/service_package:/home/rohit/module2.1/install/my_client_pkg:/home/rohit/2dof/install/pos:/home/rohit/assigndirectory/install/pack1:/home/rohit/mynode/install/package1:/opt/ros/humble /usr/bin/cmake --install /home/rohit/slam2/build/hello
