[0.012s] Invoking command in '/home/rohit/slam2/build/hello': CMAKE_PREFIX_PATH=${CMAKE_PREFIX_PATH}:/home/rohit/iitb-racecar/install/racecar:/home/rohit/iitb-racecar/install/point_mass_pkg:/home/rohit/iitb-racecar/install/odom_cmd_pkg:/home/rohit/iitb-racecar/install/dynamic_bicycle_pkg:/home/rohit/ros2_ws/install/launch_testing_examples:/home/rohit/ros2_ws/install/examples_rclpy_pointcloud_publisher:/home/rohit/ros2_ws/install/examples_rclpy_minimal_subscriber:/home/rohit/ros2_ws/install/examples_rclpy_minimal_service:/home/rohit/ros2_ws/install/examples_rclpy_minimal_publisher:/home/rohit/ros2_ws/install/examples_rclpy_minimal_client:/home/rohit/ros2_ws/install/examples_rclpy_minimal_action_server:/home/rohit/ros2_ws/install/examples_rclpy_minimal_action_client:/home/rohit/ros2_ws/install/examples_rclpy_guard_conditions:/home/rohit/ros2_ws/install/examples_rclpy_executors:/home/rohit/install/py_pubsub:/home/rohit/install/package1:/home/rohit/install/pack1:/home/rohit/install/my_package:/home/rohit/install/launch_testing_examples:/home/rohit/install/examples_rclpy_pointcloud_publisher:/home/rohit/install/examples_rclpy_minimal_subscriber:/home/rohit/install/examples_rclpy_minimal_service:/home/rohit/install/examples_rclpy_minimal_publisher:/home/rohit/install/examples_rclpy_minimal_client:/home/rohit/install/examples_rclpy_minimal_action_server:/home/rohit/install/examples_rclpy_minimal_action_client:/home/rohit/install/examples_rclpy_guard_conditions:/home/rohit/install/examples_rclpy_executors:/home/rohit/install/eufs_launcher:/home/rohit/install/eufs_tracks:/home/rohit/install/eufs_rqt:/home/rohit/install/eufs_racecar:/home/rohit/module2.1/install/service_package:/home/rohit/module2.1/install/my_client_pkg:/home/rohit/2dof/install/pos:/home/rohit/assigndirectory/install/pack1:/home/rohit/mynode/install/package1:/opt/ros/humble /usr/bin/cmake --build /home/rohit/slam2/build/hello -- -j20 -l20
[0.075s] [35m[1mConsolidate compiler generated dependencies of target update_ekf[0m
[0.096s] [ 11%] Built target node1
[0.097s] [ 22%] Built target ground_truth
[0.097s] [ 33%] Built target node
[0.100s] [ 44%] Built target v
[0.101s] [ 55%] Built target node2
[0.102s] [ 66%] Built target ekf
[0.103s] [ 77%] Built target actual
[0.106s] [ 88%] Built target calculation
[0.107s] [ 94%] [32mBuilding CXX object CMakeFiles/update_ekf.dir/src/update_ekf.cpp.o[0m
[10.852s] [100%] [32m[1mLinking CXX executable update_ekf[0m
[11.445s] [100%] Built target update_ekf
[11.456s] Invoked command in '/home/rohit/slam2/build/hello' returned '0': CMAKE_PREFIX_PATH=${CMAKE_PREFIX_PATH}:/home/rohit/iitb-racecar/install/racecar:/home/rohit/iitb-racecar/install/point_mass_pkg:/home/rohit/iitb-racecar/install/odom_cmd_pkg:/home/rohit/iitb-racecar/install/dynamic_bicycle_pkg:/home/rohit/ros2_ws/install/launch_testing_examples:/home/rohit/ros2_ws/install/examples_rclpy_pointcloud_publisher:/home/rohit/ros2_ws/install/examples_rclpy_minimal_subscriber:/home/rohit/ros2_ws/install/examples_rclpy_minimal_service:/home/rohit/ros2_ws/install/examples_rclpy_minimal_publisher:/home/rohit/ros2_ws/install/examples_rclpy_minimal_client:/home/rohit/ros2_ws/install/examples_rclpy_minimal_action_server:/home/rohit/ros2_ws/install/examples_rclpy_minimal_action_client:/home/rohit/ros2_ws/install/examples_rclpy_guard_conditions:/home/rohit/ros2_ws/install/examples_rclpy_executors:/home/rohit/install/py_pubsub:/home/rohit/install/package1:/home/rohit/install/pack1:/home/rohit/install/my_package:/home/rohit/install/launch_testing_examples:/home/rohit/install/examples_rclpy_pointcloud_publisher:/home/rohit/install/examples_rclpy_minimal_subscriber:/home/rohit/install/examples_rclpy_minimal_service:/home/rohit/install/examples_rclpy_minimal_publisher:/home/rohit/install/examples_rclpy_minimal_client:/home/rohit/install/examples_rclpy_minimal_action_server:/home/rohit/install/examples_rclpy_minimal_action_client:/home/rohit/install/examples_rclpy_guard_conditions:/home/rohit/install/examples_rclpy_executors:/home/rohit/install/eufs_launcher:/home/rohit/install/eufs_tracks:/home/rohit/install/eufs_rqt:/home/rohit/install/eufs_racecar:/home/rohit/module2.1/install/service_package:/home/rohit/module2.1/install/my_client_pkg:/home/rohit/2dof/install/pos:/home/rohit/assigndirectory/install/pack1:/home/rohit/mynode/install/package1:/opt/ros/humble /usr/bin/cmake --build /home/rohit/slam2/build/hello -- -j20 -l20
[11.464s] Invoking command in '/home/rohit/slam2/build/hello': CMAKE_PREFIX_PATH=${CMAKE_PREFIX_PATH}:/home/rohit/iitb-racecar/install/racecar:/home/rohit/iitb-racecar/install/point_mass_pkg:/home/rohit/iitb-racecar/install/odom_cmd_pkg:/home/rohit/iitb-racecar/install/dynamic_bicycle_pkg:/home/rohit/ros2_ws/install/launch_testing_examples:/home/rohit/ros2_ws/install/examples_rclpy_pointcloud_publisher:/home/rohit/ros2_ws/install/examples_rclpy_minimal_subscriber:/home/rohit/ros2_ws/install/examples_rclpy_minimal_service:/home/rohit/ros2_ws/install/examples_rclpy_minimal_publisher:/home/rohit/ros2_ws/install/examples_rclpy_minimal_client:/home/rohit/ros2_ws/install/examples_rclpy_minimal_action_server:/home/rohit/ros2_ws/install/examples_rclpy_minimal_action_client:/home/rohit/ros2_ws/install/examples_rclpy_guard_conditions:/home/rohit/ros2_ws/install/examples_rclpy_executors:/home/rohit/install/py_pubsub:/home/rohit/install/package1:/home/rohit/install/pack1:/home/rohit/install/my_package:/home/rohit/install/launch_testing_examples:/home/rohit/install/examples_rclpy_pointcloud_publisher:/home/rohit/install/examples_rclpy_minimal_subscriber:/home/rohit/install/examples_rclpy_minimal_service:/home/rohit/install/examples_rclpy_minimal_publisher:/home/rohit/install/examples_rclpy_minimal_client:/home/rohit/install/examples_rclpy_minimal_action_server:/home/rohit/install/examples_rclpy_minimal_action_client:/home/rohit/install/examples_rclpy_guard_conditions:/home/rohit/install/examples_rclpy_executors:/home/rohit/install/eufs_launcher:/home/rohit/install/eufs_tracks:/home/rohit/install/eufs_rqt:/home/rohit/install/eufs_racecar:/home/rohit/module2.1/install/service_package:/home/rohit/module2.1/install/my_client_pkg:/home/rohit/2dof/install/pos:/home/rohit/assigndirectory/install/pack1:/home/rohit/mynode/install/package1:/opt/ros/humble /usr/bin/cmake --install /home/rohit/slam2/build/hello
[11.471s] -- Install configuration: ""
[11.471s] -- Execute custom install script
[11.471s] -- Up-to-date symlink: /home/rohit/slam2/install/hello/lib/hello/node1
[11.471s] -- Up-to-date symlink: /home/rohit/slam2/install/hello/lib/hello/update_ekf
[11.472s] -- Up-to-date symlink: /home/rohit/slam2/install/hello/lib/hello/node2
[11.472s] -- Up-to-date symlink: /home/rohit/slam2/install/hello/lib/hello/calculation
[11.472s] -- Up-to-date symlink: /home/rohit/slam2/install/hello/lib/hello/ground_truth
[11.472s] -- Up-to-date symlink: /home/rohit/slam2/install/hello/lib/hello/ekf
[11.472s] -- Up-to-date symlink: /home/rohit/slam2/install/hello/lib/hello/v
[11.472s] -- Up-to-date symlink: /home/rohit/slam2/install/hello/lib/hello/actual
[11.473s] -- Up-to-date symlink: /home/rohit/slam2/install/hello/lib/hello/node
[11.473s] -- Up-to-date symlink: /home/rohit/slam2/install/hello/share/ament_index/resource_index/package_run_dependencies/hello
[11.473s] -- Up-to-date symlink: /home/rohit/slam2/install/hello/share/ament_index/resource_index/parent_prefix_path/hello
[11.473s] -- Up-to-date symlink: /home/rohit/slam2/install/hello/share/hello/environment/ament_prefix_path.sh
[11.473s] -- Up-to-date symlink: /home/rohit/slam2/install/hello/share/hello/environment/ament_prefix_path.dsv
[11.473s] -- Up-to-date symlink: /home/rohit/slam2/install/hello/share/hello/environment/path.sh
[11.473s] -- Up-to-date symlink: /home/rohit/slam2/install/hello/share/hello/environment/path.dsv
[11.473s] -- Up-to-date symlink: /home/rohit/slam2/install/hello/share/hello/local_setup.bash
[11.473s] -- Up-to-date symlink: /home/rohit/slam2/install/hello/share/hello/local_setup.sh
[11.473s] -- Up-to-date symlink: /home/rohit/slam2/install/hello/share/hello/local_setup.zsh
[11.473s] -- Up-to-date symlink: /home/rohit/slam2/install/hello/share/hello/local_setup.dsv
[11.474s] -- Symlinking: /home/rohit/slam2/install/hello/share/hello/package.dsv
[11.486s] -- Up-to-date symlink: /home/rohit/slam2/install/hello/share/ament_index/resource_index/packages/hello
[11.486s] -- Up-to-date symlink: /home/rohit/slam2/install/hello/share/hello/cmake/helloConfig.cmake
[11.486s] -- Up-to-date symlink: /home/rohit/slam2/install/hello/share/hello/cmake/helloConfig-version.cmake
[11.486s] -- Up-to-date symlink: /home/rohit/slam2/install/hello/share/hello/package.xml
[11.489s] Invoked command in '/home/rohit/slam2/build/hello' returned '0': CMAKE_PREFIX_PATH=${CMAKE_PREFIX_PATH}:/home/rohit/iitb-racecar/install/racecar:/home/rohit/iitb-racecar/install/point_mass_pkg:/home/rohit/iitb-racecar/install/odom_cmd_pkg:/home/rohit/iitb-racecar/install/dynamic_bicycle_pkg:/home/rohit/ros2_ws/install/launch_testing_examples:/home/rohit/ros2_ws/install/examples_rclpy_pointcloud_publisher:/home/rohit/ros2_ws/install/examples_rclpy_minimal_subscriber:/home/rohit/ros2_ws/install/examples_rclpy_minimal_service:/home/rohit/ros2_ws/install/examples_rclpy_minimal_publisher:/home/rohit/ros2_ws/install/examples_rclpy_minimal_client:/home/rohit/ros2_ws/install/examples_rclpy_minimal_action_server:/home/rohit/ros2_ws/install/examples_rclpy_minimal_action_client:/home/rohit/ros2_ws/install/examples_rclpy_guard_conditions:/home/rohit/ros2_ws/install/examples_rclpy_executors:/home/rohit/install/py_pubsub:/home/rohit/install/package1:/home/rohit/install/pack1:/home/rohit/install/my_package:/home/rohit/install/launch_testing_examples:/home/rohit/install/examples_rclpy_pointcloud_publisher:/home/rohit/install/examples_rclpy_minimal_subscriber:/home/rohit/install/examples_rclpy_minimal_service:/home/rohit/install/examples_rclpy_minimal_publisher:/home/rohit/install/examples_rclpy_minimal_client:/home/rohit/install/examples_rclpy_minimal_action_server:/home/rohit/install/examples_rclpy_minimal_action_client:/home/rohit/install/examples_rclpy_guard_conditions:/home/rohit/install/examples_rclpy_executors:/home/rohit/install/eufs_launcher:/home/rohit/install/eufs_tracks:/home/rohit/install/eufs_rqt:/home/rohit/install/eufs_racecar:/home/rohit/module2.1/install/service_package:/home/rohit/module2.1/install/my_client_pkg:/home/rohit/2dof/install/pos:/home/rohit/assigndirectory/install/pack1:/home/rohit/mynode/install/package1:/opt/ros/humble /usr/bin/cmake --install /home/rohit/slam2/build/hello
