[0.011s] Invoking command in '/home/rohit/slam2/build/hello': CMAKE_PREFIX_PATH=${CMAKE_PREFIX_PATH}:/home/rohit/install/py_pubsub:/home/rohit/install/package1:/home/rohit/install/pack1:/home/rohit/install/my_package:/home/rohit/install/launch_testing_examples:/home/rohit/install/examples_rclpy_pointcloud_publisher:/home/rohit/install/examples_rclpy_minimal_subscriber:/home/rohit/install/examples_rclpy_minimal_service:/home/rohit/install/examples_rclpy_minimal_publisher:/home/rohit/install/examples_rclpy_minimal_client:/home/rohit/install/examples_rclpy_minimal_action_server:/home/rohit/install/examples_rclpy_minimal_action_client:/home/rohit/install/examples_rclpy_guard_conditions:/home/rohit/install/examples_rclpy_executors:/home/rohit/install/eufs_launcher:/home/rohit/install/eufs_tracks:/home/rohit/install/eufs_rqt:/home/rohit/install/eufs_racecar:/home/rohit/module2.1/install/service_package:/home/rohit/module2.1/install/my_client_pkg:/home/rohit/2dof/install/pos:/home/rohit/assigndirectory/install/pack1:/home/rohit/mynode/install/package1:/opt/ros/humble /usr/bin/cmake --build /home/rohit/slam2/build/hello -- -j20 -l20
[0.034s] -- Found ament_cmake: 1.3.11 (/opt/ros/humble/share/ament_cmake/cmake)
[0.142s] -- Found rclcpp: 16.0.11 (/opt/ros/humble/share/rclcpp/cmake)
[0.161s] -- Found rosidl_generator_c: 3.1.6 (/opt/ros/humble/share/rosidl_generator_c/cmake)
[0.162s] -- Found rosidl_adapter: 3.1.6 (/opt/ros/humble/share/rosidl_adapter/cmake)
[0.166s] -- Found rosidl_generator_cpp: 3.1.6 (/opt/ros/humble/share/rosidl_generator_cpp/cmake)
[0.173s] -- Using all available rosidl_typesupport_c: rosidl_typesupport_fastrtps_c;rosidl_typesupport_introspection_c
[0.182s] -- Using all available rosidl_typesupport_cpp: rosidl_typesupport_fastrtps_cpp;rosidl_typesupport_introspection_cpp
[0.203s] -- Found rmw_implementation_cmake: 6.1.2 (/opt/ros/humble/share/rmw_implementation_cmake/cmake)
[0.205s] -- Found rmw_fastrtps_cpp: 6.2.7 (/opt/ros/humble/share/rmw_fastrtps_cpp/cmake)
[0.279s] -- Using RMW implementation 'rmw_fastrtps_cpp' as default
[0.309s] -- Found visualization_msgs: 4.2.4 (/opt/ros/humble/share/visualization_msgs/cmake)
[0.340s] -- Found eufs_msgs: 2.0.0 (/home/rohit/install/eufs_msgs/share/eufs_msgs/cmake)
[0.364s] -- Found tf2: 0.25.12 (/opt/ros/humble/share/tf2/cmake)
[0.367s] -- Found tf2_geometry_msgs: 0.25.12 (/opt/ros/humble/share/tf2_geometry_msgs/cmake)
[0.369s] -- Found eigen3_cmake_module: 0.1.1 (/opt/ros/humble/share/eigen3_cmake_module/cmake)
[0.370s] -- Ensuring Eigen3 include directory is part of orocos-kdl CMake target
[0.421s] -- Found ament_lint_auto: 0.12.11 (/opt/ros/humble/share/ament_lint_auto/cmake)
[0.474s] -- Added test 'cppcheck' to perform static code analysis on C / C++ code
[0.474s] -- Configured cppcheck include dirs: 
[0.474s] -- Configured cppcheck exclude dirs and/or files: 
[0.474s] -- Added test 'lint_cmake' to check CMake code style
[0.475s] -- Added test 'uncrustify' to check C / C++ code style
[0.475s] -- Configured uncrustify additional arguments: 
[0.475s] -- Added test 'xmllint' to check XML markup files
[0.475s] -- Configuring done
[0.490s] -- Generating done
[0.497s] -- Build files have been written to: /home/rohit/slam2/build/hello
[0.520s] [35m[1mConsolidate compiler generated dependencies of target node[0m
[0.522s] [35m[1mConsolidate compiler generated dependencies of target node2[0m
[0.523s] [35m[1mConsolidate compiler generated dependencies of target actual[0m
[0.523s] [35m[1mConsolidate compiler generated dependencies of target node1[0m
[0.523s] [35m[1mConsolidate compiler generated dependencies of target v[0m
[0.536s] [ 20%] Built target node
[0.536s] [ 30%] [32mBuilding CXX object CMakeFiles/actual.dir/src/actual.cpp.o[0m
[0.536s] [ 50%] Built target v
[0.538s] [ 70%] Built target node2
[0.539s] [ 90%] Built target node1
[5.881s] [100%] [32m[1mLinking CXX executable actual[0m
[6.171s] [100%] Built target actual
[6.184s] Invoked command in '/home/rohit/slam2/build/hello' returned '0': CMAKE_PREFIX_PATH=${CMAKE_PREFIX_PATH}:/home/rohit/install/py_pubsub:/home/rohit/install/package1:/home/rohit/install/pack1:/home/rohit/install/my_package:/home/rohit/install/launch_testing_examples:/home/rohit/install/examples_rclpy_pointcloud_publisher:/home/rohit/install/examples_rclpy_minimal_subscriber:/home/rohit/install/examples_rclpy_minimal_service:/home/rohit/install/examples_rclpy_minimal_publisher:/home/rohit/install/examples_rclpy_minimal_client:/home/rohit/install/examples_rclpy_minimal_action_server:/home/rohit/install/examples_rclpy_minimal_action_client:/home/rohit/install/examples_rclpy_guard_conditions:/home/rohit/install/examples_rclpy_executors:/home/rohit/install/eufs_launcher:/home/rohit/install/eufs_tracks:/home/rohit/install/eufs_rqt:/home/rohit/install/eufs_racecar:/home/rohit/module2.1/install/service_package:/home/rohit/module2.1/install/my_client_pkg:/home/rohit/2dof/install/pos:/home/rohit/assigndirectory/install/pack1:/home/rohit/mynode/install/package1:/opt/ros/humble /usr/bin/cmake --build /home/rohit/slam2/build/hello -- -j20 -l20
[6.195s] Invoking command in '/home/rohit/slam2/build/hello': CMAKE_PREFIX_PATH=${CMAKE_PREFIX_PATH}:/home/rohit/install/py_pubsub:/home/rohit/install/package1:/home/rohit/install/pack1:/home/rohit/install/my_package:/home/rohit/install/launch_testing_examples:/home/rohit/install/examples_rclpy_pointcloud_publisher:/home/rohit/install/examples_rclpy_minimal_subscriber:/home/rohit/install/examples_rclpy_minimal_service:/home/rohit/install/examples_rclpy_minimal_publisher:/home/rohit/install/examples_rclpy_minimal_client:/home/rohit/install/examples_rclpy_minimal_action_server:/home/rohit/install/examples_rclpy_minimal_action_client:/home/rohit/install/examples_rclpy_guard_conditions:/home/rohit/install/examples_rclpy_executors:/home/rohit/install/eufs_launcher:/home/rohit/install/eufs_tracks:/home/rohit/install/eufs_rqt:/home/rohit/install/eufs_racecar:/home/rohit/module2.1/install/service_package:/home/rohit/module2.1/install/my_client_pkg:/home/rohit/2dof/install/pos:/home/rohit/assigndirectory/install/pack1:/home/rohit/mynode/install/package1:/opt/ros/humble /usr/bin/cmake --install /home/rohit/slam2/build/hello
[6.205s] -- Install configuration: ""
[6.205s] -- Up-to-date: /home/rohit/slam2/install/hello/lib/hello/node1
[6.205s] -- Up-to-date: /home/rohit/slam2/install/hello/lib/hello/node2
[6.206s] -- Up-to-date: /home/rohit/slam2/install/hello/lib/hello/v
[6.206s] -- Installing: /home/rohit/slam2/install/hello/lib/hello/actual
[6.209s] -- Set runtime path of "/home/rohit/slam2/install/hello/lib/hello/actual" to ""
[6.209s] -- Up-to-date: /home/rohit/slam2/install/hello/lib/hello/node
[6.209s] -- Up-to-date: /home/rohit/slam2/install/hello/share/ament_index/resource_index/package_run_dependencies/hello
[6.209s] -- Installing: /home/rohit/slam2/install/hello/share/ament_index/resource_index/parent_prefix_path/hello
[6.210s] -- Up-to-date: /home/rohit/slam2/install/hello/share/hello/environment/ament_prefix_path.sh
[6.210s] -- Installing: /home/rohit/slam2/install/hello/share/hello/environment/ament_prefix_path.dsv
[6.210s] -- Up-to-date: /home/rohit/slam2/install/hello/share/hello/environment/path.sh
[6.210s] -- Installing: /home/rohit/slam2/install/hello/share/hello/environment/path.dsv
[6.210s] -- Up-to-date: /home/rohit/slam2/install/hello/share/hello/local_setup.bash
[6.210s] -- Up-to-date: /home/rohit/slam2/install/hello/share/hello/local_setup.sh
[6.210s] -- Up-to-date: /home/rohit/slam2/install/hello/share/hello/local_setup.zsh
[6.210s] -- Installing: /home/rohit/slam2/install/hello/share/hello/local_setup.dsv
[6.210s] -- Installing: /home/rohit/slam2/install/hello/share/hello/package.dsv
[6.210s] -- Up-to-date: /home/rohit/slam2/install/hello/share/ament_index/resource_index/packages/hello
[6.210s] -- Up-to-date: /home/rohit/slam2/install/hello/share/hello/cmake/helloConfig.cmake
[6.210s] -- Up-to-date: /home/rohit/slam2/install/hello/share/hello/cmake/helloConfig-version.cmake
[6.210s] -- Up-to-date: /home/rohit/slam2/install/hello/share/hello/package.xml
[6.212s] Invoked command in '/home/rohit/slam2/build/hello' returned '0': CMAKE_PREFIX_PATH=${CMAKE_PREFIX_PATH}:/home/rohit/install/py_pubsub:/home/rohit/install/package1:/home/rohit/install/pack1:/home/rohit/install/my_package:/home/rohit/install/launch_testing_examples:/home/rohit/install/examples_rclpy_pointcloud_publisher:/home/rohit/install/examples_rclpy_minimal_subscriber:/home/rohit/install/examples_rclpy_minimal_service:/home/rohit/install/examples_rclpy_minimal_publisher:/home/rohit/install/examples_rclpy_minimal_client:/home/rohit/install/examples_rclpy_minimal_action_server:/home/rohit/install/examples_rclpy_minimal_action_client:/home/rohit/install/examples_rclpy_guard_conditions:/home/rohit/install/examples_rclpy_executors:/home/rohit/install/eufs_launcher:/home/rohit/install/eufs_tracks:/home/rohit/install/eufs_rqt:/home/rohit/install/eufs_racecar:/home/rohit/module2.1/install/service_package:/home/rohit/module2.1/install/my_client_pkg:/home/rohit/2dof/install/pos:/home/rohit/assigndirectory/install/pack1:/home/rohit/mynode/install/package1:/opt/ros/humble /usr/bin/cmake --install /home/rohit/slam2/build/hello
