[01m[K/home/rohit/slam2/src/hello/src/update_ekf.cpp:56:27:[m[K [01;31m[Kerror: [m[Kcould not convert ‘[01m[K{((EKFLocalizer*)this)}[m[K’ from ‘[01m[K<brace-enclosed initializer list>[m[K’ to ‘[01m[KEKFLocalizer::Pose2DSub[m[K’ {aka ‘[01m[Kmessage_filters::Subscriber<geometry_msgs::msg::Pose2D_<std::allocator<void> > >[m[K’}
   56 |   Pose2DSub pose_sub_{this[01;31m[K}[m[K;
      |                           [01;31m[K^[m[K
      |                           [01;31m[K|[m[K
      |                           [01;31m[K<brace-enclosed initializer list>[m[K
[01m[K/home/rohit/slam2/src/hello/src/update_ekf.cpp:57:26:[m[K [01;31m[Kerror: [m[Kcould not convert ‘[01m[K{((EKFLocalizer*)this)}[m[K’ from ‘[01m[K<brace-enclosed initializer list>[m[K’ to ‘[01m[KEKFLocalizer::ConeSub[m[K’ {aka ‘[01m[Kmessage_filters::Subscriber<visualization_msgs::msg::Marker_<std::allocator<void> > >[m[K’}
   57 |   ConeSub cones_sub_{this[01;31m[K}[m[K;
      |                          [01;31m[K^[m[K
      |                          [01;31m[K|[m[K
      |                          [01;31m[K<brace-enclosed initializer list>[m[K
[01m[K/home/rohit/slam2/src/hello/src/update_ekf.cpp:[m[K In constructor ‘[01m[KEKFLocalizer::EKFLocalizer()[m[K’:
[01m[K/home/rohit/slam2/src/hello/src/update_ekf.cpp:32:65:[m[K [01;31m[Kerror: [m[Kno matching function for call to ‘[01m[Kmessage_filters::TimeSynchronizer<geometry_msgs::msg::Pose2D_<std::allocator<void> >, visualization_msgs::msg::Marker_<std::allocator<void> > >::TimeSynchronizer(EKFLocalizer::MySyncPolicy, EKFLocalizer::Pose2DSub&, EKFLocalizer::ConeSub&)[m[K’
   32 |     sync_.reset(new Sync(MySyncPolicy(10), pose_sub_, cones_sub_[01;31m[K)[m[K);
      |                                                                 [01;31m[K^[m[K
In file included from [01m[K/home/rohit/slam2/src/hello/src/update_ekf.cpp:13[m[K:
[01m[K/opt/ros/humble/include/message_filters/message_filters/time_synchronizer.h:164:3:[m[K [01;36m[Knote: [m[Kcandidate: ‘[01m[Ktemplate<class F0, class F1, class F2, class F3, class F4, class F5, class F6, class F7, class F8> message_filters::TimeSynchronizer<M0, M1, M2, M3, M4, M5, M6, M7, M8>::TimeSynchronizer(F0&, F1&, F2&, F3&, F4&, F5&, F6&, F7&, F8&, uint32_t) [with F0 = F0; F1 = F1; F2 = F2; F3 = F3; F4 = F4; F5 = F5; F6 = F6; F7 = F7; F8 = F8; M0 = geometry_msgs::msg::Pose2D_<std::allocator<void> >; M1 = visualization_msgs::msg::Marker_<std::allocator<void> >; M2 = message_filters::NullType; M3 = message_filters::NullType; M4 = message_filters::NullType; M5 = message_filters::NullType; M6 = message_filters::NullType; M7 = message_filters::NullType; M8 = message_filters::NullType][m[K’
  164 |   [01;36m[KTimeSynchronizer[m[K(F0& f0, F1& f1, F2& f2, F3& f3, F4& f4, F5& f5, F6& f6, F7& f7, F8& f8, uint32_t queue_size)
      |   [01;36m[K^~~~~~~~~~~~~~~~[m[K
[01m[K/opt/ros/humble/include/message_filters/message_filters/time_synchronizer.h:164:3:[m[K [01;36m[Knote: [m[K  template argument deduction/substitution failed:
[01m[K/home/rohit/slam2/src/hello/src/update_ekf.cpp:32:65:[m[K [01;36m[Knote: [m[K  candidate expects 10 arguments, 3 provided
   32 |     sync_.reset(new Sync(MySyncPolicy(10), pose_sub_, cones_sub_[01;36m[K)[m[K);
      |                                                                 [01;36m[K^[m[K
In file included from [01m[K/home/rohit/slam2/src/hello/src/update_ekf.cpp:13[m[K:
[01m[K/opt/ros/humble/include/message_filters/message_filters/time_synchronizer.h:157:3:[m[K [01;36m[Knote: [m[Kcandidate: ‘[01m[Ktemplate<class F0, class F1, class F2, class F3, class F4, class F5, class F6, class F7> message_filters::TimeSynchronizer<M0, M1, M2, M3, M4, M5, M6, M7, M8>::TimeSynchronizer(F0&, F1&, F2&, F3&, F4&, F5&, F6&, F7&, uint32_t) [with F0 = F0; F1 = F1; F2 = F2; F3 = F3; F4 = F4; F5 = F5; F6 = F6; F7 = F7; M0 = geometry_msgs::msg::Pose2D_<std::allocator<void> >; M1 = visualization_msgs::msg::Marker_<std::allocator<void> >; M2 = message_filters::NullType; M3 = message_filters::NullType; M4 = message_filters::NullType; M5 = message_filters::NullType; M6 = message_filters::NullType; M7 = message_filters::NullType; M8 = message_filters::NullType][m[K’
  157 |   [01;36m[KTimeSynchronizer[m[K(F0& f0, F1& f1, F2& f2, F3& f3, F4& f4, F5& f5, F6& f6, F7& f7, uint32_t queue_size)
      |   [01;36m[K^~~~~~~~~~~~~~~~[m[K
[01m[K/opt/ros/humble/include/message_filters/message_filters/time_synchronizer.h:157:3:[m[K [01;36m[Knote: [m[K  template argument deduction/substitution failed:
[01m[K/home/rohit/slam2/src/hello/src/update_ekf.cpp:32:65:[m[K [01;36m[Knote: [m[K  candidate expects 9 arguments, 3 provided
   32 |     sync_.reset(new Sync(MySyncPolicy(10), pose_sub_, cones_sub_[01;36m[K)[m[K);
      |                                                                 [01;36m[K^[m[K
In file included from [01m[K/home/rohit/slam2/src/hello/src/update_ekf.cpp:13[m[K:
[01m[K/opt/ros/humble/include/message_filters/message_filters/time_synchronizer.h:150:3:[m[K [01;36m[Knote: [m[Kcandidate: ‘[01m[Ktemplate<class F0, class F1, class F2, class F3, class F4, class F5, class F6> message_filters::TimeSynchronizer<M0, M1, M2, M3, M4, M5, M6, M7, M8>::TimeSynchronizer(F0&, F1&, F2&, F3&, F4&, F5&, F6&, uint32_t) [with F0 = F0; F1 = F1; F2 = F2; F3 = F3; F4 = F4; F5 = F5; F6 = F6; M0 = geometry_msgs::msg::Pose2D_<std::allocator<void> >; M1 = visualization_msgs::msg::Marker_<std::allocator<void> >; M2 = message_filters::NullType; M3 = message_filters::NullType; M4 = message_filters::NullType; M5 = message_filters::NullType; M6 = message_filters::NullType; M7 = message_filters::NullType; M8 = message_filters::NullType][m[K’
  150 |   [01;36m[KTimeSynchronizer[m[K(F0& f0, F1& f1, F2& f2, F3& f3, F4& f4, F5& f5, F6& f6, uint32_t queue_size)
      |   [01;36m[K^~~~~~~~~~~~~~~~[m[K
[01m[K/opt/ros/humble/include/message_filters/message_filters/time_synchronizer.h:150:3:[m[K [01;36m[Knote: [m[K  template argument deduction/substitution failed:
[01m[K/home/rohit/slam2/src/hello/src/update_ekf.cpp:32:65:[m[K [01;36m[Knote: [m[K  candidate expects 8 arguments, 3 provided
   32 |     sync_.reset(new Sync(MySyncPolicy(10), pose_sub_, cones_sub_[01;36m[K)[m[K);
      |                                                                 [01;36m[K^[m[K
In file included from [01m[K/home/rohit/slam2/src/hello/src/update_ekf.cpp:13[m[K:
[01m[K/opt/ros/humble/include/message_filters/message_filters/time_synchronizer.h:143:3:[m[K [01;36m[Knote: [m[Kcandidate: ‘[01m[Ktemplate<class F0, class F1, class F2, class F3, class F4, class F5> message_filters::TimeSynchronizer<M0, M1, M2, M3, M4, M5, M6, M7, M8>::TimeSynchronizer(F0&, F1&, F2&, F3&, F4&, F5&, uint32_t) [with F0 = F0; F1 = F1; F2 = F2; F3 = F3; F4 = F4; F5 = F5; M0 = geometry_msgs::msg::Pose2D_<std::allocator<void> >; M1 = visualization_msgs::msg::Marker_<std::allocator<void> >; M2 = message_filters::NullType; M3 = message_filters::NullType; M4 = message_filters::NullType; M5 = message_filters::NullType; M6 = message_filters::NullType; M7 = message_filters::NullType; M8 = message_filters::NullType][m[K’
  143 |   [01;36m[KTimeSynchronizer[m[K(F0& f0, F1& f1, F2& f2, F3& f3, F4& f4, F5& f5, uint32_t queue_size)
      |   [01;36m[K^~~~~~~~~~~~~~~~[m[K
[01m[K/opt/ros/humble/include/message_filters/message_filters/time_synchronizer.h:143:3:[m[K [01;36m[Knote: [m[K  template argument deduction/substitution failed:
[01m[K/home/rohit/slam2/src/hello/src/update_ekf.cpp:32:65:[m[K [01;36m[Knote: [m[K  candidate expects 7 arguments, 3 provided
   32 |     sync_.reset(new Sync(MySyncPolicy(10), pose_sub_, cones_sub_[01;36m[K)[m[K);
      |                                                                 [01;36m[K^[m[K
In file included from [01m[K/home/rohit/slam2/src/hello/src/update_ekf.cpp:13[m[K:
[01m[K/opt/ros/humble/include/message_filters/message_filters/time_synchronizer.h:136:3:[m[K [01;36m[Knote: [m[Kcandidate: ‘[01m[Ktemplate<class F0, class F1, class F2, class F3, class F4> message_filters::TimeSynchronizer<M0, M1, M2, M3, M4, M5, M6, M7, M8>::TimeSynchronizer(F0&, F1&, F2&, F3&, F4&, uint32_t) [with F0 = F0; F1 = F1; F2 = F2; F3 = F3; F4 = F4; M0 = geometry_msgs::msg::Pose2D_<std::allocator<void> >; M1 = visualization_msgs::msg::Marker_<std::allocator<void> >; M2 = message_filters::NullType; M3 = message_filters::NullType; M4 = message_filters::NullType; M5 = message_filters::NullType; M6 = message_filters::NullType; M7 = message_filters::NullType; M8 = message_filters::NullType][m[K’
  136 |   [01;36m[KTimeSynchronizer[m[K(F0& f0, F1& f1, F2& f2, F3& f3, F4& f4, uint32_t queue_size)
      |   [01;36m[K^~~~~~~~~~~~~~~~[m[K
[01m[K/opt/ros/humble/include/message_filters/message_filters/time_synchronizer.h:136:3:[m[K [01;36m[Knote: [m[K  template argument deduction/substitution failed:
[01m[K/home/rohit/slam2/src/hello/src/update_ekf.cpp:32:65:[m[K [01;36m[Knote: [m[K  candidate expects 6 arguments, 3 provided
   32 |     sync_.reset(new Sync(MySyncPolicy(10), pose_sub_, cones_sub_[01;36m[K)[m[K);
      |                                                                 [01;36m[K^[m[K
In file included from [01m[K/home/rohit/slam2/src/hello/src/update_ekf.cpp:13[m[K:
[01m[K/opt/ros/humble/include/message_filters/message_filters/time_synchronizer.h:129:3:[m[K [01;36m[Knote: [m[Kcandidate: ‘[01m[Ktemplate<class F0, class F1, class F2, class F3> message_filters::TimeSynchronizer<M0, M1, M2, M3, M4, M5, M6, M7, M8>::TimeSynchronizer(F0&, F1&, F2&, F3&, uint32_t) [with F0 = F0; F1 = F1; F2 = F2; F3 = F3; M0 = geometry_msgs::msg::Pose2D_<std::allocator<void> >; M1 = visualization_msgs::msg::Marker_<std::allocator<void> >; M2 = message_filters::NullType; M3 = message_filters::NullType; M4 = message_filters::NullType; M5 = message_filters::NullType; M6 = message_filters::NullType; M7 = message_filters::NullType; M8 = message_filters::NullType][m[K’
  129 |   [01;36m[KTimeSynchronizer[m[K(F0& f0, F1& f1, F2& f2, F3& f3, uint32_t queue_size)
      |   [01;36m[K^~~~~~~~~~~~~~~~[m[K
[01m[K/opt/ros/humble/include/message_filters/message_filters/time_synchronizer.h:129:3:[m[K [01;36m[Knote: [m[K  template argument deduction/substitution failed:
[01m[K/home/rohit/slam2/src/hello/src/update_ekf.cpp:32:65:[m[K [01;36m[Knote: [m[K  candidate expects 5 arguments, 3 provided
   32 |     sync_.reset(new Sync(MySyncPolicy(10), pose_sub_, cones_sub_[01;36m[K)[m[K);
      |                                                                 [01;36m[K^[m[K
In file included from [01m[K/home/rohit/slam2/src/hello/src/update_ekf.cpp:13[m[K:
[01m[K/opt/ros/humble/include/message_filters/message_filters/time_synchronizer.h:122:3:[m[K [01;36m[Knote: [m[Kcandidate: ‘[01m[Ktemplate<class F0, class F1, class F2> message_filters::TimeSynchronizer<M0, M1, M2, M3, M4, M5, M6, M7, M8>::TimeSynchronizer(F0&, F1&, F2&, uint32_t) [with F0 = F0; F1 = F1; F2 = F2; M0 = geometry_msgs::msg::Pose2D_<std::allocator<void> >; M1 = visualization_msgs::msg::Marker_<std::allocator<void> >; M2 = message_filters::NullType; M3 = message_filters::NullType; M4 = message_filters::NullType; M5 = message_filters::NullType; M6 = message_filters::NullType; M7 = message_filters::NullType; M8 = message_filters::NullType][m[K’
  122 |   [01;36m[KTimeSynchronizer[m[K(F0& f0, F1& f1, F2& f2, uint32_t queue_size)
      |   [01;36m[K^~~~~~~~~~~~~~~~[m[K
[01m[K/opt/ros/humble/include/message_filters/message_filters/time_synchronizer.h:122:3:[m[K [01;36m[Knote: [m[K  template argument deduction/substitution failed:
[01m[K/home/rohit/slam2/src/hello/src/update_ekf.cpp:32:65:[m[K [01;36m[Knote: [m[K  candidate expects 4 arguments, 3 provided
   32 |     sync_.reset(new Sync(MySyncPolicy(10), pose_sub_, cones_sub_[01;36m[K)[m[K);
      |                                                                 [01;36m[K^[m[K
In file included from [01m[K/home/rohit/slam2/src/hello/src/update_ekf.cpp:13[m[K:
[01m[K/opt/ros/humble/include/message_filters/message_filters/time_synchronizer.h:115:3:[m[K [01;36m[Knote: [m[Kcandidate: ‘[01m[Ktemplate<class F0, class F1> message_filters::TimeSynchronizer<M0, M1, M2, M3, M4, M5, M6, M7, M8>::TimeSynchronizer(F0&, F1&, uint32_t) [with F0 = F0; F1 = F1; M0 = geometry_msgs::msg::Pose2D_<std::allocator<void> >; M1 = visualization_msgs::msg::Marker_<std::allocator<void> >; M2 = message_filters::NullType; M3 = message_filters::NullType; M4 = message_filters::NullType; M5 = message_filters::NullType; M6 = message_filters::NullType; M7 = message_filters::NullType; M8 = message_filters::NullType][m[K’
  115 |   [01;36m[KTimeSynchronizer[m[K(F0& f0, F1& f1, uint32_t queue_size)
      |   [01;36m[K^~~~~~~~~~~~~~~~[m[K
[01m[K/opt/ros/humble/include/message_filters/message_filters/time_synchronizer.h:115:3:[m[K [01;36m[Knote: [m[K  template argument deduction/substitution failed:
[01m[K/home/rohit/slam2/src/hello/src/update_ekf.cpp:32:55:[m[K [01;36m[Knote: [m[K  cannot convert ‘[01m[K((EKFLocalizer*)this)->EKFLocalizer::cones_sub_[m[K’ (type ‘[01m[KEKFLocalizer::ConeSub[m[K’ {aka ‘[01m[Kmessage_filters::Subscriber<visualization_msgs::msg::Marker_<std::allocator<void> > >[m[K’}) to type ‘[01m[Kuint32_t[m[K’ {aka ‘[01m[Kunsigned int[m[K’}
   32 |     sync_.reset(new Sync(MySyncPolicy(10), pose_sub_, [01;36m[Kcones_sub_[m[K));
      |                                                       [01;36m[K^~~~~~~~~~[m[K
In file included from [01m[K/home/rohit/slam2/src/hello/src/update_ekf.cpp:13[m[K:
[01m[K/opt/ros/humble/include/message_filters/message_filters/time_synchronizer.h:170:3:[m[K [01;36m[Knote: [m[Kcandidate: ‘[01m[Kmessage_filters::TimeSynchronizer<M0, M1, M2, M3, M4, M5, M6, M7, M8>::TimeSynchronizer(uint32_t) [with M0 = geometry_msgs::msg::Pose2D_<std::allocator<void> >; M1 = visualization_msgs::msg::Marker_<std::allocator<void> >; M2 = message_filters::NullType; M3 = message_filters::NullType; M4 = message_filters::NullType; M5 = message_filters::NullType; M6 = message_filters::NullType; M7 = message_filters::NullType; M8 = message_filters::NullType; uint32_t = unsigned int][m[K’
  170 |   [01;36m[KTimeSynchronizer[m[K(uint32_t queue_size)
      |   [01;36m[K^~~~~~~~~~~~~~~~[m[K
[01m[K/opt/ros/humble/include/message_filters/message_filters/time_synchronizer.h:170:3:[m[K [01;36m[Knote: [m[K  candidate expects 1 argument, 3 provided
gmake[2]: *** [CMakeFiles/update_ekf.dir/build.make:76: CMakeFiles/update_ekf.dir/src/update_ekf.cpp.o] Error 1
gmake[1]: *** [CMakeFiles/Makefile2:205: CMakeFiles/update_ekf.dir/all] Error 2
gmake: *** [Makefile:146: all] Error 2
