[0.011s] Invoking command in '/home/rohit/slam2/build/hello': CMAKE_PREFIX_PATH=${CMAKE_PREFIX_PATH}:/home/rohit/install/py_pubsub:/home/rohit/install/package1:/home/rohit/install/pack1:/home/rohit/install/my_package:/home/rohit/install/launch_testing_examples:/home/rohit/install/examples_rclpy_pointcloud_publisher:/home/rohit/install/examples_rclpy_minimal_subscriber:/home/rohit/install/examples_rclpy_minimal_service:/home/rohit/install/examples_rclpy_minimal_publisher:/home/rohit/install/examples_rclpy_minimal_client:/home/rohit/install/examples_rclpy_minimal_action_server:/home/rohit/install/examples_rclpy_minimal_action_client:/home/rohit/install/examples_rclpy_guard_conditions:/home/rohit/install/examples_rclpy_executors:/home/rohit/install/eufs_launcher:/home/rohit/install/eufs_tracks:/home/rohit/install/eufs_rqt:/home/rohit/install/eufs_racecar:/home/rohit/module2.1/install/service_package:/home/rohit/module2.1/install/my_client_pkg:/home/rohit/2dof/install/pos:/home/rohit/assigndirectory/install/pack1:/home/rohit/mynode/install/package1:/opt/ros/humble /usr/bin/cmake --build /home/rohit/slam2/build/hello -- -j20 -l20
[0.065s] [35m[1mConsolidate compiler generated dependencies of target node[0m
[0.080s] [ 25%] Built target node2
[0.082s] [ 50%] Built target node1
[0.083s] [ 75%] Built target v
[0.085s] [ 87%] [32mBuilding CXX object CMakeFiles/node.dir/src/node.cpp.o[0m
[5.562s] [100%] [32m[1mLinking CXX executable node[0m
[5.879s] [100%] Built target node
[5.897s] Invoked command in '/home/rohit/slam2/build/hello' returned '0': CMAKE_PREFIX_PATH=${CMAKE_PREFIX_PATH}:/home/rohit/install/py_pubsub:/home/rohit/install/package1:/home/rohit/install/pack1:/home/rohit/install/my_package:/home/rohit/install/launch_testing_examples:/home/rohit/install/examples_rclpy_pointcloud_publisher:/home/rohit/install/examples_rclpy_minimal_subscriber:/home/rohit/install/examples_rclpy_minimal_service:/home/rohit/install/examples_rclpy_minimal_publisher:/home/rohit/install/examples_rclpy_minimal_client:/home/rohit/install/examples_rclpy_minimal_action_server:/home/rohit/install/examples_rclpy_minimal_action_client:/home/rohit/install/examples_rclpy_guard_conditions:/home/rohit/install/examples_rclpy_executors:/home/rohit/install/eufs_launcher:/home/rohit/install/eufs_tracks:/home/rohit/install/eufs_rqt:/home/rohit/install/eufs_racecar:/home/rohit/module2.1/install/service_package:/home/rohit/module2.1/install/my_client_pkg:/home/rohit/2dof/install/pos:/home/rohit/assigndirectory/install/pack1:/home/rohit/mynode/install/package1:/opt/ros/humble /usr/bin/cmake --build /home/rohit/slam2/build/hello -- -j20 -l20
[5.909s] Invoking command in '/home/rohit/slam2/build/hello': CMAKE_PREFIX_PATH=${CMAKE_PREFIX_PATH}:/home/rohit/install/py_pubsub:/home/rohit/install/package1:/home/rohit/install/pack1:/home/rohit/install/my_package:/home/rohit/install/launch_testing_examples:/home/rohit/install/examples_rclpy_pointcloud_publisher:/home/rohit/install/examples_rclpy_minimal_subscriber:/home/rohit/install/examples_rclpy_minimal_service:/home/rohit/install/examples_rclpy_minimal_publisher:/home/rohit/install/examples_rclpy_minimal_client:/home/rohit/install/examples_rclpy_minimal_action_server:/home/rohit/install/examples_rclpy_minimal_action_client:/home/rohit/install/examples_rclpy_guard_conditions:/home/rohit/install/examples_rclpy_executors:/home/rohit/install/eufs_launcher:/home/rohit/install/eufs_tracks:/home/rohit/install/eufs_rqt:/home/rohit/install/eufs_racecar:/home/rohit/module2.1/install/service_package:/home/rohit/module2.1/install/my_client_pkg:/home/rohit/2dof/install/pos:/home/rohit/assigndirectory/install/pack1:/home/rohit/mynode/install/package1:/opt/ros/humble /usr/bin/cmake --install /home/rohit/slam2/build/hello
[5.918s] -- Install configuration: ""
[5.918s] -- Up-to-date: /home/rohit/slam2/install/hello/lib/hello/node1
[5.918s] -- Up-to-date: /home/rohit/slam2/install/hello/lib/hello/node2
[5.918s] -- Up-to-date: /home/rohit/slam2/install/hello/lib/hello/v
[5.919s] -- Installing: /home/rohit/slam2/install/hello/lib/hello/node
[5.922s] -- Set runtime path of "/home/rohit/slam2/install/hello/lib/hello/node" to ""
[5.922s] -- Up-to-date: /home/rohit/slam2/install/hello/share/ament_index/resource_index/package_run_dependencies/hello
[5.922s] -- Up-to-date: /home/rohit/slam2/install/hello/share/ament_index/resource_index/parent_prefix_path/hello
[5.922s] -- Up-to-date: /home/rohit/slam2/install/hello/share/hello/environment/ament_prefix_path.sh
[5.922s] -- Up-to-date: /home/rohit/slam2/install/hello/share/hello/environment/ament_prefix_path.dsv
[5.923s] -- Up-to-date: /home/rohit/slam2/install/hello/share/hello/environment/path.sh
[5.923s] -- Up-to-date: /home/rohit/slam2/install/hello/share/hello/environment/path.dsv
[5.923s] -- Up-to-date: /home/rohit/slam2/install/hello/share/hello/local_setup.bash
[5.923s] -- Up-to-date: /home/rohit/slam2/install/hello/share/hello/local_setup.sh
[5.923s] -- Up-to-date: /home/rohit/slam2/install/hello/share/hello/local_setup.zsh
[5.923s] -- Up-to-date: /home/rohit/slam2/install/hello/share/hello/local_setup.dsv
[5.923s] -- Installing: /home/rohit/slam2/install/hello/share/hello/package.dsv
[5.923s] -- Up-to-date: /home/rohit/slam2/install/hello/share/ament_index/resource_index/packages/hello
[5.924s] -- Up-to-date: /home/rohit/slam2/install/hello/share/hello/cmake/helloConfig.cmake
[5.924s] -- Up-to-date: /home/rohit/slam2/install/hello/share/hello/cmake/helloConfig-version.cmake
[5.924s] -- Up-to-date: /home/rohit/slam2/install/hello/share/hello/package.xml
[5.924s] Invoked command in '/home/rohit/slam2/build/hello' returned '0': CMAKE_PREFIX_PATH=${CMAKE_PREFIX_PATH}:/home/rohit/install/py_pubsub:/home/rohit/install/package1:/home/rohit/install/pack1:/home/rohit/install/my_package:/home/rohit/install/launch_testing_examples:/home/rohit/install/examples_rclpy_pointcloud_publisher:/home/rohit/install/examples_rclpy_minimal_subscriber:/home/rohit/install/examples_rclpy_minimal_service:/home/rohit/install/examples_rclpy_minimal_publisher:/home/rohit/install/examples_rclpy_minimal_client:/home/rohit/install/examples_rclpy_minimal_action_server:/home/rohit/install/examples_rclpy_minimal_action_client:/home/rohit/install/examples_rclpy_guard_conditions:/home/rohit/install/examples_rclpy_executors:/home/rohit/install/eufs_launcher:/home/rohit/install/eufs_tracks:/home/rohit/install/eufs_rqt:/home/rohit/install/eufs_racecar:/home/rohit/module2.1/install/service_package:/home/rohit/module2.1/install/my_client_pkg:/home/rohit/2dof/install/pos:/home/rohit/assigndirectory/install/pack1:/home/rohit/mynode/install/package1:/opt/ros/humble /usr/bin/cmake --install /home/rohit/slam2/build/hello
