[0.008s] Invoking command in '/home/rohit/slam2/build/hello': CMAKE_PREFIX_PATH=${CMAKE_PREFIX_PATH}:/home/rohit/module2.1/install/service_package:/home/rohit/module2.1/install/my_client_pkg:/home/rohit/2dof/install/pos:/home/rohit/assigndirectory/install/pack1:/home/rohit/mynode/install/package1:/opt/ros/humble /usr/bin/cmake /home/rohit/slam2/src/hello -DCMAKE_INSTALL_PREFIX=/home/rohit/slam2/install/hello
[0.052s] -- The C compiler identification is GNU 11.4.0
[0.092s] -- The CXX compiler identification is GNU 11.4.0
[0.097s] -- Detecting C compiler ABI info
[0.154s] -- Detecting C compiler ABI info - done
[0.160s] -- Check for working C compiler: /usr/bin/cc - skipped
[0.160s] -- Detecting C compile features
[0.160s] -- Detecting C compile features - done
[0.162s] -- Detecting CXX compiler ABI info
[0.232s] -- Detecting CXX compiler ABI info - done
[0.237s] -- Check for working CXX compiler: /usr/bin/c++ - skipped
[0.237s] -- Detecting CXX compile features
[0.237s] -- Detecting CXX compile features - done
[0.239s] -- Found ament_cmake: 1.3.11 (/opt/ros/humble/share/ament_cmake/cmake)
[0.351s] -- Found Python3: /usr/bin/python3 (found version "3.10.12") found components: Interpreter 
[0.415s] -- Found rclcpp: 16.0.11 (/opt/ros/humble/share/rclcpp/cmake)
[0.444s] -- Found rosidl_generator_c: 3.1.6 (/opt/ros/humble/share/rosidl_generator_c/cmake)
[0.447s] -- Found rosidl_adapter: 3.1.6 (/opt/ros/humble/share/rosidl_adapter/cmake)
[0.453s] -- Found rosidl_generator_cpp: 3.1.6 (/opt/ros/humble/share/rosidl_generator_cpp/cmake)
[0.461s] -- Using all available rosidl_typesupport_c: rosidl_typesupport_fastrtps_c;rosidl_typesupport_introspection_c
[0.472s] -- Using all available rosidl_typesupport_cpp: rosidl_typesupport_fastrtps_cpp;rosidl_typesupport_introspection_cpp
[0.502s] -- Found rmw_implementation_cmake: 6.1.2 (/opt/ros/humble/share/rmw_implementation_cmake/cmake)
[0.504s] -- Found rmw_fastrtps_cpp: 6.2.7 (/opt/ros/humble/share/rmw_fastrtps_cpp/cmake)
[0.572s] -- Found OpenSSL: /usr/lib/x86_64-linux-gnu/libcrypto.so (found version "3.0.2")  
[0.591s] -- Found FastRTPS: /opt/ros/humble/include  
[0.620s] -- Using RMW implementation 'rmw_fastrtps_cpp' as default
[0.626s] -- Looking for pthread.h
[0.683s] -- Looking for pthread.h - found
[0.683s] -- Performing Test CMAKE_HAVE_LIBC_PTHREAD
[0.740s] -- Performing Test CMAKE_HAVE_LIBC_PTHREAD - Success
[0.741s] -- Found Threads: TRUE  
[0.775s] -- Found visualization_msgs: 4.2.4 (/opt/ros/humble/share/visualization_msgs/cmake)
[0.810s] -- Found ament_lint_auto: 0.12.11 (/opt/ros/humble/share/ament_lint_auto/cmake)
[0.864s] -- Added test 'cppcheck' to perform static code analysis on C / C++ code
[0.864s] -- Configured cppcheck include dirs: 
[0.864s] -- Configured cppcheck exclude dirs and/or files: 
[0.864s] -- Added test 'lint_cmake' to check CMake code style
[0.865s] -- Added test 'uncrustify' to check C / C++ code style
[0.865s] -- Configured uncrustify additional arguments: 
[0.865s] -- Added test 'xmllint' to check XML markup files
[0.866s] -- Configuring done
[0.871s] -- Generating done
[0.873s] -- Build files have been written to: /home/rohit/slam2/build/hello
[0.880s] Invoked command in '/home/rohit/slam2/build/hello' returned '0': CMAKE_PREFIX_PATH=${CMAKE_PREFIX_PATH}:/home/rohit/module2.1/install/service_package:/home/rohit/module2.1/install/my_client_pkg:/home/rohit/2dof/install/pos:/home/rohit/assigndirectory/install/pack1:/home/rohit/mynode/install/package1:/opt/ros/humble /usr/bin/cmake /home/rohit/slam2/src/hello -DCMAKE_INSTALL_PREFIX=/home/rohit/slam2/install/hello
[0.882s] Invoking command in '/home/rohit/slam2/build/hello': CMAKE_PREFIX_PATH=${CMAKE_PREFIX_PATH}:/home/rohit/module2.1/install/service_package:/home/rohit/module2.1/install/my_client_pkg:/home/rohit/2dof/install/pos:/home/rohit/assigndirectory/install/pack1:/home/rohit/mynode/install/package1:/opt/ros/humble /usr/bin/cmake --build /home/rohit/slam2/build/hello -- -j20 -l20
[0.924s] [ 50%] [32mBuilding CXX object CMakeFiles/node.dir/src/node.cpp.o[0m
[3.634s] [100%] [32m[1mLinking CXX executable node[0m
[3.768s] [100%] Built target node
[3.777s] Invoked command in '/home/rohit/slam2/build/hello' returned '0': CMAKE_PREFIX_PATH=${CMAKE_PREFIX_PATH}:/home/rohit/module2.1/install/service_package:/home/rohit/module2.1/install/my_client_pkg:/home/rohit/2dof/install/pos:/home/rohit/assigndirectory/install/pack1:/home/rohit/mynode/install/package1:/opt/ros/humble /usr/bin/cmake --build /home/rohit/slam2/build/hello -- -j20 -l20
[3.787s] Invoking command in '/home/rohit/slam2/build/hello': CMAKE_PREFIX_PATH=${CMAKE_PREFIX_PATH}:/home/rohit/module2.1/install/service_package:/home/rohit/module2.1/install/my_client_pkg:/home/rohit/2dof/install/pos:/home/rohit/assigndirectory/install/pack1:/home/rohit/mynode/install/package1:/opt/ros/humble /usr/bin/cmake --install /home/rohit/slam2/build/hello
[3.792s] -- Install configuration: ""
[3.792s] -- Installing: /home/rohit/slam2/install/hello/lib/hello/node
[3.793s] -- Set runtime path of "/home/rohit/slam2/install/hello/lib/hello/node" to ""
[3.793s] -- Installing: /home/rohit/slam2/install/hello/share/ament_index/resource_index/package_run_dependencies/hello
[3.793s] -- Installing: /home/rohit/slam2/install/hello/share/ament_index/resource_index/parent_prefix_path/hello
[3.793s] -- Installing: /home/rohit/slam2/install/hello/share/hello/environment/ament_prefix_path.sh
[3.793s] -- Installing: /home/rohit/slam2/install/hello/share/hello/environment/ament_prefix_path.dsv
[3.793s] -- Installing: /home/rohit/slam2/install/hello/share/hello/environment/path.sh
[3.793s] -- Installing: /home/rohit/slam2/install/hello/share/hello/environment/path.dsv
[3.793s] -- Installing: /home/rohit/slam2/install/hello/share/hello/local_setup.bash
[3.793s] -- Installing: /home/rohit/slam2/install/hello/share/hello/local_setup.sh
[3.793s] -- Installing: /home/rohit/slam2/install/hello/share/hello/local_setup.zsh
[3.793s] -- Installing: /home/rohit/slam2/install/hello/share/hello/local_setup.dsv
[3.793s] -- Installing: /home/rohit/slam2/install/hello/share/hello/package.dsv
[3.793s] -- Installing: /home/rohit/slam2/install/hello/share/ament_index/resource_index/packages/hello
[3.793s] -- Installing: /home/rohit/slam2/install/hello/share/hello/cmake/helloConfig.cmake
[3.793s] -- Installing: /home/rohit/slam2/install/hello/share/hello/cmake/helloConfig-version.cmake
[3.793s] -- Installing: /home/rohit/slam2/install/hello/share/hello/package.xml
[3.794s] Invoked command in '/home/rohit/slam2/build/hello' returned '0': CMAKE_PREFIX_PATH=${CMAKE_PREFIX_PATH}:/home/rohit/module2.1/install/service_package:/home/rohit/module2.1/install/my_client_pkg:/home/rohit/2dof/install/pos:/home/rohit/assigndirectory/install/pack1:/home/rohit/mynode/install/package1:/opt/ros/humble /usr/bin/cmake --install /home/rohit/slam2/build/hello
