[0.200s] DEBUG:colcon:Command line arguments: ['/usr/bin/colcon', 'build', '--symlink-install']
[0.200s] DEBUG:colcon:Parsed command line arguments: Namespace(log_base=None, log_level=None, verb_name='build', build_base='build', install_base='install', merge_install=False, symlink_install=True, test_result_base=None, continue_on_error=False, executor='parallel', parallel_workers=20, event_handlers=None, ignore_user_meta=False, metas=['./colcon.meta'], base_paths=['.'], packages_ignore=None, packages_ignore_regex=None, paths=None, packages_up_to=None, packages_up_to_regex=None, packages_above=None, packages_above_and_dependencies=None, packages_above_depth=None, packages_select_by_dep=None, packages_skip_by_dep=None, packages_skip_up_to=None, packages_select_build_failed=False, packages_skip_build_finished=False, packages_select_test_failures=False, packages_skip_test_passed=False, packages_select=None, packages_skip=None, packages_select_regex=None, packages_skip_regex=None, packages_start=None, packages_end=None, allow_overriding=[], cmake_args=None, cmake_target=None, cmake_target_skip_unavailable=False, cmake_clean_cache=False, cmake_clean_first=False, cmake_force_configure=False, ament_cmake_args=None, catkin_cmake_args=None, catkin_skip_building_tests=False, mixin_files=None, mixin=None, verb_parser=<colcon_mixin.mixin.mixin_argument.MixinArgumentDecorator object at 0x7268fb2a15d0>, verb_extension=<colcon_core.verb.build.BuildVerb object at 0x7268fb3aa530>, main=<bound method BuildVerb.main of <colcon_core.verb.build.BuildVerb object at 0x7268fb3aa530>>, mixin_verb=('build',))
[0.487s] Level 1:colcon.colcon_core.package_discovery:discover_packages(colcon_meta) check parameters
[0.488s] Level 1:colcon.colcon_core.package_discovery:discover_packages(recursive) check parameters
[0.488s] Level 1:colcon.colcon_core.package_discovery:discover_packages(ignore) check parameters
[0.488s] Level 1:colcon.colcon_core.package_discovery:discover_packages(path) check parameters
[0.488s] Level 1:colcon.colcon_core.package_discovery:discover_packages(colcon_meta) discover
[0.488s] Level 1:colcon.colcon_core.package_discovery:discover_packages(recursive) discover
[0.488s] INFO:colcon.colcon_core.package_discovery:Crawling recursively for packages in '/home/rohit/slam2'
[0.488s] Level 1:colcon.colcon_core.package_identification:_identify(.) by extensions ['ignore', 'ignore_ament_install']
[0.488s] Level 1:colcon.colcon_core.package_identification:_identify(.) by extension 'ignore'
[0.488s] Level 1:colcon.colcon_core.package_identification:_identify(.) by extension 'ignore_ament_install'
[0.488s] Level 1:colcon.colcon_core.package_identification:_identify(.) by extensions ['colcon_pkg']
[0.488s] Level 1:colcon.colcon_core.package_identification:_identify(.) by extension 'colcon_pkg'
[0.488s] Level 1:colcon.colcon_core.package_identification:_identify(.) by extensions ['colcon_meta']
[0.488s] Level 1:colcon.colcon_core.package_identification:_identify(.) by extension 'colcon_meta'
[0.489s] Level 1:colcon.colcon_core.package_identification:_identify(.) by extensions ['ros']
[0.489s] Level 1:colcon.colcon_core.package_identification:_identify(.) by extension 'ros'
[0.508s] Level 1:colcon.colcon_core.package_identification:_identify(.) by extensions ['cmake', 'python']
[0.508s] Level 1:colcon.colcon_core.package_identification:_identify(.) by extension 'cmake'
[0.508s] Level 1:colcon.colcon_core.package_identification:_identify(.) by extension 'python'
[0.508s] Level 1:colcon.colcon_core.package_identification:_identify(.) by extensions ['python_setup_py']
[0.508s] Level 1:colcon.colcon_core.package_identification:_identify(.) by extension 'python_setup_py'
[0.508s] Level 1:colcon.colcon_core.package_identification:_identify(build) by extensions ['ignore', 'ignore_ament_install']
[0.509s] Level 1:colcon.colcon_core.package_identification:_identify(build) by extension 'ignore'
[0.509s] Level 1:colcon.colcon_core.package_identification:_identify(build) ignored
[0.509s] Level 1:colcon.colcon_core.package_identification:_identify(install) by extensions ['ignore', 'ignore_ament_install']
[0.509s] Level 1:colcon.colcon_core.package_identification:_identify(install) by extension 'ignore'
[0.509s] Level 1:colcon.colcon_core.package_identification:_identify(install) ignored
[0.510s] Level 1:colcon.colcon_core.package_identification:_identify(log) by extensions ['ignore', 'ignore_ament_install']
[0.510s] Level 1:colcon.colcon_core.package_identification:_identify(log) by extension 'ignore'
[0.510s] Level 1:colcon.colcon_core.package_identification:_identify(log) ignored
[0.510s] Level 1:colcon.colcon_core.package_identification:_identify(src) by extensions ['ignore', 'ignore_ament_install']
[0.510s] Level 1:colcon.colcon_core.package_identification:_identify(src) by extension 'ignore'
[0.510s] Level 1:colcon.colcon_core.package_identification:_identify(src) by extension 'ignore_ament_install'
[0.510s] Level 1:colcon.colcon_core.package_identification:_identify(src) by extensions ['colcon_pkg']
[0.510s] Level 1:colcon.colcon_core.package_identification:_identify(src) by extension 'colcon_pkg'
[0.510s] Level 1:colcon.colcon_core.package_identification:_identify(src) by extensions ['colcon_meta']
[0.510s] Level 1:colcon.colcon_core.package_identification:_identify(src) by extension 'colcon_meta'
[0.510s] Level 1:colcon.colcon_core.package_identification:_identify(src) by extensions ['ros']
[0.510s] Level 1:colcon.colcon_core.package_identification:_identify(src) by extension 'ros'
[0.511s] Level 1:colcon.colcon_core.package_identification:_identify(src) by extensions ['cmake', 'python']
[0.511s] Level 1:colcon.colcon_core.package_identification:_identify(src) by extension 'cmake'
[0.511s] Level 1:colcon.colcon_core.package_identification:_identify(src) by extension 'python'
[0.511s] Level 1:colcon.colcon_core.package_identification:_identify(src) by extensions ['python_setup_py']
[0.511s] Level 1:colcon.colcon_core.package_identification:_identify(src) by extension 'python_setup_py'
[0.511s] Level 1:colcon.colcon_core.package_identification:_identify(src/build) by extensions ['ignore', 'ignore_ament_install']
[0.511s] Level 1:colcon.colcon_core.package_identification:_identify(src/build) by extension 'ignore'
[0.511s] Level 1:colcon.colcon_core.package_identification:_identify(src/build) ignored
[0.511s] Level 1:colcon.colcon_core.package_identification:_identify(src/hello) by extensions ['ignore', 'ignore_ament_install']
[0.511s] Level 1:colcon.colcon_core.package_identification:_identify(src/hello) by extension 'ignore'
[0.511s] Level 1:colcon.colcon_core.package_identification:_identify(src/hello) by extension 'ignore_ament_install'
[0.512s] Level 1:colcon.colcon_core.package_identification:_identify(src/hello) by extensions ['colcon_pkg']
[0.512s] Level 1:colcon.colcon_core.package_identification:_identify(src/hello) by extension 'colcon_pkg'
[0.512s] Level 1:colcon.colcon_core.package_identification:_identify(src/hello) by extensions ['colcon_meta']
[0.512s] Level 1:colcon.colcon_core.package_identification:_identify(src/hello) by extension 'colcon_meta'
[0.512s] Level 1:colcon.colcon_core.package_identification:_identify(src/hello) by extensions ['ros']
[0.512s] Level 1:colcon.colcon_core.package_identification:_identify(src/hello) by extension 'ros'
[0.530s] DEBUG:colcon.colcon_core.package_identification:Package 'src/hello' with type 'ros.ament_cmake' and name 'hello'
[0.531s] Level 1:colcon.colcon_core.package_identification:_identify(src/install) by extensions ['ignore', 'ignore_ament_install']
[0.531s] Level 1:colcon.colcon_core.package_identification:_identify(src/install) by extension 'ignore'
[0.531s] Level 1:colcon.colcon_core.package_identification:_identify(src/install) ignored
[0.531s] Level 1:colcon.colcon_core.package_identification:_identify(src/log) by extensions ['ignore', 'ignore_ament_install']
[0.531s] Level 1:colcon.colcon_core.package_identification:_identify(src/log) by extension 'ignore'
[0.531s] Level 1:colcon.colcon_core.package_identification:_identify(src/log) ignored
[0.531s] Level 1:colcon.colcon_core.package_discovery:discover_packages(recursive) using defaults
[0.532s] Level 1:colcon.colcon_core.package_discovery:discover_packages(ignore) discover
[0.532s] Level 1:colcon.colcon_core.package_discovery:discover_packages(ignore) using defaults
[0.532s] Level 1:colcon.colcon_core.package_discovery:discover_packages(path) discover
[0.532s] Level 1:colcon.colcon_core.package_discovery:discover_packages(path) using defaults
[0.572s] Level 1:colcon.colcon_core.package_discovery:discover_packages(prefix_path) check parameters
[0.572s] Level 1:colcon.colcon_core.package_discovery:discover_packages(prefix_path) discover
[0.578s] DEBUG:colcon.colcon_installed_package_information.package_discovery:Found 1 installed packages in /home/rohit/slam2/install
[0.579s] DEBUG:colcon.colcon_installed_package_information.package_discovery:Found 6 installed packages in /home/rohit/iitb-racecar/install
[0.580s] DEBUG:colcon.colcon_installed_package_information.package_discovery:Found 4 installed packages in /home/rohit/module2.1/install
[0.580s] DEBUG:colcon.colcon_installed_package_information.package_discovery:Found 1 installed packages in /home/rohit/robot_arm_ws_dup/install
[0.581s] DEBUG:colcon.colcon_installed_package_information.package_discovery:Found 3 installed packages in /home/rohit/2dof/install
[0.581s] DEBUG:colcon.colcon_installed_package_information.package_discovery:Found 1 installed packages in /home/rohit/assigndirectory/install
[0.582s] DEBUG:colcon.colcon_installed_package_information.package_discovery:Found 1 installed packages in /home/rohit/mynode/install
[0.583s] DEBUG:colcon.colcon_installed_package_information.package_discovery:Found 36 installed packages in /home/rohit/install
[0.585s] DEBUG:colcon.colcon_installed_package_information.package_discovery:Found 23 installed packages in /home/rohit/ros2_ws/install
[0.589s] DEBUG:colcon.colcon_installed_package_information.package_discovery:Found 343 installed packages in /opt/ros/humble
[0.595s] Level 1:colcon.colcon_core.package_discovery:discover_packages(prefix_path) using defaults
[0.671s] Level 5:colcon.colcon_core.verb:set package 'hello' build argument 'cmake_args' from command line to 'None'
[0.671s] Level 5:colcon.colcon_core.verb:set package 'hello' build argument 'cmake_target' from command line to 'None'
[0.672s] Level 5:colcon.colcon_core.verb:set package 'hello' build argument 'cmake_target_skip_unavailable' from command line to 'False'
[0.672s] Level 5:colcon.colcon_core.verb:set package 'hello' build argument 'cmake_clean_cache' from command line to 'False'
[0.672s] Level 5:colcon.colcon_core.verb:set package 'hello' build argument 'cmake_clean_first' from command line to 'False'
[0.672s] Level 5:colcon.colcon_core.verb:set package 'hello' build argument 'cmake_force_configure' from command line to 'False'
[0.672s] Level 5:colcon.colcon_core.verb:set package 'hello' build argument 'ament_cmake_args' from command line to 'None'
[0.672s] Level 5:colcon.colcon_core.verb:set package 'hello' build argument 'catkin_cmake_args' from command line to 'None'
[0.672s] Level 5:colcon.colcon_core.verb:set package 'hello' build argument 'catkin_skip_building_tests' from command line to 'False'
[0.672s] DEBUG:colcon.colcon_core.verb:Building package 'hello' with the following arguments: {'ament_cmake_args': None, 'build_base': '/home/rohit/slam2/build/hello', 'catkin_cmake_args': None, 'catkin_skip_building_tests': False, 'cmake_args': None, 'cmake_clean_cache': False, 'cmake_clean_first': False, 'cmake_force_configure': False, 'cmake_target': None, 'cmake_target_skip_unavailable': False, 'install_base': '/home/rohit/slam2/install/hello', 'merge_install': False, 'path': '/home/rohit/slam2/src/hello', 'symlink_install': True, 'test_result_base': None}
[0.672s] INFO:colcon.colcon_core.executor:Executing jobs using 'parallel' executor
[0.674s] DEBUG:colcon.colcon_parallel_executor.executor.parallel:run_until_complete
[0.674s] INFO:colcon.colcon_ros.task.ament_cmake.build:Building ROS package in '/home/rohit/slam2/src/hello' with build type 'ament_cmake'
[0.674s] INFO:colcon.colcon_cmake.task.cmake.build:Building CMake package in '/home/rohit/slam2/src/hello'
[0.679s] INFO:colcon.colcon_core.plugin_system:Skipping extension 'colcon_core.shell.bat': Not used on non-Windows systems
[0.679s] INFO:colcon.colcon_core.shell:Skip shell extension 'powershell' for command environment: Not usable outside of PowerShell
[0.679s] DEBUG:colcon.colcon_core.shell:Skip shell extension 'dsv' for command environment
[0.705s] DEBUG:colcon.colcon_core.event_handler.log_command:Invoking command in '/home/rohit/slam2/build/hello': CMAKE_PREFIX_PATH=${CMAKE_PREFIX_PATH}:/home/rohit/iitb-racecar/install/racecar:/home/rohit/iitb-racecar/install/point_mass_pkg:/home/rohit/iitb-racecar/install/odom_cmd_pkg:/home/rohit/iitb-racecar/install/dynamic_bicycle_pkg:/home/rohit/ros2_ws/install/launch_testing_examples:/home/rohit/ros2_ws/install/examples_rclpy_pointcloud_publisher:/home/rohit/ros2_ws/install/examples_rclpy_minimal_subscriber:/home/rohit/ros2_ws/install/examples_rclpy_minimal_service:/home/rohit/ros2_ws/install/examples_rclpy_minimal_publisher:/home/rohit/ros2_ws/install/examples_rclpy_minimal_client:/home/rohit/ros2_ws/install/examples_rclpy_minimal_action_server:/home/rohit/ros2_ws/install/examples_rclpy_minimal_action_client:/home/rohit/ros2_ws/install/examples_rclpy_guard_conditions:/home/rohit/ros2_ws/install/examples_rclpy_executors:/home/rohit/install/py_pubsub:/home/rohit/install/package1:/home/rohit/install/pack1:/home/rohit/install/my_package:/home/rohit/install/launch_testing_examples:/home/rohit/install/examples_rclpy_pointcloud_publisher:/home/rohit/install/examples_rclpy_minimal_subscriber:/home/rohit/install/examples_rclpy_minimal_service:/home/rohit/install/examples_rclpy_minimal_publisher:/home/rohit/install/examples_rclpy_minimal_client:/home/rohit/install/examples_rclpy_minimal_action_server:/home/rohit/install/examples_rclpy_minimal_action_client:/home/rohit/install/examples_rclpy_guard_conditions:/home/rohit/install/examples_rclpy_executors:/home/rohit/install/eufs_launcher:/home/rohit/install/eufs_tracks:/home/rohit/install/eufs_rqt:/home/rohit/install/eufs_racecar:/home/rohit/module2.1/install/service_package:/home/rohit/module2.1/install/my_client_pkg:/home/rohit/2dof/install/pos:/home/rohit/assigndirectory/install/pack1:/home/rohit/mynode/install/package1:/opt/ros/humble /usr/bin/cmake --build /home/rohit/slam2/build/hello -- -j20 -l20
[21.599s] DEBUG:colcon.colcon_core.event_handler.log_command:Invoked command in '/home/rohit/slam2/build/hello' returned '0': CMAKE_PREFIX_PATH=${CMAKE_PREFIX_PATH}:/home/rohit/iitb-racecar/install/racecar:/home/rohit/iitb-racecar/install/point_mass_pkg:/home/rohit/iitb-racecar/install/odom_cmd_pkg:/home/rohit/iitb-racecar/install/dynamic_bicycle_pkg:/home/rohit/ros2_ws/install/launch_testing_examples:/home/rohit/ros2_ws/install/examples_rclpy_pointcloud_publisher:/home/rohit/ros2_ws/install/examples_rclpy_minimal_subscriber:/home/rohit/ros2_ws/install/examples_rclpy_minimal_service:/home/rohit/ros2_ws/install/examples_rclpy_minimal_publisher:/home/rohit/ros2_ws/install/examples_rclpy_minimal_client:/home/rohit/ros2_ws/install/examples_rclpy_minimal_action_server:/home/rohit/ros2_ws/install/examples_rclpy_minimal_action_client:/home/rohit/ros2_ws/install/examples_rclpy_guard_conditions:/home/rohit/ros2_ws/install/examples_rclpy_executors:/home/rohit/install/py_pubsub:/home/rohit/install/package1:/home/rohit/install/pack1:/home/rohit/install/my_package:/home/rohit/install/launch_testing_examples:/home/rohit/install/examples_rclpy_pointcloud_publisher:/home/rohit/install/examples_rclpy_minimal_subscriber:/home/rohit/install/examples_rclpy_minimal_service:/home/rohit/install/examples_rclpy_minimal_publisher:/home/rohit/install/examples_rclpy_minimal_client:/home/rohit/install/examples_rclpy_minimal_action_server:/home/rohit/install/examples_rclpy_minimal_action_client:/home/rohit/install/examples_rclpy_guard_conditions:/home/rohit/install/examples_rclpy_executors:/home/rohit/install/eufs_launcher:/home/rohit/install/eufs_tracks:/home/rohit/install/eufs_rqt:/home/rohit/install/eufs_racecar:/home/rohit/module2.1/install/service_package:/home/rohit/module2.1/install/my_client_pkg:/home/rohit/2dof/install/pos:/home/rohit/assigndirectory/install/pack1:/home/rohit/mynode/install/package1:/opt/ros/humble /usr/bin/cmake --build /home/rohit/slam2/build/hello -- -j20 -l20
[21.614s] DEBUG:colcon.colcon_core.event_handler.log_command:Invoking command in '/home/rohit/slam2/build/hello': CMAKE_PREFIX_PATH=${CMAKE_PREFIX_PATH}:/home/rohit/iitb-racecar/install/racecar:/home/rohit/iitb-racecar/install/point_mass_pkg:/home/rohit/iitb-racecar/install/odom_cmd_pkg:/home/rohit/iitb-racecar/install/dynamic_bicycle_pkg:/home/rohit/ros2_ws/install/launch_testing_examples:/home/rohit/ros2_ws/install/examples_rclpy_pointcloud_publisher:/home/rohit/ros2_ws/install/examples_rclpy_minimal_subscriber:/home/rohit/ros2_ws/install/examples_rclpy_minimal_service:/home/rohit/ros2_ws/install/examples_rclpy_minimal_publisher:/home/rohit/ros2_ws/install/examples_rclpy_minimal_client:/home/rohit/ros2_ws/install/examples_rclpy_minimal_action_server:/home/rohit/ros2_ws/install/examples_rclpy_minimal_action_client:/home/rohit/ros2_ws/install/examples_rclpy_guard_conditions:/home/rohit/ros2_ws/install/examples_rclpy_executors:/home/rohit/install/py_pubsub:/home/rohit/install/package1:/home/rohit/install/pack1:/home/rohit/install/my_package:/home/rohit/install/launch_testing_examples:/home/rohit/install/examples_rclpy_pointcloud_publisher:/home/rohit/install/examples_rclpy_minimal_subscriber:/home/rohit/install/examples_rclpy_minimal_service:/home/rohit/install/examples_rclpy_minimal_publisher:/home/rohit/install/examples_rclpy_minimal_client:/home/rohit/install/examples_rclpy_minimal_action_server:/home/rohit/install/examples_rclpy_minimal_action_client:/home/rohit/install/examples_rclpy_guard_conditions:/home/rohit/install/examples_rclpy_executors:/home/rohit/install/eufs_launcher:/home/rohit/install/eufs_tracks:/home/rohit/install/eufs_rqt:/home/rohit/install/eufs_racecar:/home/rohit/module2.1/install/service_package:/home/rohit/module2.1/install/my_client_pkg:/home/rohit/2dof/install/pos:/home/rohit/assigndirectory/install/pack1:/home/rohit/mynode/install/package1:/opt/ros/humble /usr/bin/cmake --install /home/rohit/slam2/build/hello
[21.643s] Level 1:colcon.colcon_core.environment:create_environment_scripts_only(hello)
[21.643s] DEBUG:colcon.colcon_core.event_handler.log_command:Invoked command in '/home/rohit/slam2/build/hello' returned '0': CMAKE_PREFIX_PATH=${CMAKE_PREFIX_PATH}:/home/rohit/iitb-racecar/install/racecar:/home/rohit/iitb-racecar/install/point_mass_pkg:/home/rohit/iitb-racecar/install/odom_cmd_pkg:/home/rohit/iitb-racecar/install/dynamic_bicycle_pkg:/home/rohit/ros2_ws/install/launch_testing_examples:/home/rohit/ros2_ws/install/examples_rclpy_pointcloud_publisher:/home/rohit/ros2_ws/install/examples_rclpy_minimal_subscriber:/home/rohit/ros2_ws/install/examples_rclpy_minimal_service:/home/rohit/ros2_ws/install/examples_rclpy_minimal_publisher:/home/rohit/ros2_ws/install/examples_rclpy_minimal_client:/home/rohit/ros2_ws/install/examples_rclpy_minimal_action_server:/home/rohit/ros2_ws/install/examples_rclpy_minimal_action_client:/home/rohit/ros2_ws/install/examples_rclpy_guard_conditions:/home/rohit/ros2_ws/install/examples_rclpy_executors:/home/rohit/install/py_pubsub:/home/rohit/install/package1:/home/rohit/install/pack1:/home/rohit/install/my_package:/home/rohit/install/launch_testing_examples:/home/rohit/install/examples_rclpy_pointcloud_publisher:/home/rohit/install/examples_rclpy_minimal_subscriber:/home/rohit/install/examples_rclpy_minimal_service:/home/rohit/install/examples_rclpy_minimal_publisher:/home/rohit/install/examples_rclpy_minimal_client:/home/rohit/install/examples_rclpy_minimal_action_server:/home/rohit/install/examples_rclpy_minimal_action_client:/home/rohit/install/examples_rclpy_guard_conditions:/home/rohit/install/examples_rclpy_executors:/home/rohit/install/eufs_launcher:/home/rohit/install/eufs_tracks:/home/rohit/install/eufs_rqt:/home/rohit/install/eufs_racecar:/home/rohit/module2.1/install/service_package:/home/rohit/module2.1/install/my_client_pkg:/home/rohit/2dof/install/pos:/home/rohit/assigndirectory/install/pack1:/home/rohit/mynode/install/package1:/opt/ros/humble /usr/bin/cmake --install /home/rohit/slam2/build/hello
[21.648s] Level 1:colcon.colcon_core.environment:checking '/home/rohit/slam2/install/hello' for CMake module files
[21.648s] Level 1:colcon.colcon_core.environment:checking '/home/rohit/slam2/install/hello' for CMake config files
[21.649s] Level 1:colcon.colcon_core.shell:create_environment_hook('hello', 'cmake_prefix_path')
[21.649s] INFO:colcon.colcon_core.shell:Creating environment hook '/home/rohit/slam2/install/hello/share/hello/hook/cmake_prefix_path.ps1'
[21.650s] INFO:colcon.colcon_core.shell:Creating environment descriptor '/home/rohit/slam2/install/hello/share/hello/hook/cmake_prefix_path.dsv'
[21.650s] INFO:colcon.colcon_core.shell:Creating environment hook '/home/rohit/slam2/install/hello/share/hello/hook/cmake_prefix_path.sh'
[21.651s] Level 1:colcon.colcon_core.environment:checking '/home/rohit/slam2/install/hello/lib'
[21.652s] Level 1:colcon.colcon_core.environment:checking '/home/rohit/slam2/install/hello/bin'
[21.652s] Level 1:colcon.colcon_core.environment:checking '/home/rohit/slam2/install/hello/lib/pkgconfig/hello.pc'
[21.652s] Level 1:colcon.colcon_core.environment:checking '/home/rohit/slam2/install/hello/lib/python3.10/site-packages'
[21.652s] Level 1:colcon.colcon_core.environment:checking '/home/rohit/slam2/install/hello/bin'
[21.653s] INFO:colcon.colcon_core.shell:Creating package script '/home/rohit/slam2/install/hello/share/hello/package.ps1'
[21.653s] INFO:colcon.colcon_core.shell:Creating package descriptor '/home/rohit/slam2/install/hello/share/hello/package.dsv'
[21.654s] INFO:colcon.colcon_core.shell:Creating package script '/home/rohit/slam2/install/hello/share/hello/package.sh'
[21.655s] INFO:colcon.colcon_core.shell:Creating package script '/home/rohit/slam2/install/hello/share/hello/package.bash'
[21.656s] INFO:colcon.colcon_core.shell:Creating package script '/home/rohit/slam2/install/hello/share/hello/package.zsh'
[21.656s] Level 1:colcon.colcon_core.environment:create_file_with_runtime_dependencies(/home/rohit/slam2/install/hello/share/colcon-core/packages/hello)
[21.657s] Level 1:colcon.colcon_core.environment:create_environment_scripts_only(hello)
[21.657s] Level 1:colcon.colcon_core.environment:checking '/home/rohit/slam2/install/hello' for CMake module files
[21.658s] Level 1:colcon.colcon_core.environment:checking '/home/rohit/slam2/install/hello' for CMake config files
[21.658s] Level 1:colcon.colcon_core.shell:create_environment_hook('hello', 'cmake_prefix_path')
[21.658s] INFO:colcon.colcon_core.shell:Creating environment hook '/home/rohit/slam2/install/hello/share/hello/hook/cmake_prefix_path.ps1'
[21.659s] INFO:colcon.colcon_core.shell:Creating environment descriptor '/home/rohit/slam2/install/hello/share/hello/hook/cmake_prefix_path.dsv'
[21.659s] INFO:colcon.colcon_core.shell:Creating environment hook '/home/rohit/slam2/install/hello/share/hello/hook/cmake_prefix_path.sh'
[21.660s] Level 1:colcon.colcon_core.environment:checking '/home/rohit/slam2/install/hello/lib'
[21.660s] Level 1:colcon.colcon_core.environment:checking '/home/rohit/slam2/install/hello/bin'
[21.660s] Level 1:colcon.colcon_core.environment:checking '/home/rohit/slam2/install/hello/lib/pkgconfig/hello.pc'
[21.660s] Level 1:colcon.colcon_core.environment:checking '/home/rohit/slam2/install/hello/lib/python3.10/site-packages'
[21.660s] Level 1:colcon.colcon_core.environment:checking '/home/rohit/slam2/install/hello/bin'
[21.661s] INFO:colcon.colcon_core.shell:Creating package script '/home/rohit/slam2/install/hello/share/hello/package.ps1'
[21.661s] INFO:colcon.colcon_core.shell:Creating package descriptor '/home/rohit/slam2/install/hello/share/hello/package.dsv'
[21.662s] INFO:colcon.colcon_core.shell:Creating package script '/home/rohit/slam2/install/hello/share/hello/package.sh'
[21.662s] INFO:colcon.colcon_core.shell:Creating package script '/home/rohit/slam2/install/hello/share/hello/package.bash'
[21.663s] INFO:colcon.colcon_core.shell:Creating package script '/home/rohit/slam2/install/hello/share/hello/package.zsh'
[21.663s] Level 1:colcon.colcon_core.environment:create_file_with_runtime_dependencies(/home/rohit/slam2/install/hello/share/colcon-core/packages/hello)
[21.663s] DEBUG:colcon.colcon_parallel_executor.executor.parallel:closing loop
[21.664s] DEBUG:colcon.colcon_parallel_executor.executor.parallel:loop closed
[21.664s] DEBUG:colcon.colcon_parallel_executor.executor.parallel:run_until_complete finished with '0'
[21.664s] DEBUG:colcon.colcon_core.event_reactor:joining thread
[21.671s] INFO:colcon.colcon_core.plugin_system:Skipping extension 'colcon_notification.desktop_notification.terminal_notifier': Not used on non-Darwin systems
[21.672s] INFO:colcon.colcon_core.plugin_system:Skipping extension 'colcon_notification.desktop_notification.win32': Not used on non-Windows systems
[21.672s] INFO:colcon.colcon_notification.desktop_notification:Sending desktop notification using 'notify2'
[21.682s] DEBUG:colcon.colcon_core.event_reactor:joined thread
[21.682s] INFO:colcon.colcon_core.shell:Creating prefix script '/home/rohit/slam2/install/local_setup.ps1'
[21.684s] INFO:colcon.colcon_core.shell:Creating prefix util module '/home/rohit/slam2/install/_local_setup_util_ps1.py'
[21.685s] INFO:colcon.colcon_core.shell:Creating prefix chain script '/home/rohit/slam2/install/setup.ps1'
[21.688s] INFO:colcon.colcon_core.shell:Creating prefix script '/home/rohit/slam2/install/local_setup.sh'
[21.689s] INFO:colcon.colcon_core.shell:Creating prefix util module '/home/rohit/slam2/install/_local_setup_util_sh.py'
[21.690s] INFO:colcon.colcon_core.shell:Creating prefix chain script '/home/rohit/slam2/install/setup.sh'
[21.693s] INFO:colcon.colcon_core.shell:Creating prefix script '/home/rohit/slam2/install/local_setup.bash'
[21.694s] INFO:colcon.colcon_core.shell:Creating prefix chain script '/home/rohit/slam2/install/setup.bash'
[21.698s] INFO:colcon.colcon_core.shell:Creating prefix script '/home/rohit/slam2/install/local_setup.zsh'
[21.698s] INFO:colcon.colcon_core.shell:Creating prefix chain script '/home/rohit/slam2/install/setup.zsh'
