[35m[1mConsolidate compiler generated dependencies of target v[0m
[ 25%] Built target node2
[ 37%] [32mBuilding CXX object CMakeFiles/node.dir/src/node.cpp.o[0m
[ 50%] [32mBuilding CXX object CMakeFiles/v.dir/src/v.cpp.o[0m
[ 75%] Built target node1
[ 87%] [32m[1mLinking CXX executable node[0m
[ 87%] Built target node
[100%] [32m[1mLinking CXX executable v[0m
[100%] Built target v
-- Install configuration: ""
-- Up-to-date: /home/rohit/slam2/install/hello/lib/hello/node1
-- Up-to-date: /home/rohit/slam2/install/hello/lib/hello/node2
-- Installing: /home/rohit/slam2/install/hello/lib/hello/v
-- Set runtime path of "/home/rohit/slam2/install/hello/lib/hello/v" to ""
-- Installing: /home/rohit/slam2/install/hello/lib/hello/node
-- Set runtime path of "/home/rohit/slam2/install/hello/lib/hello/node" to ""
-- Up-to-date: /home/rohit/slam2/install/hello/share/ament_index/resource_index/package_run_dependencies/hello
-- Up-to-date: /home/rohit/slam2/install/hello/share/ament_index/resource_index/parent_prefix_path/hello
-- Up-to-date: /home/rohit/slam2/install/hello/share/hello/environment/ament_prefix_path.sh
-- Up-to-date: /home/rohit/slam2/install/hello/share/hello/environment/ament_prefix_path.dsv
-- Up-to-date: /home/rohit/slam2/install/hello/share/hello/environment/path.sh
-- Up-to-date: /home/rohit/slam2/install/hello/share/hello/environment/path.dsv
-- Up-to-date: /home/rohit/slam2/install/hello/share/hello/local_setup.bash
-- Up-to-date: /home/rohit/slam2/install/hello/share/hello/local_setup.sh
-- Up-to-date: /home/rohit/slam2/install/hello/share/hello/local_setup.zsh
-- Up-to-date: /home/rohit/slam2/install/hello/share/hello/local_setup.dsv
-- Installing: /home/rohit/slam2/install/hello/share/hello/package.dsv
-- Up-to-date: /home/rohit/slam2/install/hello/share/ament_index/resource_index/packages/hello
-- Up-to-date: /home/rohit/slam2/install/hello/share/hello/cmake/helloConfig.cmake
-- Up-to-date: /home/rohit/slam2/install/hello/share/hello/cmake/helloConfig-version.cmake
-- Up-to-date: /home/rohit/slam2/install/hello/share/hello/package.xml
