[0.013s] Invoking command in '/home/rohit/slam2/build/hello': CMAKE_PREFIX_PATH=${CMAKE_PREFIX_PATH}:/home/rohit/install/py_pubsub:/home/rohit/install/package1:/home/rohit/install/pack1:/home/rohit/install/my_package:/home/rohit/install/launch_testing_examples:/home/rohit/install/examples_rclpy_pointcloud_publisher:/home/rohit/install/examples_rclpy_minimal_subscriber:/home/rohit/install/examples_rclpy_minimal_service:/home/rohit/install/examples_rclpy_minimal_publisher:/home/rohit/install/examples_rclpy_minimal_client:/home/rohit/install/examples_rclpy_minimal_action_server:/home/rohit/install/examples_rclpy_minimal_action_client:/home/rohit/install/examples_rclpy_guard_conditions:/home/rohit/install/examples_rclpy_executors:/home/rohit/install/eufs_launcher:/home/rohit/install/eufs_tracks:/home/rohit/install/eufs_rqt:/home/rohit/install/eufs_racecar:/home/rohit/module2.1/install/service_package:/home/rohit/module2.1/install/my_client_pkg:/home/rohit/2dof/install/pos:/home/rohit/assigndirectory/install/pack1:/home/rohit/mynode/install/package1:/opt/ros/humble /usr/bin/cmake --build /home/rohit/slam2/build/hello -- -j20 -l20
[0.070s] [35m[1mConsolidate compiler generated dependencies of target v[0m
[0.082s] [ 25%] Built target node2
[0.085s] [ 37%] [32mBuilding CXX object CMakeFiles/node.dir/src/node.cpp.o[0m
[0.086s] [ 50%] [32mBuilding CXX object CMakeFiles/v.dir/src/v.cpp.o[0m
[0.086s] [ 75%] Built target node1
[5.422s] [ 87%] [32m[1mLinking CXX executable node[0m
[5.692s] [ 87%] Built target node
[6.657s] [100%] [32m[1mLinking CXX executable v[0m
[7.010s] [100%] Built target v
[7.023s] Invoked command in '/home/rohit/slam2/build/hello' returned '0': CMAKE_PREFIX_PATH=${CMAKE_PREFIX_PATH}:/home/rohit/install/py_pubsub:/home/rohit/install/package1:/home/rohit/install/pack1:/home/rohit/install/my_package:/home/rohit/install/launch_testing_examples:/home/rohit/install/examples_rclpy_pointcloud_publisher:/home/rohit/install/examples_rclpy_minimal_subscriber:/home/rohit/install/examples_rclpy_minimal_service:/home/rohit/install/examples_rclpy_minimal_publisher:/home/rohit/install/examples_rclpy_minimal_client:/home/rohit/install/examples_rclpy_minimal_action_server:/home/rohit/install/examples_rclpy_minimal_action_client:/home/rohit/install/examples_rclpy_guard_conditions:/home/rohit/install/examples_rclpy_executors:/home/rohit/install/eufs_launcher:/home/rohit/install/eufs_tracks:/home/rohit/install/eufs_rqt:/home/rohit/install/eufs_racecar:/home/rohit/module2.1/install/service_package:/home/rohit/module2.1/install/my_client_pkg:/home/rohit/2dof/install/pos:/home/rohit/assigndirectory/install/pack1:/home/rohit/mynode/install/package1:/opt/ros/humble /usr/bin/cmake --build /home/rohit/slam2/build/hello -- -j20 -l20
[7.036s] Invoking command in '/home/rohit/slam2/build/hello': CMAKE_PREFIX_PATH=${CMAKE_PREFIX_PATH}:/home/rohit/install/py_pubsub:/home/rohit/install/package1:/home/rohit/install/pack1:/home/rohit/install/my_package:/home/rohit/install/launch_testing_examples:/home/rohit/install/examples_rclpy_pointcloud_publisher:/home/rohit/install/examples_rclpy_minimal_subscriber:/home/rohit/install/examples_rclpy_minimal_service:/home/rohit/install/examples_rclpy_minimal_publisher:/home/rohit/install/examples_rclpy_minimal_client:/home/rohit/install/examples_rclpy_minimal_action_server:/home/rohit/install/examples_rclpy_minimal_action_client:/home/rohit/install/examples_rclpy_guard_conditions:/home/rohit/install/examples_rclpy_executors:/home/rohit/install/eufs_launcher:/home/rohit/install/eufs_tracks:/home/rohit/install/eufs_rqt:/home/rohit/install/eufs_racecar:/home/rohit/module2.1/install/service_package:/home/rohit/module2.1/install/my_client_pkg:/home/rohit/2dof/install/pos:/home/rohit/assigndirectory/install/pack1:/home/rohit/mynode/install/package1:/opt/ros/humble /usr/bin/cmake --install /home/rohit/slam2/build/hello
[7.048s] -- Install configuration: ""
[7.048s] -- Up-to-date: /home/rohit/slam2/install/hello/lib/hello/node1
[7.048s] -- Up-to-date: /home/rohit/slam2/install/hello/lib/hello/node2
[7.048s] -- Installing: /home/rohit/slam2/install/hello/lib/hello/v
[7.052s] -- Set runtime path of "/home/rohit/slam2/install/hello/lib/hello/v" to ""
[7.052s] -- Installing: /home/rohit/slam2/install/hello/lib/hello/node
[7.056s] -- Set runtime path of "/home/rohit/slam2/install/hello/lib/hello/node" to ""
[7.056s] -- Up-to-date: /home/rohit/slam2/install/hello/share/ament_index/resource_index/package_run_dependencies/hello
[7.056s] -- Up-to-date: /home/rohit/slam2/install/hello/share/ament_index/resource_index/parent_prefix_path/hello
[7.056s] -- Up-to-date: /home/rohit/slam2/install/hello/share/hello/environment/ament_prefix_path.sh
[7.056s] -- Up-to-date: /home/rohit/slam2/install/hello/share/hello/environment/ament_prefix_path.dsv
[7.056s] -- Up-to-date: /home/rohit/slam2/install/hello/share/hello/environment/path.sh
[7.056s] -- Up-to-date: /home/rohit/slam2/install/hello/share/hello/environment/path.dsv
[7.056s] -- Up-to-date: /home/rohit/slam2/install/hello/share/hello/local_setup.bash
[7.056s] -- Up-to-date: /home/rohit/slam2/install/hello/share/hello/local_setup.sh
[7.056s] -- Up-to-date: /home/rohit/slam2/install/hello/share/hello/local_setup.zsh
[7.056s] -- Up-to-date: /home/rohit/slam2/install/hello/share/hello/local_setup.dsv
[7.057s] -- Installing: /home/rohit/slam2/install/hello/share/hello/package.dsv
[7.057s] -- Up-to-date: /home/rohit/slam2/install/hello/share/ament_index/resource_index/packages/hello
[7.057s] -- Up-to-date: /home/rohit/slam2/install/hello/share/hello/cmake/helloConfig.cmake
[7.057s] -- Up-to-date: /home/rohit/slam2/install/hello/share/hello/cmake/helloConfig-version.cmake
[7.057s] -- Up-to-date: /home/rohit/slam2/install/hello/share/hello/package.xml
[7.058s] Invoked command in '/home/rohit/slam2/build/hello' returned '0': CMAKE_PREFIX_PATH=${CMAKE_PREFIX_PATH}:/home/rohit/install/py_pubsub:/home/rohit/install/package1:/home/rohit/install/pack1:/home/rohit/install/my_package:/home/rohit/install/launch_testing_examples:/home/rohit/install/examples_rclpy_pointcloud_publisher:/home/rohit/install/examples_rclpy_minimal_subscriber:/home/rohit/install/examples_rclpy_minimal_service:/home/rohit/install/examples_rclpy_minimal_publisher:/home/rohit/install/examples_rclpy_minimal_client:/home/rohit/install/examples_rclpy_minimal_action_server:/home/rohit/install/examples_rclpy_minimal_action_client:/home/rohit/install/examples_rclpy_guard_conditions:/home/rohit/install/examples_rclpy_executors:/home/rohit/install/eufs_launcher:/home/rohit/install/eufs_tracks:/home/rohit/install/eufs_rqt:/home/rohit/install/eufs_racecar:/home/rohit/module2.1/install/service_package:/home/rohit/module2.1/install/my_client_pkg:/home/rohit/2dof/install/pos:/home/rohit/assigndirectory/install/pack1:/home/rohit/mynode/install/package1:/opt/ros/humble /usr/bin/cmake --install /home/rohit/slam2/build/hello
