[01m[K/home/rohit/slam2/src/hello/src/ekf.cpp:24:57:[m[K [01;31m[Kerror: [m[K‘[01m[KSharedPtr[m[K’ in ‘[01m[Kclass rclcpp::SerializedMessage[m[K’ does not name a type
   24 |     void pose_callback(const rclcpp::SerializedMessage::[01;31m[KSharedPtr[m[K msg) {
      |                                                         [01;31m[K^~~~~~~~~[m[K
[01m[K/home/rohit/slam2/src/hello/src/ekf.cpp:[m[K In constructor ‘[01m[KPose2DSubscriber::Pose2DSubscriber()[m[K’:
[01m[K/home/rohit/slam2/src/hello/src/ekf.cpp:9:65:[m[K [01;31m[Kerror: [m[K‘[01m[KSharedPtr[m[K’ in ‘[01m[Kclass rclcpp::SerializedMessage[m[K’ does not name a type
    9 |         auto callback = [this](const rclcpp::SerializedMessage::[01;31m[KSharedPtr[m[K msg) {
      |                                                                 [01;31m[K^~~~~~~~~[m[K
[01m[K/home/rohit/slam2/src/hello/src/ekf.cpp:11:10:[m[K [01;31m[Kerror: [m[Kexpected ‘[01m[K)[m[K’ before ‘[01m[K;[m[K’ token
   11 |         }[01;31m[K;[m[K
      |          [01;31m[K^[m[K
[01m[K/home/rohit/slam2/src/hello/src/ekf.cpp:9:31:[m[K [01;36m[Knote: [m[Kto match this ‘[01m[K([m[K’
    9 |         auto callback = [this][01;36m[K([m[Kconst rclcpp::SerializedMessage::SharedPtr msg) {
      |                               [01;36m[K^[m[K
[01m[K/home/rohit/slam2/src/hello/src/ekf.cpp:[m[K In lambda function:
[01m[K/home/rohit/slam2/src/hello/src/ekf.cpp:11:10:[m[K [01;31m[Kerror: [m[Kexpected ‘[01m[K{[m[K’ before ‘[01m[K;[m[K’ token
   11 |         }[01;31m[K;[m[K
      |          [01;31m[K^[m[K
[01m[K/home/rohit/slam2/src/hello/src/ekf.cpp:[m[K In constructor ‘[01m[KPose2DSubscriber::Pose2DSubscriber()[m[K’:
[01m[K/home/rohit/slam2/src/hello/src/ekf.cpp:13:58:[m[K [01;31m[Kerror: [m[Kno matching function for call to ‘[01m[KPose2DSubscriber::create_generic_subscription(const char [15], const char [25], rclcpp::QoS, Pose2DSubscriber::Pose2DSubscriber()::<lambda(int)>&)[m[K’
   13 |         subscription_ = [01;31m[Kthis->create_generic_subscription([m[K
      |                         [01;31m[K~~~~~~~~~~~~~~~~~~~~~~~~~~~~~~~~~^[m[K
   14 | [01;31m[K            "/robot_pose_2d",[m[K
      |             [01;31m[K~~~~~~~~~~~~~~~~~[m[K                             
   15 | [01;31m[K            "geometry_msgs/msg/Pose2D",  // ROS 2 type name[m[K
      |             [01;31m[K~~~~~~~~~~~~~~~~~~~~~~~~~~~~~~~~~~~~~~~~~~~~~~~[m[K
   16 | [01;31m[K            rclcpp::QoS(10),[m[K
      |             [01;31m[K~~~~~~~~~~~~~~~~[m[K                              
   17 | [01;31m[K            callback[m[K
      |             [01;31m[K~~~~~~~~[m[K                                      
   18 | [01;31m[K        )[m[K;
      |         [01;31m[K~[m[K                                                 
In file included from [01m[K/opt/ros/humble/include/rclcpp/rclcpp/executors/single_threaded_executor.hpp:28[m[K,
                 from [01m[K/opt/ros/humble/include/rclcpp/rclcpp/executors.hpp:22[m[K,
                 from [01m[K/opt/ros/humble/include/rclcpp/rclcpp/rclcpp.hpp:155[m[K,
                 from [01m[K/home/rohit/slam2/src/hello/src/ekf.cpp:1[m[K:
[01m[K/opt/ros/humble/include/rclcpp/rclcpp/node.hpp:312:48:[m[K [01;36m[Knote: [m[Kcandidate: ‘[01m[Ktemplate<class AllocatorT> std::shared_ptr<rclcpp::GenericSubscription> rclcpp::Node::create_generic_subscription(const string&, const string&, const rclcpp::QoS&, std::function<void(std::shared_ptr<rclcpp::SerializedMessage>)>, const rclcpp::SubscriptionOptionsWithAllocator<AllocatorT>&)[m[K’
  312 |   std::shared_ptr<rclcpp::GenericSubscription> [01;36m[Kcreate_generic_subscription[m[K(
      |                                                [01;36m[K^~~~~~~~~~~~~~~~~~~~~~~~~~~[m[K
[01m[K/opt/ros/humble/include/rclcpp/rclcpp/node.hpp:312:48:[m[K [01;36m[Knote: [m[K  template argument deduction/substitution failed:
[01m[K/home/rohit/slam2/src/hello/src/ekf.cpp:17:13:[m[K [01;36m[Knote: [m[K  cannot convert ‘[01m[Kcallback[m[K’ (type ‘[01m[KPose2DSubscriber::Pose2DSubscriber()::<lambda(int)>[m[K’) to type ‘[01m[Kstd::function<void(std::shared_ptr<rclcpp::SerializedMessage>)>[m[K’
   17 |             [01;36m[Kcallback[m[K
      |             [01;36m[K^~~~~~~~[m[K
[01m[K/home/rohit/slam2/src/hello/src/ekf.cpp:[m[K In member function ‘[01m[Kvoid Pose2DSubscriber::pose_callback(int)[m[K’:
[01m[K/home/rohit/slam2/src/hello/src/ekf.cpp:27:16:[m[K [01;31m[Kerror: [m[Kbase operand of ‘[01m[K->[m[K’ is not a pointer
   27 |         if (msg[01;31m[K->[m[Ksize() < 24) {  // 3 doubles = 24 bytes
      |                [01;31m[K^~[m[K
[01m[K/home/rohit/slam2/src/hello/src/ekf.cpp:32:34:[m[K [01;31m[Kerror: [m[Kbase operand of ‘[01m[K->[m[K’ is not a pointer
   32 |         const uint8_t* data = msg[01;31m[K->[m[Kget_rcl_serialized_message().buffer;
      |                                  [01;31m[K^~[m[K
gmake[2]: *** [CMakeFiles/ekf.dir/build.make:76: CMakeFiles/ekf.dir/src/ekf.cpp.o] Error 1
gmake[1]: *** [CMakeFiles/Makefile2:255: CMakeFiles/ekf.dir/all] Error 2
gmake: *** [Makefile:146: all] Error 2
