[0.018s] Invoking command in '/home/rohit/slam2/build/hello': CMAKE_PREFIX_PATH=${CMAKE_PREFIX_PATH}:/home/rohit/iitb-racecar/install/racecar:/home/rohit/iitb-racecar/install/point_mass_pkg:/home/rohit/iitb-racecar/install/odom_cmd_pkg:/home/rohit/iitb-racecar/install/dynamic_bicycle_pkg:/home/rohit/ros2_ws/install/launch_testing_examples:/home/rohit/ros2_ws/install/examples_rclpy_pointcloud_publisher:/home/rohit/ros2_ws/install/examples_rclpy_minimal_subscriber:/home/rohit/ros2_ws/install/examples_rclpy_minimal_service:/home/rohit/ros2_ws/install/examples_rclpy_minimal_publisher:/home/rohit/ros2_ws/install/examples_rclpy_minimal_client:/home/rohit/ros2_ws/install/examples_rclpy_minimal_action_server:/home/rohit/ros2_ws/install/examples_rclpy_minimal_action_client:/home/rohit/ros2_ws/install/examples_rclpy_guard_conditions:/home/rohit/ros2_ws/install/examples_rclpy_executors:/home/rohit/install/py_pubsub:/home/rohit/install/package1:/home/rohit/install/pack1:/home/rohit/install/my_package:/home/rohit/install/launch_testing_examples:/home/rohit/install/examples_rclpy_pointcloud_publisher:/home/rohit/install/examples_rclpy_minimal_subscriber:/home/rohit/install/examples_rclpy_minimal_service:/home/rohit/install/examples_rclpy_minimal_publisher:/home/rohit/install/examples_rclpy_minimal_client:/home/rohit/install/examples_rclpy_minimal_action_server:/home/rohit/install/examples_rclpy_minimal_action_client:/home/rohit/install/examples_rclpy_guard_conditions:/home/rohit/install/examples_rclpy_executors:/home/rohit/install/eufs_launcher:/home/rohit/install/eufs_tracks:/home/rohit/install/eufs_rqt:/home/rohit/install/eufs_racecar:/home/rohit/module2.1/install/service_package:/home/rohit/module2.1/install/my_client_pkg:/home/rohit/2dof/install/pos:/home/rohit/assigndirectory/install/pack1:/home/rohit/mynode/install/package1:/opt/ros/humble /usr/bin/cmake /home/rohit/slam2/src/hello -DCMAKE_INSTALL_PREFIX=/home/rohit/slam2/install/hello
[0.070s] -- Found ament_cmake: 1.3.11 (/opt/ros/humble/share/ament_cmake/cmake)
[0.216s] -- Override CMake install command with custom implementation using symlinks instead of copying resources
[0.231s] -- Found rclcpp: 16.0.11 (/opt/ros/humble/share/rclcpp/cmake)
[0.258s] -- Found rosidl_generator_c: 3.1.6 (/opt/ros/humble/share/rosidl_generator_c/cmake)
[0.261s] -- Found rosidl_adapter: 3.1.6 (/opt/ros/humble/share/rosidl_adapter/cmake)
[0.266s] -- Found rosidl_generator_cpp: 3.1.6 (/opt/ros/humble/share/rosidl_generator_cpp/cmake)
[0.276s] -- Using all available rosidl_typesupport_c: rosidl_typesupport_fastrtps_c;rosidl_typesupport_introspection_c
[0.287s] -- Using all available rosidl_typesupport_cpp: rosidl_typesupport_fastrtps_cpp;rosidl_typesupport_introspection_cpp
[0.320s] -- Found rmw_implementation_cmake: 6.1.2 (/opt/ros/humble/share/rmw_implementation_cmake/cmake)
[0.323s] -- Found rmw_fastrtps_cpp: 6.2.7 (/opt/ros/humble/share/rmw_fastrtps_cpp/cmake)
[0.414s] -- Using RMW implementation 'rmw_fastrtps_cpp' as default
[0.456s] -- Found visualization_msgs: 4.2.4 (/opt/ros/humble/share/visualization_msgs/cmake)
[0.492s] -- Found eufs_msgs: 2.0.0 (/home/rohit/install/eufs_msgs/share/eufs_msgs/cmake)
[0.522s] -- Found tf2: 0.25.12 (/opt/ros/humble/share/tf2/cmake)
[0.525s] -- Found tf2_geometry_msgs: 0.25.12 (/opt/ros/humble/share/tf2_geometry_msgs/cmake)
[0.529s] -- Found eigen3_cmake_module: 0.1.1 (/opt/ros/humble/share/eigen3_cmake_module/cmake)
[0.530s] -- Ensuring Eigen3 include directory is part of orocos-kdl CMake target
[0.629s] -- Found ament_lint_auto: 0.12.11 (/opt/ros/humble/share/ament_lint_auto/cmake)
[0.691s] -- Added test 'cppcheck' to perform static code analysis on C / C++ code
[0.692s] -- Configured cppcheck include dirs: 
[0.692s] -- Configured cppcheck exclude dirs and/or files: 
[0.692s] -- Added test 'lint_cmake' to check CMake code style
[0.693s] -- Added test 'uncrustify' to check C / C++ code style
[0.693s] -- Configured uncrustify additional arguments: 
[0.693s] -- Added test 'xmllint' to check XML markup files
[0.694s] -- Configuring done
[0.731s] -- Generating done
[0.742s] -- Build files have been written to: /home/rohit/slam2/build/hello
[0.751s] Invoked command in '/home/rohit/slam2/build/hello' returned '0': CMAKE_PREFIX_PATH=${CMAKE_PREFIX_PATH}:/home/rohit/iitb-racecar/install/racecar:/home/rohit/iitb-racecar/install/point_mass_pkg:/home/rohit/iitb-racecar/install/odom_cmd_pkg:/home/rohit/iitb-racecar/install/dynamic_bicycle_pkg:/home/rohit/ros2_ws/install/launch_testing_examples:/home/rohit/ros2_ws/install/examples_rclpy_pointcloud_publisher:/home/rohit/ros2_ws/install/examples_rclpy_minimal_subscriber:/home/rohit/ros2_ws/install/examples_rclpy_minimal_service:/home/rohit/ros2_ws/install/examples_rclpy_minimal_publisher:/home/rohit/ros2_ws/install/examples_rclpy_minimal_client:/home/rohit/ros2_ws/install/examples_rclpy_minimal_action_server:/home/rohit/ros2_ws/install/examples_rclpy_minimal_action_client:/home/rohit/ros2_ws/install/examples_rclpy_guard_conditions:/home/rohit/ros2_ws/install/examples_rclpy_executors:/home/rohit/install/py_pubsub:/home/rohit/install/package1:/home/rohit/install/pack1:/home/rohit/install/my_package:/home/rohit/install/launch_testing_examples:/home/rohit/install/examples_rclpy_pointcloud_publisher:/home/rohit/install/examples_rclpy_minimal_subscriber:/home/rohit/install/examples_rclpy_minimal_service:/home/rohit/install/examples_rclpy_minimal_publisher:/home/rohit/install/examples_rclpy_minimal_client:/home/rohit/install/examples_rclpy_minimal_action_server:/home/rohit/install/examples_rclpy_minimal_action_client:/home/rohit/install/examples_rclpy_guard_conditions:/home/rohit/install/examples_rclpy_executors:/home/rohit/install/eufs_launcher:/home/rohit/install/eufs_tracks:/home/rohit/install/eufs_rqt:/home/rohit/install/eufs_racecar:/home/rohit/module2.1/install/service_package:/home/rohit/module2.1/install/my_client_pkg:/home/rohit/2dof/install/pos:/home/rohit/assigndirectory/install/pack1:/home/rohit/mynode/install/package1:/opt/ros/humble /usr/bin/cmake /home/rohit/slam2/src/hello -DCMAKE_INSTALL_PREFIX=/home/rohit/slam2/install/hello
[0.752s] Invoking command in '/home/rohit/slam2/build/hello': CMAKE_PREFIX_PATH=${CMAKE_PREFIX_PATH}:/home/rohit/iitb-racecar/install/racecar:/home/rohit/iitb-racecar/install/point_mass_pkg:/home/rohit/iitb-racecar/install/odom_cmd_pkg:/home/rohit/iitb-racecar/install/dynamic_bicycle_pkg:/home/rohit/ros2_ws/install/launch_testing_examples:/home/rohit/ros2_ws/install/examples_rclpy_pointcloud_publisher:/home/rohit/ros2_ws/install/examples_rclpy_minimal_subscriber:/home/rohit/ros2_ws/install/examples_rclpy_minimal_service:/home/rohit/ros2_ws/install/examples_rclpy_minimal_publisher:/home/rohit/ros2_ws/install/examples_rclpy_minimal_client:/home/rohit/ros2_ws/install/examples_rclpy_minimal_action_server:/home/rohit/ros2_ws/install/examples_rclpy_minimal_action_client:/home/rohit/ros2_ws/install/examples_rclpy_guard_conditions:/home/rohit/ros2_ws/install/examples_rclpy_executors:/home/rohit/install/py_pubsub:/home/rohit/install/package1:/home/rohit/install/pack1:/home/rohit/install/my_package:/home/rohit/install/launch_testing_examples:/home/rohit/install/examples_rclpy_pointcloud_publisher:/home/rohit/install/examples_rclpy_minimal_subscriber:/home/rohit/install/examples_rclpy_minimal_service:/home/rohit/install/examples_rclpy_minimal_publisher:/home/rohit/install/examples_rclpy_minimal_client:/home/rohit/install/examples_rclpy_minimal_action_server:/home/rohit/install/examples_rclpy_minimal_action_client:/home/rohit/install/examples_rclpy_guard_conditions:/home/rohit/install/examples_rclpy_executors:/home/rohit/install/eufs_launcher:/home/rohit/install/eufs_tracks:/home/rohit/install/eufs_rqt:/home/rohit/install/eufs_racecar:/home/rohit/module2.1/install/service_package:/home/rohit/module2.1/install/my_client_pkg:/home/rohit/2dof/install/pos:/home/rohit/assigndirectory/install/pack1:/home/rohit/mynode/install/package1:/opt/ros/humble /usr/bin/cmake --build /home/rohit/slam2/build/hello -- -j20 -l20
[0.813s] [35m[1mConsolidate compiler generated dependencies of target ground_truth[0m
[0.813s] [35m[1mConsolidate compiler generated dependencies of target v[0m
[0.813s] [35m[1mConsolidate compiler generated dependencies of target actual[0m
[0.813s] [35m[1mConsolidate compiler generated dependencies of target node[0m
[0.814s] [35m[1mConsolidate compiler generated dependencies of target node1[0m
[0.814s] [35m[1mConsolidate compiler generated dependencies of target calculation[0m
[0.815s] [35m[1mConsolidate compiler generated dependencies of target node2[0m
[0.815s] [35m[1mConsolidate compiler generated dependencies of target ekf[0m
[0.837s] [ 18%] Built target actual
[0.837s] [ 25%] Built target v
[0.837s] [ 37%] Built target ground_truth
[0.838s] [ 50%] Built target node
[0.841s] [ 56%] [32mBuilding CXX object CMakeFiles/ekf.dir/src/ekf.cpp.o[0m
[0.842s] [ 68%] Built target node1
[0.842s] [ 81%] Built target node2
[0.843s] [ 93%] Built target calculation
[8.199s] [100%] [32m[1mLinking CXX executable ekf[0m
[8.710s] [100%] Built target ekf
[8.726s] Invoked command in '/home/rohit/slam2/build/hello' returned '0': CMAKE_PREFIX_PATH=${CMAKE_PREFIX_PATH}:/home/rohit/iitb-racecar/install/racecar:/home/rohit/iitb-racecar/install/point_mass_pkg:/home/rohit/iitb-racecar/install/odom_cmd_pkg:/home/rohit/iitb-racecar/install/dynamic_bicycle_pkg:/home/rohit/ros2_ws/install/launch_testing_examples:/home/rohit/ros2_ws/install/examples_rclpy_pointcloud_publisher:/home/rohit/ros2_ws/install/examples_rclpy_minimal_subscriber:/home/rohit/ros2_ws/install/examples_rclpy_minimal_service:/home/rohit/ros2_ws/install/examples_rclpy_minimal_publisher:/home/rohit/ros2_ws/install/examples_rclpy_minimal_client:/home/rohit/ros2_ws/install/examples_rclpy_minimal_action_server:/home/rohit/ros2_ws/install/examples_rclpy_minimal_action_client:/home/rohit/ros2_ws/install/examples_rclpy_guard_conditions:/home/rohit/ros2_ws/install/examples_rclpy_executors:/home/rohit/install/py_pubsub:/home/rohit/install/package1:/home/rohit/install/pack1:/home/rohit/install/my_package:/home/rohit/install/launch_testing_examples:/home/rohit/install/examples_rclpy_pointcloud_publisher:/home/rohit/install/examples_rclpy_minimal_subscriber:/home/rohit/install/examples_rclpy_minimal_service:/home/rohit/install/examples_rclpy_minimal_publisher:/home/rohit/install/examples_rclpy_minimal_client:/home/rohit/install/examples_rclpy_minimal_action_server:/home/rohit/install/examples_rclpy_minimal_action_client:/home/rohit/install/examples_rclpy_guard_conditions:/home/rohit/install/examples_rclpy_executors:/home/rohit/install/eufs_launcher:/home/rohit/install/eufs_tracks:/home/rohit/install/eufs_rqt:/home/rohit/install/eufs_racecar:/home/rohit/module2.1/install/service_package:/home/rohit/module2.1/install/my_client_pkg:/home/rohit/2dof/install/pos:/home/rohit/assigndirectory/install/pack1:/home/rohit/mynode/install/package1:/opt/ros/humble /usr/bin/cmake --build /home/rohit/slam2/build/hello -- -j20 -l20
[8.737s] Invoking command in '/home/rohit/slam2/build/hello': CMAKE_PREFIX_PATH=${CMAKE_PREFIX_PATH}:/home/rohit/iitb-racecar/install/racecar:/home/rohit/iitb-racecar/install/point_mass_pkg:/home/rohit/iitb-racecar/install/odom_cmd_pkg:/home/rohit/iitb-racecar/install/dynamic_bicycle_pkg:/home/rohit/ros2_ws/install/launch_testing_examples:/home/rohit/ros2_ws/install/examples_rclpy_pointcloud_publisher:/home/rohit/ros2_ws/install/examples_rclpy_minimal_subscriber:/home/rohit/ros2_ws/install/examples_rclpy_minimal_service:/home/rohit/ros2_ws/install/examples_rclpy_minimal_publisher:/home/rohit/ros2_ws/install/examples_rclpy_minimal_client:/home/rohit/ros2_ws/install/examples_rclpy_minimal_action_server:/home/rohit/ros2_ws/install/examples_rclpy_minimal_action_client:/home/rohit/ros2_ws/install/examples_rclpy_guard_conditions:/home/rohit/ros2_ws/install/examples_rclpy_executors:/home/rohit/install/py_pubsub:/home/rohit/install/package1:/home/rohit/install/pack1:/home/rohit/install/my_package:/home/rohit/install/launch_testing_examples:/home/rohit/install/examples_rclpy_pointcloud_publisher:/home/rohit/install/examples_rclpy_minimal_subscriber:/home/rohit/install/examples_rclpy_minimal_service:/home/rohit/install/examples_rclpy_minimal_publisher:/home/rohit/install/examples_rclpy_minimal_client:/home/rohit/install/examples_rclpy_minimal_action_server:/home/rohit/install/examples_rclpy_minimal_action_client:/home/rohit/install/examples_rclpy_guard_conditions:/home/rohit/install/examples_rclpy_executors:/home/rohit/install/eufs_launcher:/home/rohit/install/eufs_tracks:/home/rohit/install/eufs_rqt:/home/rohit/install/eufs_racecar:/home/rohit/module2.1/install/service_package:/home/rohit/module2.1/install/my_client_pkg:/home/rohit/2dof/install/pos:/home/rohit/assigndirectory/install/pack1:/home/rohit/mynode/install/package1:/opt/ros/humble /usr/bin/cmake --install /home/rohit/slam2/build/hello
[8.748s] -- Install configuration: ""
[8.749s] -- Execute custom install script
[8.749s] -- Up-to-date symlink: /home/rohit/slam2/install/hello/lib/hello/node1
[8.749s] -- Up-to-date symlink: /home/rohit/slam2/install/hello/lib/hello/node2
[8.750s] -- Up-to-date symlink: /home/rohit/slam2/install/hello/lib/hello/calculation
[8.750s] -- Up-to-date symlink: /home/rohit/slam2/install/hello/lib/hello/ground_truth
[8.750s] -- Up-to-date symlink: /home/rohit/slam2/install/hello/lib/hello/ekf
[8.750s] -- Up-to-date symlink: /home/rohit/slam2/install/hello/lib/hello/v
[8.750s] -- Up-to-date symlink: /home/rohit/slam2/install/hello/lib/hello/actual
[8.751s] -- Up-to-date symlink: /home/rohit/slam2/install/hello/lib/hello/node
[8.751s] -- Up-to-date symlink: /home/rohit/slam2/install/hello/share/ament_index/resource_index/package_run_dependencies/hello
[8.751s] -- Up-to-date symlink: /home/rohit/slam2/install/hello/share/ament_index/resource_index/parent_prefix_path/hello
[8.751s] -- Up-to-date symlink: /home/rohit/slam2/install/hello/share/hello/environment/ament_prefix_path.sh
[8.752s] -- Up-to-date symlink: /home/rohit/slam2/install/hello/share/hello/environment/ament_prefix_path.dsv
[8.752s] -- Up-to-date symlink: /home/rohit/slam2/install/hello/share/hello/environment/path.sh
[8.752s] -- Up-to-date symlink: /home/rohit/slam2/install/hello/share/hello/environment/path.dsv
[8.752s] -- Up-to-date symlink: /home/rohit/slam2/install/hello/share/hello/local_setup.bash
[8.752s] -- Up-to-date symlink: /home/rohit/slam2/install/hello/share/hello/local_setup.sh
[8.753s] -- Up-to-date symlink: /home/rohit/slam2/install/hello/share/hello/local_setup.zsh
[8.753s] -- Up-to-date symlink: /home/rohit/slam2/install/hello/share/hello/local_setup.dsv
[8.753s] -- Symlinking: /home/rohit/slam2/install/hello/share/hello/package.dsv
[8.762s] -- Up-to-date symlink: /home/rohit/slam2/install/hello/share/ament_index/resource_index/packages/hello
[8.763s] -- Up-to-date symlink: /home/rohit/slam2/install/hello/share/hello/cmake/helloConfig.cmake
[8.763s] -- Up-to-date symlink: /home/rohit/slam2/install/hello/share/hello/cmake/helloConfig-version.cmake
[8.763s] -- Up-to-date symlink: /home/rohit/slam2/install/hello/share/hello/package.xml
[8.765s] Invoked command in '/home/rohit/slam2/build/hello' returned '0': CMAKE_PREFIX_PATH=${CMAKE_PREFIX_PATH}:/home/rohit/iitb-racecar/install/racecar:/home/rohit/iitb-racecar/install/point_mass_pkg:/home/rohit/iitb-racecar/install/odom_cmd_pkg:/home/rohit/iitb-racecar/install/dynamic_bicycle_pkg:/home/rohit/ros2_ws/install/launch_testing_examples:/home/rohit/ros2_ws/install/examples_rclpy_pointcloud_publisher:/home/rohit/ros2_ws/install/examples_rclpy_minimal_subscriber:/home/rohit/ros2_ws/install/examples_rclpy_minimal_service:/home/rohit/ros2_ws/install/examples_rclpy_minimal_publisher:/home/rohit/ros2_ws/install/examples_rclpy_minimal_client:/home/rohit/ros2_ws/install/examples_rclpy_minimal_action_server:/home/rohit/ros2_ws/install/examples_rclpy_minimal_action_client:/home/rohit/ros2_ws/install/examples_rclpy_guard_conditions:/home/rohit/ros2_ws/install/examples_rclpy_executors:/home/rohit/install/py_pubsub:/home/rohit/install/package1:/home/rohit/install/pack1:/home/rohit/install/my_package:/home/rohit/install/launch_testing_examples:/home/rohit/install/examples_rclpy_pointcloud_publisher:/home/rohit/install/examples_rclpy_minimal_subscriber:/home/rohit/install/examples_rclpy_minimal_service:/home/rohit/install/examples_rclpy_minimal_publisher:/home/rohit/install/examples_rclpy_minimal_client:/home/rohit/install/examples_rclpy_minimal_action_server:/home/rohit/install/examples_rclpy_minimal_action_client:/home/rohit/install/examples_rclpy_guard_conditions:/home/rohit/install/examples_rclpy_executors:/home/rohit/install/eufs_launcher:/home/rohit/install/eufs_tracks:/home/rohit/install/eufs_rqt:/home/rohit/install/eufs_racecar:/home/rohit/module2.1/install/service_package:/home/rohit/module2.1/install/my_client_pkg:/home/rohit/2dof/install/pos:/home/rohit/assigndirectory/install/pack1:/home/rohit/mynode/install/package1:/opt/ros/humble /usr/bin/cmake --install /home/rohit/slam2/build/hello
