[35m[1mConsolidate compiler generated dependencies of target actual[0m
[ 20%] Built target v
[ 40%] Built target node1
[ 60%] Built target node
[ 80%] Built target node2
[ 90%] [32mBuilding CXX object CMakeFiles/actual.dir/src/actual.cpp.o[0m
[100%] [32m[1mLinking CXX executable actual[0m
[100%] Built target actual
-- Install configuration: ""
-- Up-to-date: /home/rohit/slam2/install/hello/lib/hello/node1
-- Up-to-date: /home/rohit/slam2/install/hello/lib/hello/node2
-- Up-to-date: /home/rohit/slam2/install/hello/lib/hello/v
-- Installing: /home/rohit/slam2/install/hello/lib/hello/actual
-- Set runtime path of "/home/rohit/slam2/install/hello/lib/hello/actual" to ""
-- Up-to-date: /home/rohit/slam2/install/hello/lib/hello/node
-- Up-to-date: /home/rohit/slam2/install/hello/share/ament_index/resource_index/package_run_dependencies/hello
-- Up-to-date: /home/rohit/slam2/install/hello/share/ament_index/resource_index/parent_prefix_path/hello
-- Up-to-date: /home/rohit/slam2/install/hello/share/hello/environment/ament_prefix_path.sh
-- Up-to-date: /home/rohit/slam2/install/hello/share/hello/environment/ament_prefix_path.dsv
-- Up-to-date: /home/rohit/slam2/install/hello/share/hello/environment/path.sh
-- Up-to-date: /home/rohit/slam2/install/hello/share/hello/environment/path.dsv
-- Up-to-date: /home/rohit/slam2/install/hello/share/hello/local_setup.bash
-- Up-to-date: /home/rohit/slam2/install/hello/share/hello/local_setup.sh
-- Up-to-date: /home/rohit/slam2/install/hello/share/hello/local_setup.zsh
-- Up-to-date: /home/rohit/slam2/install/hello/share/hello/local_setup.dsv
-- Installing: /home/rohit/slam2/install/hello/share/hello/package.dsv
-- Up-to-date: /home/rohit/slam2/install/hello/share/ament_index/resource_index/packages/hello
-- Up-to-date: /home/rohit/slam2/install/hello/share/hello/cmake/helloConfig.cmake
-- Up-to-date: /home/rohit/slam2/install/hello/share/hello/cmake/helloConfig-version.cmake
-- Up-to-date: /home/rohit/slam2/install/hello/share/hello/package.xml
