[0.012s] Invoking command in '/home/rohit/slam2/build/hello': CMAKE_PREFIX_PATH=${CMAKE_PREFIX_PATH}:/home/rohit/iitb-racecar/install/racecar:/home/rohit/iitb-racecar/install/point_mass_pkg:/home/rohit/iitb-racecar/install/odom_cmd_pkg:/home/rohit/iitb-racecar/install/dynamic_bicycle_pkg:/home/rohit/ros2_ws/install/launch_testing_examples:/home/rohit/ros2_ws/install/examples_rclpy_pointcloud_publisher:/home/rohit/ros2_ws/install/examples_rclpy_minimal_subscriber:/home/rohit/ros2_ws/install/examples_rclpy_minimal_service:/home/rohit/ros2_ws/install/examples_rclpy_minimal_publisher:/home/rohit/ros2_ws/install/examples_rclpy_minimal_client:/home/rohit/ros2_ws/install/examples_rclpy_minimal_action_server:/home/rohit/ros2_ws/install/examples_rclpy_minimal_action_client:/home/rohit/ros2_ws/install/examples_rclpy_guard_conditions:/home/rohit/ros2_ws/install/examples_rclpy_executors:/home/rohit/install/py_pubsub:/home/rohit/install/package1:/home/rohit/install/pack1:/home/rohit/install/my_package:/home/rohit/install/launch_testing_examples:/home/rohit/install/examples_rclpy_pointcloud_publisher:/home/rohit/install/examples_rclpy_minimal_subscriber:/home/rohit/install/examples_rclpy_minimal_service:/home/rohit/install/examples_rclpy_minimal_publisher:/home/rohit/install/examples_rclpy_minimal_client:/home/rohit/install/examples_rclpy_minimal_action_server:/home/rohit/install/examples_rclpy_minimal_action_client:/home/rohit/install/examples_rclpy_guard_conditions:/home/rohit/install/examples_rclpy_executors:/home/rohit/install/eufs_launcher:/home/rohit/install/eufs_tracks:/home/rohit/install/eufs_rqt:/home/rohit/install/eufs_racecar:/home/rohit/module2.1/install/service_package:/home/rohit/module2.1/install/my_client_pkg:/home/rohit/2dof/install/pos:/home/rohit/assigndirectory/install/pack1:/home/rohit/mynode/install/package1:/opt/ros/humble /usr/bin/cmake --build /home/rohit/slam2/build/hello -- -j20 -l20
[0.096s] [  6%] [32mBuilding CXX object CMakeFiles/ekf.dir/src/ekf.cpp.o[0m
[0.096s] [ 18%] Built target node1
[0.097s] [ 31%] Built target node2
[0.097s] [ 43%] Built target v
[0.100s] [ 56%] Built target actual
[0.100s] [ 68%] Built target node
[0.101s] [ 81%] Built target calculation
[0.102s] [ 93%] Built target ground_truth
[1.585s] [01m[K/home/rohit/slam2/src/hello/src/ekf.cpp:[m[K In member function ‘[01m[Kvoid Pose2DSubscriber::publishMarkerArray(const std::vector<std::vector<double, std::allocator<double> > >&, rclcpp::Publisher<visualization_msgs::msg::MarkerArray_<std::allocator<void> > >::SharedPtr, rclcpp::Node*, int, std::vector<double, std::allocator<double> >)[m[K’:
[1.585s] [01m[K/home/rohit/slam2/src/hello/src/ekf.cpp:71:9:[m[K [01;35m[Kwarning: [m[Kunused parameter ‘[01m[Kdel_markers[m[K’ [[01;35m[K]8;;https://gcc.gnu.org/onlinedocs/gcc/Warning-Options.html#index-Wunused-parameter-Wunused-parameter]8;;[m[K]
[1.585s]    71 |     [01;35m[Kint del_markers = 0[m[K,
[1.586s]       |     [01;35m[K~~~~^~~~~~~~~~~~~~~[m[K
[7.368s] [100%] [32m[1mLinking CXX executable ekf[0m
[7.768s] [100%] Built target ekf
[7.780s] Invoked command in '/home/rohit/slam2/build/hello' returned '0': CMAKE_PREFIX_PATH=${CMAKE_PREFIX_PATH}:/home/rohit/iitb-racecar/install/racecar:/home/rohit/iitb-racecar/install/point_mass_pkg:/home/rohit/iitb-racecar/install/odom_cmd_pkg:/home/rohit/iitb-racecar/install/dynamic_bicycle_pkg:/home/rohit/ros2_ws/install/launch_testing_examples:/home/rohit/ros2_ws/install/examples_rclpy_pointcloud_publisher:/home/rohit/ros2_ws/install/examples_rclpy_minimal_subscriber:/home/rohit/ros2_ws/install/examples_rclpy_minimal_service:/home/rohit/ros2_ws/install/examples_rclpy_minimal_publisher:/home/rohit/ros2_ws/install/examples_rclpy_minimal_client:/home/rohit/ros2_ws/install/examples_rclpy_minimal_action_server:/home/rohit/ros2_ws/install/examples_rclpy_minimal_action_client:/home/rohit/ros2_ws/install/examples_rclpy_guard_conditions:/home/rohit/ros2_ws/install/examples_rclpy_executors:/home/rohit/install/py_pubsub:/home/rohit/install/package1:/home/rohit/install/pack1:/home/rohit/install/my_package:/home/rohit/install/launch_testing_examples:/home/rohit/install/examples_rclpy_pointcloud_publisher:/home/rohit/install/examples_rclpy_minimal_subscriber:/home/rohit/install/examples_rclpy_minimal_service:/home/rohit/install/examples_rclpy_minimal_publisher:/home/rohit/install/examples_rclpy_minimal_client:/home/rohit/install/examples_rclpy_minimal_action_server:/home/rohit/install/examples_rclpy_minimal_action_client:/home/rohit/install/examples_rclpy_guard_conditions:/home/rohit/install/examples_rclpy_executors:/home/rohit/install/eufs_launcher:/home/rohit/install/eufs_tracks:/home/rohit/install/eufs_rqt:/home/rohit/install/eufs_racecar:/home/rohit/module2.1/install/service_package:/home/rohit/module2.1/install/my_client_pkg:/home/rohit/2dof/install/pos:/home/rohit/assigndirectory/install/pack1:/home/rohit/mynode/install/package1:/opt/ros/humble /usr/bin/cmake --build /home/rohit/slam2/build/hello -- -j20 -l20
[7.791s] Invoking command in '/home/rohit/slam2/build/hello': CMAKE_PREFIX_PATH=${CMAKE_PREFIX_PATH}:/home/rohit/iitb-racecar/install/racecar:/home/rohit/iitb-racecar/install/point_mass_pkg:/home/rohit/iitb-racecar/install/odom_cmd_pkg:/home/rohit/iitb-racecar/install/dynamic_bicycle_pkg:/home/rohit/ros2_ws/install/launch_testing_examples:/home/rohit/ros2_ws/install/examples_rclpy_pointcloud_publisher:/home/rohit/ros2_ws/install/examples_rclpy_minimal_subscriber:/home/rohit/ros2_ws/install/examples_rclpy_minimal_service:/home/rohit/ros2_ws/install/examples_rclpy_minimal_publisher:/home/rohit/ros2_ws/install/examples_rclpy_minimal_client:/home/rohit/ros2_ws/install/examples_rclpy_minimal_action_server:/home/rohit/ros2_ws/install/examples_rclpy_minimal_action_client:/home/rohit/ros2_ws/install/examples_rclpy_guard_conditions:/home/rohit/ros2_ws/install/examples_rclpy_executors:/home/rohit/install/py_pubsub:/home/rohit/install/package1:/home/rohit/install/pack1:/home/rohit/install/my_package:/home/rohit/install/launch_testing_examples:/home/rohit/install/examples_rclpy_pointcloud_publisher:/home/rohit/install/examples_rclpy_minimal_subscriber:/home/rohit/install/examples_rclpy_minimal_service:/home/rohit/install/examples_rclpy_minimal_publisher:/home/rohit/install/examples_rclpy_minimal_client:/home/rohit/install/examples_rclpy_minimal_action_server:/home/rohit/install/examples_rclpy_minimal_action_client:/home/rohit/install/examples_rclpy_guard_conditions:/home/rohit/install/examples_rclpy_executors:/home/rohit/install/eufs_launcher:/home/rohit/install/eufs_tracks:/home/rohit/install/eufs_rqt:/home/rohit/install/eufs_racecar:/home/rohit/module2.1/install/service_package:/home/rohit/module2.1/install/my_client_pkg:/home/rohit/2dof/install/pos:/home/rohit/assigndirectory/install/pack1:/home/rohit/mynode/install/package1:/opt/ros/humble /usr/bin/cmake --install /home/rohit/slam2/build/hello
[7.801s] -- Install configuration: ""
[7.801s] -- Execute custom install script
[7.801s] -- Up-to-date symlink: /home/rohit/slam2/install/hello/lib/hello/node1
[7.801s] -- Up-to-date symlink: /home/rohit/slam2/install/hello/lib/hello/node2
[7.802s] -- Up-to-date symlink: /home/rohit/slam2/install/hello/lib/hello/calculation
[7.802s] -- Up-to-date symlink: /home/rohit/slam2/install/hello/lib/hello/ground_truth
[7.802s] -- Up-to-date symlink: /home/rohit/slam2/install/hello/lib/hello/ekf
[7.802s] -- Up-to-date symlink: /home/rohit/slam2/install/hello/lib/hello/v
[7.802s] -- Up-to-date symlink: /home/rohit/slam2/install/hello/lib/hello/actual
[7.802s] -- Up-to-date symlink: /home/rohit/slam2/install/hello/lib/hello/node
[7.802s] -- Up-to-date symlink: /home/rohit/slam2/install/hello/share/ament_index/resource_index/package_run_dependencies/hello
[7.802s] -- Up-to-date symlink: /home/rohit/slam2/install/hello/share/ament_index/resource_index/parent_prefix_path/hello
[7.802s] -- Up-to-date symlink: /home/rohit/slam2/install/hello/share/hello/environment/ament_prefix_path.sh
[7.803s] -- Up-to-date symlink: /home/rohit/slam2/install/hello/share/hello/environment/ament_prefix_path.dsv
[7.803s] -- Up-to-date symlink: /home/rohit/slam2/install/hello/share/hello/environment/path.sh
[7.803s] -- Up-to-date symlink: /home/rohit/slam2/install/hello/share/hello/environment/path.dsv
[7.803s] -- Up-to-date symlink: /home/rohit/slam2/install/hello/share/hello/local_setup.bash
[7.803s] -- Up-to-date symlink: /home/rohit/slam2/install/hello/share/hello/local_setup.sh
[7.803s] -- Up-to-date symlink: /home/rohit/slam2/install/hello/share/hello/local_setup.zsh
[7.803s] -- Up-to-date symlink: /home/rohit/slam2/install/hello/share/hello/local_setup.dsv
[7.803s] -- Symlinking: /home/rohit/slam2/install/hello/share/hello/package.dsv
[7.814s] -- Up-to-date symlink: /home/rohit/slam2/install/hello/share/ament_index/resource_index/packages/hello
[7.815s] -- Up-to-date symlink: /home/rohit/slam2/install/hello/share/hello/cmake/helloConfig.cmake
[7.815s] -- Up-to-date symlink: /home/rohit/slam2/install/hello/share/hello/cmake/helloConfig-version.cmake
[7.815s] -- Up-to-date symlink: /home/rohit/slam2/install/hello/share/hello/package.xml
[7.817s] Invoked command in '/home/rohit/slam2/build/hello' returned '0': CMAKE_PREFIX_PATH=${CMAKE_PREFIX_PATH}:/home/rohit/iitb-racecar/install/racecar:/home/rohit/iitb-racecar/install/point_mass_pkg:/home/rohit/iitb-racecar/install/odom_cmd_pkg:/home/rohit/iitb-racecar/install/dynamic_bicycle_pkg:/home/rohit/ros2_ws/install/launch_testing_examples:/home/rohit/ros2_ws/install/examples_rclpy_pointcloud_publisher:/home/rohit/ros2_ws/install/examples_rclpy_minimal_subscriber:/home/rohit/ros2_ws/install/examples_rclpy_minimal_service:/home/rohit/ros2_ws/install/examples_rclpy_minimal_publisher:/home/rohit/ros2_ws/install/examples_rclpy_minimal_client:/home/rohit/ros2_ws/install/examples_rclpy_minimal_action_server:/home/rohit/ros2_ws/install/examples_rclpy_minimal_action_client:/home/rohit/ros2_ws/install/examples_rclpy_guard_conditions:/home/rohit/ros2_ws/install/examples_rclpy_executors:/home/rohit/install/py_pubsub:/home/rohit/install/package1:/home/rohit/install/pack1:/home/rohit/install/my_package:/home/rohit/install/launch_testing_examples:/home/rohit/install/examples_rclpy_pointcloud_publisher:/home/rohit/install/examples_rclpy_minimal_subscriber:/home/rohit/install/examples_rclpy_minimal_service:/home/rohit/install/examples_rclpy_minimal_publisher:/home/rohit/install/examples_rclpy_minimal_client:/home/rohit/install/examples_rclpy_minimal_action_server:/home/rohit/install/examples_rclpy_minimal_action_client:/home/rohit/install/examples_rclpy_guard_conditions:/home/rohit/install/examples_rclpy_executors:/home/rohit/install/eufs_launcher:/home/rohit/install/eufs_tracks:/home/rohit/install/eufs_rqt:/home/rohit/install/eufs_racecar:/home/rohit/module2.1/install/service_package:/home/rohit/module2.1/install/my_client_pkg:/home/rohit/2dof/install/pos:/home/rohit/assigndirectory/install/pack1:/home/rohit/mynode/install/package1:/opt/ros/humble /usr/bin/cmake --install /home/rohit/slam2/build/hello
