[35m[1mConsolidate compiler generated dependencies of target update_ekf[0m
[ 11%] Built target ground_truth
[ 22%] Built target ekf
[ 33%] Built target node1
[ 44%] Built target v
[ 55%] Built target node2
[ 66%] Built target calculation
[ 77%] Built target node
[ 88%] Built target actual
[ 94%] [32mBuilding CXX object CMakeFiles/update_ekf.dir/src/update_ekf.cpp.o[0m
[01m[K/home/rohit/slam2/src/hello/src/update_ekf.cpp:104:25:[m[K [01;31m[Kerror: [m[Kredeclaration of ‘[01m[Kbool EKFLocalizer::initialized_[m[K’
  104 |     bool initialized_ = [01;31m[Kfalse[m[K;
      |                         [01;31m[K^~~~~[m[K
[01m[K/home/rohit/slam2/src/hello/src/update_ekf.cpp:97:10:[m[K [01;36m[Knote: [m[Kprevious declaration ‘[01m[Kbool EKFLocalizer::initialized_[m[K’
   97 |     bool [01;36m[Kinitialized_[m[K = false;
      |          [01;36m[K^~~~~~~~~~~~[m[K
[01m[K/home/rohit/slam2/src/hello/src/update_ekf.cpp:[m[K In member function ‘[01m[Kvoid EKFLocalizer::yawRateCallback(std_msgs::msg::Float64_<std::allocator<void> >::SharedPtr)[m[K’:
[01m[K/home/rohit/slam2/src/hello/src/update_ekf.cpp:147:66:[m[K [01;35m[Kwarning: [m[Kunused parameter ‘[01m[Kmsg[m[K’ [[01;35m[K]8;;https://gcc.gnu.org/onlinedocs/gcc/Warning-Options.html#index-Wunused-parameter-Wunused-parameter]8;;[m[K]
  147 |     void yawRateCallback([01;35m[Kconst std_msgs::msg::Float64::SharedPtr msg[m[K)
      |                          [01;35m[K~~~~~~~~~~~~~~~~~~~~~~~~~~~~~~~~~~~~~~~~^~~[m[K
gmake[2]: *** [CMakeFiles/update_ekf.dir/build.make:76: CMakeFiles/update_ekf.dir/src/update_ekf.cpp.o] Error 1
gmake[1]: *** [CMakeFiles/Makefile2:205: CMakeFiles/update_ekf.dir/all] Error 2
gmake: *** [Makefile:146: all] Error 2
